Nightly cache start: 2026-02-27T104936Z
REPO_ROOT: /home/runner/work/data_cache/data_cache
DATA_CACHE_DIR: /home/runner/work/data_cache/data_cache/data_cache
Symbols sources: ['sp500_constituents.csv', 'nasdaq100_with_baseline.csv', 'custom_universe_with_sector_baselines.csv', 'russell1000_universe.csv']
FINNHUB key present: True len=40
Rate limit config: MAX_CALLS_PER_MIN=30 SLEEP_ON_MINUTE=75s
YFinance available: True
Macro calendar saved: /home/runner/work/data_cache/data_cache/data_cache/macro_calendar/macro_calendar.csv rows=57 years=[2026, 2027]
Total symbols to cache: 1146
[bucket] calls=30 elapsed=11.6s -> sleep 75s
[bucket] calls=30 elapsed=13.2s -> sleep 75s
[bucket] calls=30 elapsed=11.4s -> sleep 75s
[progress] 50/1146 recs ok=42 err=8 429=0 | earn ok=14 err=36 429=0
[bucket] calls=30 elapsed=11.6s -> sleep 75s
[bucket] calls=30 elapsed=11.0s -> sleep 75s
[bucket] calls=30 elapsed=11.9s -> sleep 75s
[progress] 100/1146 recs ok=76 err=24 429=0 | earn ok=31 err=69 429=0
[bucket] calls=30 elapsed=12.1s -> sleep 75s
[bucket] calls=30 elapsed=11.1s -> sleep 75s
[bucket] calls=30 elapsed=11.9s -> sleep 75s
[progress] 150/1146 recs ok=116 err=34 429=0 | earn ok=56 err=94 429=0
[bucket] calls=30 elapsed=10.9s -> sleep 75s
[bucket] calls=30 elapsed=11.5s -> sleep 75s
[bucket] calls=30 elapsed=11.5s -> sleep 75s
[bucket] calls=30 elapsed=11.4s -> sleep 75s
[progress] 200/1146 recs ok=154 err=46 429=0 | earn ok=76 err=124 429=0
[bucket] calls=30 elapsed=10.7s -> sleep 75s
[bucket] calls=30 elapsed=11.5s -> sleep 75s
[bucket] calls=30 elapsed=11.3s -> sleep 75s
[progress] 250/1146 recs ok=191 err=59 429=0 | earn ok=93 err=157 429=0
[bucket] calls=30 elapsed=11.1s -> sleep 75s
[bucket] calls=30 elapsed=11.9s -> sleep 75s
[bucket] calls=30 elapsed=11.5s -> sleep 75s
[progress] 300/1146 recs ok=228 err=72 429=0 | earn ok=106 err=194 429=0
[bucket] calls=30 elapsed=11.1s -> sleep 75s
[bucket] calls=30 elapsed=11.9s -> sleep 75s
[bucket] calls=30 elapsed=12.0s -> sleep 75s
[bucket] calls=30 elapsed=11.7s -> sleep 75s
[progress] 350/1146 recs ok=264 err=86 429=0 | earn ok=123 err=227 429=0
[bucket] calls=30 elapsed=11.7s -> sleep 75s
[bucket] calls=30 elapsed=12.2s -> sleep 75s
[bucket] calls=30 elapsed=11.5s -> sleep 75s
[progress] 400/1146 recs ok=302 err=98 429=0 | earn ok=146 err=254 429=0
[bucket] calls=30 elapsed=11.7s -> sleep 75s
[bucket] calls=30 elapsed=11.2s -> sleep 75s
[bucket] calls=30 elapsed=12.4s -> sleep 75s
[progress] 450/1146 recs ok=336 err=114 429=0 | earn ok=169 err=281 429=0
[bucket] calls=30 elapsed=12.0s -> sleep 75s
[bucket] calls=30 elapsed=11.4s -> sleep 75s
[bucket] calls=30 elapsed=11.2s -> sleep 75s
[bucket] calls=30 elapsed=11.3s -> sleep 75s
[progress] 500/1146 recs ok=369 err=131 429=0 | earn ok=185 err=315 429=0
[bucket] calls=30 elapsed=12.2s -> sleep 75s
[bucket] calls=30 elapsed=12.5s -> sleep 75s
[bucket] calls=30 elapsed=11.8s -> sleep 75s
[progress] 550/1146 recs ok=407 err=143 429=0 | earn ok=200 err=350 429=0
[bucket] calls=30 elapsed=11.6s -> sleep 75s
[bucket] calls=30 elapsed=14.1s -> sleep 75s
[bucket] calls=30 elapsed=12.1s -> sleep 75s
[progress] 600/1146 recs ok=447 err=153 429=0 | earn ok=218 err=382 429=0
[bucket] calls=30 elapsed=12.0s -> sleep 75s
[bucket] calls=30 elapsed=12.7s -> sleep 75s
[bucket] calls=30 elapsed=11.7s -> sleep 75s
[bucket] calls=30 elapsed=11.3s -> sleep 75s
[progress] 650/1146 recs ok=481 err=169 429=0 | earn ok=232 err=418 429=0
[bucket] calls=30 elapsed=11.5s -> sleep 75s
[bucket] calls=30 elapsed=12.1s -> sleep 75s
[bucket] calls=30 elapsed=11.4s -> sleep 75s
[progress] 700/1146 recs ok=520 err=180 429=0 | earn ok=251 err=449 429=0
[bucket] calls=30 elapsed=11.6s -> sleep 75s
[bucket] calls=30 elapsed=11.6s -> sleep 75s
[bucket] calls=30 elapsed=11.6s -> sleep 75s
[progress] 750/1146 recs ok=556 err=194 429=0 | earn ok=271 err=479 429=0
[bucket] calls=30 elapsed=13.2s -> sleep 75s
[bucket] calls=30 elapsed=12.0s -> sleep 75s
[bucket] calls=30 elapsed=11.6s -> sleep 75s
[bucket] calls=30 elapsed=11.5s -> sleep 75s
[progress] 800/1146 recs ok=594 err=206 429=0 | earn ok=295 err=505 429=0
[bucket] calls=30 elapsed=12.5s -> sleep 75s
[bucket] calls=30 elapsed=11.5s -> sleep 75s
[bucket] calls=30 elapsed=13.8s -> sleep 75s
[progress] 850/1146 recs ok=628 err=222 429=0 | earn ok=314 err=536 429=0
[bucket] calls=30 elapsed=11.8s -> sleep 75s
[bucket] calls=30 elapsed=12.0s -> sleep 75s
[bucket] calls=30 elapsed=12.0s -> sleep 75s
[progress] 900/1146 recs ok=665 err=235 429=0 | earn ok=341 err=559 429=0
[bucket] calls=30 elapsed=12.3s -> sleep 75s
[bucket] calls=30 elapsed=12.1s -> sleep 75s
[bucket] calls=30 elapsed=12.0s -> sleep 75s
[bucket] calls=30 elapsed=12.0s -> sleep 75s
[progress] 950/1146 recs ok=700 err=250 429=0 | earn ok=358 err=592 429=0
[bucket] calls=30 elapsed=11.7s -> sleep 75s
[bucket] calls=30 elapsed=11.7s -> sleep 75s
[bucket] calls=30 elapsed=12.4s -> sleep 75s
[progress] 1000/1146 recs ok=735 err=265 429=0 | earn ok=373 err=627 429=0
[bucket] calls=30 elapsed=12.1s -> sleep 75s
[bucket] calls=30 elapsed=11.6s -> sleep 75s
[bucket] calls=30 elapsed=12.1s -> sleep 75s
[progress] 1050/1146 recs ok=770 err=280 429=0 | earn ok=391 err=659 429=0
[bucket] calls=30 elapsed=11.4s -> sleep 75s
[bucket] calls=30 elapsed=11.9s -> sleep 75s
[bucket] calls=30 elapsed=11.8s -> sleep 75s
[bucket] calls=30 elapsed=11.6s -> sleep 75s
[progress] 1100/1146 recs ok=805 err=295 429=0 | earn ok=412 err=688 429=0
[bucket] calls=30 elapsed=12.2s -> sleep 75s
[bucket] calls=30 elapsed=12.5s -> sleep 75s
[bucket] calls=30 elapsed=12.2s -> sleep 75s
Nightly cache done.
Recs: ok=835 err=311 429=0
Earnings: ok=423 err=723 429=0
Finnhub cached under: /home/runner/work/data_cache/data_cache/data_cache/finnhub_recs/2026-02-27/ and /latest/
Earnings cached under: /home/runner/work/data_cache/data_cache/data_cache/earnings/2026-02-27/ and /latest/
Macro cached under: /home/runner/work/data_cache/data_cache/data_cache/macro_calendar/macro_calendar.csv
Log saved: /home/runner/work/data_cache/data_cache/logs/nightly_cache_2026-02-27T104936Z.log
