Nightly cache start: 2026-03-15T103931Z
REPO_ROOT: /home/runner/work/data_cache/data_cache
DATA_CACHE_DIR: /home/runner/work/data_cache/data_cache/data_cache
Symbols sources: ['sp500_constituents.csv', 'nasdaq100_with_baseline.csv', 'custom_universe_with_sector_baselines.csv', 'russell1000_universe.csv']
FINNHUB key present: True len=40
Rate limit config: MAX_CALLS_PER_MIN=30 SLEEP_ON_MINUTE=75s
YFinance available: True
Macro calendar saved: /home/runner/work/data_cache/data_cache/data_cache/macro_calendar/macro_calendar.csv rows=57 years=[2026, 2027]
Total symbols to cache: 1146
[bucket] calls=30 elapsed=35.9s -> sleep 75s
[bucket] calls=30 elapsed=18.0s -> sleep 75s
[bucket] calls=30 elapsed=39.0s -> sleep 75s
[progress] 50/1146 recs ok=42 err=8 429=0 | earn ok=32 err=18 429=0
[bucket] calls=30 elapsed=17.9s -> sleep 75s
[bucket] calls=30 elapsed=39.7s -> sleep 75s
[bucket] calls=30 elapsed=36.9s -> sleep 75s
[progress] 100/1146 recs ok=75 err=25 429=0 | earn ok=62 err=38 429=0
[bucket] calls=30 elapsed=52.1s -> sleep 75s
[bucket] calls=30 elapsed=27.8s -> sleep 75s
[bucket] calls=30 elapsed=24.7s -> sleep 75s
[progress] 150/1146 recs ok=115 err=35 429=0 | earn ok=96 err=54 429=0
[bucket] calls=30 elapsed=22.2s -> sleep 75s
[bucket] calls=30 elapsed=17.6s -> sleep 75s
[bucket] calls=30 elapsed=56.3s -> sleep 75s
[bucket] calls=30 elapsed=15.6s -> sleep 75s
[progress] 200/1146 recs ok=153 err=47 429=0 | earn ok=132 err=68 429=0
[bucket] calls=30 elapsed=15.1s -> sleep 75s
[bucket] calls=30 elapsed=16.4s -> sleep 75s
[bucket] calls=30 elapsed=15.3s -> sleep 75s
[progress] 250/1146 recs ok=190 err=60 429=0 | earn ok=163 err=87 429=0
[bucket] calls=30 elapsed=14.8s -> sleep 75s
[bucket] calls=30 elapsed=16.6s -> sleep 75s
[bucket] calls=30 elapsed=14.8s -> sleep 75s
[progress] 300/1146 recs ok=227 err=73 429=0 | earn ok=190 err=110 429=0
[bucket] calls=30 elapsed=14.9s -> sleep 75s
[bucket] calls=30 elapsed=14.5s -> sleep 75s
[bucket] calls=30 elapsed=15.1s -> sleep 75s
[bucket] calls=30 elapsed=14.1s -> sleep 75s
[progress] 350/1146 recs ok=263 err=87 429=0 | earn ok=221 err=129 429=0
[bucket] calls=30 elapsed=14.2s -> sleep 75s
[bucket] calls=30 elapsed=14.4s -> sleep 75s
[bucket] calls=30 elapsed=14.9s -> sleep 75s
[progress] 400/1146 recs ok=301 err=99 429=0 | earn ok=259 err=141 429=0
[bucket] calls=30 elapsed=15.7s -> sleep 75s
[bucket] calls=30 elapsed=15.5s -> sleep 75s
[bucket] calls=30 elapsed=15.3s -> sleep 75s
[progress] 450/1146 recs ok=335 err=115 429=0 | earn ok=289 err=161 429=0
[bucket] calls=30 elapsed=16.5s -> sleep 75s
[bucket] calls=30 elapsed=15.4s -> sleep 75s
[bucket] calls=30 elapsed=15.5s -> sleep 75s
[bucket] calls=30 elapsed=15.8s -> sleep 75s
[progress] 500/1146 recs ok=368 err=132 429=0 | earn ok=315 err=185 429=0
[bucket] calls=30 elapsed=16.0s -> sleep 75s
[bucket] calls=30 elapsed=15.5s -> sleep 75s
[bucket] calls=30 elapsed=14.8s -> sleep 75s
[progress] 550/1146 recs ok=406 err=144 429=0 | earn ok=351 err=199 429=0
[bucket] calls=30 elapsed=17.0s -> sleep 75s
[bucket] calls=30 elapsed=15.6s -> sleep 75s
[bucket] calls=30 elapsed=15.7s -> sleep 75s
[progress] 600/1146 recs ok=446 err=154 429=0 | earn ok=387 err=213 429=0
[bucket] calls=30 elapsed=15.4s -> sleep 75s
[bucket] calls=30 elapsed=15.3s -> sleep 75s
[bucket] calls=30 elapsed=16.2s -> sleep 75s
[bucket] calls=30 elapsed=15.2s -> sleep 75s
[progress] 650/1146 recs ok=481 err=169 429=0 | earn ok=416 err=234 429=0
[bucket] calls=30 elapsed=14.4s -> sleep 75s
[bucket] calls=30 elapsed=15.3s -> sleep 75s
[bucket] calls=30 elapsed=14.8s -> sleep 75s
[progress] 700/1146 recs ok=520 err=180 429=0 | earn ok=450 err=250 429=0
[bucket] calls=30 elapsed=14.5s -> sleep 75s
[bucket] calls=30 elapsed=15.1s -> sleep 75s
[bucket] calls=30 elapsed=16.4s -> sleep 75s
[progress] 750/1146 recs ok=556 err=194 429=0 | earn ok=481 err=269 429=0
[bucket] calls=30 elapsed=15.0s -> sleep 75s
[bucket] calls=30 elapsed=16.3s -> sleep 75s
[bucket] calls=30 elapsed=14.8s -> sleep 75s
[bucket] calls=30 elapsed=14.8s -> sleep 75s
[progress] 800/1146 recs ok=594 err=206 429=0 | earn ok=515 err=285 429=0
[bucket] calls=30 elapsed=14.5s -> sleep 75s
[bucket] calls=30 elapsed=15.7s -> sleep 75s
[bucket] calls=30 elapsed=15.5s -> sleep 75s
[progress] 850/1146 recs ok=628 err=222 429=0 | earn ok=545 err=305 429=0
[bucket] calls=30 elapsed=15.3s -> sleep 75s
[bucket] calls=30 elapsed=15.3s -> sleep 75s
[bucket] calls=30 elapsed=14.5s -> sleep 75s
[progress] 900/1146 recs ok=665 err=235 429=0 | earn ok=576 err=324 429=0
[bucket] calls=30 elapsed=14.2s -> sleep 75s
[bucket] calls=30 elapsed=17.7s -> sleep 75s
[bucket] calls=30 elapsed=15.3s -> sleep 75s
[bucket] calls=30 elapsed=15.6s -> sleep 75s
[progress] 950/1146 recs ok=700 err=250 429=0 | earn ok=606 err=344 429=0
[bucket] calls=30 elapsed=14.2s -> sleep 75s
[bucket] calls=30 elapsed=15.5s -> sleep 75s
[bucket] calls=30 elapsed=16.0s -> sleep 75s
[progress] 1000/1146 recs ok=735 err=265 429=0 | earn ok=634 err=366 429=0
[bucket] calls=30 elapsed=15.2s -> sleep 75s
[bucket] calls=30 elapsed=14.9s -> sleep 75s
[bucket] calls=30 elapsed=15.4s -> sleep 75s
[progress] 1050/1146 recs ok=770 err=280 429=0 | earn ok=664 err=386 429=0
[bucket] calls=30 elapsed=15.0s -> sleep 75s
[bucket] calls=30 elapsed=16.8s -> sleep 75s
[bucket] calls=30 elapsed=16.0s -> sleep 75s
[bucket] calls=30 elapsed=16.5s -> sleep 75s
[progress] 1100/1146 recs ok=805 err=295 429=0 | earn ok=696 err=404 429=0
[bucket] calls=30 elapsed=15.8s -> sleep 75s
[bucket] calls=30 elapsed=17.8s -> sleep 75s
[bucket] calls=30 elapsed=15.4s -> sleep 75s
Nightly cache done.
Recs: ok=835 err=311 429=0
Earnings: ok=718 err=428 429=0
Finnhub cached under: /home/runner/work/data_cache/data_cache/data_cache/finnhub_recs/2026-03-15/ and /latest/
Earnings cached under: /home/runner/work/data_cache/data_cache/data_cache/earnings/2026-03-15/ and /latest/
Macro cached under: /home/runner/work/data_cache/data_cache/data_cache/macro_calendar/macro_calendar.csv
Log saved: /home/runner/work/data_cache/data_cache/logs/nightly_cache_2026-03-15T103931Z.log
