Nightly cache start: 2026-05-07T115503Z
REPO_ROOT: /home/runner/work/data_cache/data_cache
DATA_CACHE_DIR: /home/runner/work/data_cache/data_cache/data_cache
Symbols sources: ['sp500_constituents.csv', 'nasdaq100_with_baseline.csv', 'custom_universe_with_sector_baselines.csv', 'russell1000_universe.csv']
FINNHUB key present: True len=40
Rate limit config: MAX_CALLS_PER_MIN=30 SLEEP_ON_MINUTE=75s
YFinance available: True
Macro calendar saved: /home/runner/work/data_cache/data_cache/data_cache/macro_calendar/macro_calendar.csv rows=57 years=[2026, 2027]
Total symbols to cache: 1146
[bucket] calls=30 elapsed=13.4s -> sleep 75s
[bucket] calls=30 elapsed=12.4s -> sleep 75s
[bucket] calls=30 elapsed=12.7s -> sleep 75s
[progress] 50/1146 recs ok=42 err=8 429=0 | earn ok=13 err=37 429=0
[bucket] calls=30 elapsed=14.2s -> sleep 75s
[bucket] calls=30 elapsed=13.5s -> sleep 75s
[bucket] calls=30 elapsed=16.4s -> sleep 75s
[progress] 100/1146 recs ok=77 err=23 429=0 | earn ok=18 err=82 429=0
[bucket] calls=30 elapsed=12.8s -> sleep 75s
[bucket] calls=30 elapsed=13.0s -> sleep 75s
[bucket] calls=30 elapsed=12.5s -> sleep 75s
[progress] 150/1146 recs ok=117 err=33 429=0 | earn ok=27 err=123 429=0
[bucket] calls=30 elapsed=13.0s -> sleep 75s
[bucket] calls=30 elapsed=14.2s -> sleep 75s
[bucket] calls=30 elapsed=13.1s -> sleep 75s
[bucket] calls=30 elapsed=12.7s -> sleep 75s
[progress] 200/1146 recs ok=155 err=45 429=0 | earn ok=31 err=169 429=0
[bucket] calls=30 elapsed=12.4s -> sleep 75s
[bucket] calls=30 elapsed=12.4s -> sleep 75s
[bucket] calls=30 elapsed=13.0s -> sleep 75s
[progress] 250/1146 recs ok=192 err=58 429=0 | earn ok=41 err=209 429=0
[bucket] calls=30 elapsed=12.8s -> sleep 75s
[bucket] calls=30 elapsed=13.4s -> sleep 75s
[bucket] calls=30 elapsed=13.4s -> sleep 75s
[progress] 300/1146 recs ok=229 err=71 429=0 | earn ok=51 err=249 429=0
[bucket] calls=30 elapsed=13.0s -> sleep 75s
[bucket] calls=30 elapsed=13.4s -> sleep 75s
[bucket] calls=30 elapsed=13.6s -> sleep 75s
[bucket] calls=30 elapsed=12.4s -> sleep 75s
[progress] 350/1146 recs ok=265 err=85 429=0 | earn ok=55 err=295 429=0
[bucket] calls=30 elapsed=12.9s -> sleep 75s
[bucket] calls=30 elapsed=14.0s -> sleep 75s
[bucket] calls=30 elapsed=12.9s -> sleep 75s
[progress] 400/1146 recs ok=303 err=97 429=0 | earn ok=66 err=334 429=0
[bucket] calls=30 elapsed=13.9s -> sleep 75s
[bucket] calls=30 elapsed=12.8s -> sleep 75s
[bucket] calls=30 elapsed=12.3s -> sleep 75s
[progress] 450/1146 recs ok=337 err=113 429=0 | earn ok=76 err=374 429=0
[bucket] calls=30 elapsed=12.4s -> sleep 75s
[bucket] calls=30 elapsed=12.3s -> sleep 75s
[bucket] calls=30 elapsed=13.3s -> sleep 75s
[bucket] calls=30 elapsed=13.0s -> sleep 75s
[progress] 500/1146 recs ok=370 err=130 429=0 | earn ok=84 err=416 429=0
[bucket] calls=30 elapsed=14.3s -> sleep 75s
[bucket] calls=30 elapsed=13.2s -> sleep 75s
[bucket] calls=30 elapsed=12.3s -> sleep 75s
[progress] 550/1146 recs ok=408 err=142 429=0 | earn ok=89 err=461 429=0
[bucket] calls=30 elapsed=13.3s -> sleep 75s
[bucket] calls=30 elapsed=13.0s -> sleep 75s
[bucket] calls=30 elapsed=12.5s -> sleep 75s
[progress] 600/1146 recs ok=448 err=152 429=0 | earn ok=97 err=503 429=0
[bucket] calls=30 elapsed=12.6s -> sleep 75s
[bucket] calls=30 elapsed=13.8s -> sleep 75s
[bucket] calls=30 elapsed=14.0s -> sleep 75s
[bucket] calls=30 elapsed=13.2s -> sleep 75s
[progress] 650/1146 recs ok=483 err=167 429=0 | earn ok=107 err=543 429=0
[bucket] calls=30 elapsed=13.7s -> sleep 75s
[bucket] calls=30 elapsed=12.6s -> sleep 75s
[bucket] calls=30 elapsed=13.8s -> sleep 75s
[progress] 700/1146 recs ok=522 err=178 429=0 | earn ok=119 err=581 429=0
[bucket] calls=30 elapsed=14.9s -> sleep 75s
[bucket] calls=30 elapsed=22.6s -> sleep 75s
[bucket] calls=30 elapsed=13.3s -> sleep 75s
[progress] 750/1146 recs ok=558 err=192 429=0 | earn ok=130 err=620 429=0
[bucket] calls=30 elapsed=13.0s -> sleep 75s
[bucket] calls=30 elapsed=13.3s -> sleep 75s
[bucket] calls=30 elapsed=14.3s -> sleep 75s
[bucket] calls=30 elapsed=15.0s -> sleep 75s
[progress] 800/1146 recs ok=597 err=203 429=0 | earn ok=136 err=664 429=0
[bucket] calls=30 elapsed=13.9s -> sleep 75s
[bucket] calls=30 elapsed=13.6s -> sleep 75s
[bucket] calls=30 elapsed=14.4s -> sleep 75s
[progress] 850/1146 recs ok=631 err=219 429=0 | earn ok=143 err=707 429=0
[bucket] calls=30 elapsed=14.7s -> sleep 75s
[bucket] calls=30 elapsed=15.4s -> sleep 75s
[bucket] calls=30 elapsed=14.2s -> sleep 75s
[progress] 900/1146 recs ok=669 err=231 429=0 | earn ok=152 err=748 429=0
[bucket] calls=30 elapsed=14.7s -> sleep 75s
[bucket] calls=30 elapsed=15.0s -> sleep 75s
[bucket] calls=30 elapsed=15.0s -> sleep 75s
[bucket] calls=30 elapsed=20.8s -> sleep 75s
[progress] 950/1146 recs ok=704 err=246 429=0 | earn ok=160 err=790 429=0
[bucket] calls=30 elapsed=15.0s -> sleep 75s
[bucket] calls=30 elapsed=14.8s -> sleep 75s
[bucket] calls=30 elapsed=55.3s -> sleep 75s
[progress] 1000/1146 recs ok=739 err=261 429=0 | earn ok=169 err=831 429=0
[bucket] calls=30 elapsed=31.1s -> sleep 75s
[bucket] calls=30 elapsed=17.5s -> sleep 75s
[bucket] calls=30 elapsed=22.3s -> sleep 75s
[progress] 1050/1146 recs ok=774 err=276 429=0 | earn ok=179 err=871 429=0
[bucket] calls=30 elapsed=16.0s -> sleep 75s
[bucket] calls=30 elapsed=22.5s -> sleep 75s
[bucket] calls=30 elapsed=19.5s -> sleep 75s
[bucket] calls=30 elapsed=15.3s -> sleep 75s
[progress] 1100/1146 recs ok=809 err=291 429=0 | earn ok=186 err=914 429=0
[bucket] calls=30 elapsed=15.7s -> sleep 75s
[bucket] calls=30 elapsed=17.2s -> sleep 75s
[bucket] calls=30 elapsed=18.2s -> sleep 75s
Nightly cache done.
Recs: ok=839 err=307 429=0
Earnings: ok=195 err=951 429=0
Finnhub cached under: /home/runner/work/data_cache/data_cache/data_cache/finnhub_recs/2026-05-07/ and /latest/
Earnings cached under: /home/runner/work/data_cache/data_cache/data_cache/earnings/2026-05-07/ and /latest/
Macro cached under: /home/runner/work/data_cache/data_cache/data_cache/macro_calendar/macro_calendar.csv
Log saved: /home/runner/work/data_cache/data_cache/logs/nightly_cache_2026-05-07T115503Z.log
