Nightly cache start: 2026-06-01T161112Z
REPO_ROOT: /home/runner/work/data_cache/data_cache
DATA_CACHE_DIR: /home/runner/work/data_cache/data_cache/data_cache
Symbols sources: ['sp500_constituents.csv', 'nasdaq100_with_baseline.csv', 'custom_universe_with_sector_baselines.csv', 'russell1000_universe.csv']
FINNHUB key present: True len=40
Rate limit config: MAX_CALLS_PER_MIN=30 SLEEP_ON_MINUTE=75s
YFinance available: True
Macro calendar saved: /home/runner/work/data_cache/data_cache/data_cache/macro_calendar/macro_calendar.csv rows=57 years=[2026, 2027]
Total symbols to cache: 1146
[bucket] calls=30 elapsed=18.4s -> sleep 75s
[bucket] calls=30 elapsed=21.7s -> sleep 75s
[bucket] calls=30 elapsed=16.1s -> sleep 75s
[progress] 50/1146 recs ok=42 err=8 429=0 | earn ok=18 err=32 429=0
[bucket] calls=30 elapsed=16.2s -> sleep 75s
[bucket] calls=30 elapsed=17.4s -> sleep 75s
[bucket] calls=30 elapsed=19.0s -> sleep 75s
[progress] 100/1146 recs ok=77 err=23 429=0 | earn ok=38 err=62 429=0
[bucket] calls=30 elapsed=17.6s -> sleep 75s
[bucket] calls=30 elapsed=16.1s -> sleep 75s
[bucket] calls=30 elapsed=34.3s -> sleep 75s
[progress] 150/1146 recs ok=115 err=35 429=0 | earn ok=66 err=84 429=0
[bucket] calls=30 elapsed=19.2s -> sleep 75s
[bucket] calls=30 elapsed=14.8s -> sleep 75s
[bucket] calls=30 elapsed=14.6s -> sleep 75s
[bucket] calls=30 elapsed=17.9s -> sleep 75s
[progress] 200/1146 recs ok=153 err=47 429=0 | earn ok=91 err=109 429=0
[bucket] calls=30 elapsed=26.6s -> sleep 75s
[bucket] calls=30 elapsed=17.7s -> sleep 75s
[bucket] calls=30 elapsed=14.9s -> sleep 75s
[progress] 250/1146 recs ok=190 err=60 429=0 | earn ok=114 err=136 429=0
[bucket] calls=30 elapsed=18.6s -> sleep 75s
[bucket] calls=30 elapsed=14.7s -> sleep 75s
[bucket] calls=30 elapsed=15.8s -> sleep 75s
[progress] 300/1146 recs ok=227 err=73 429=0 | earn ok=134 err=166 429=0
[bucket] calls=30 elapsed=15.7s -> sleep 75s
[bucket] calls=30 elapsed=22.7s -> sleep 75s
[bucket] calls=30 elapsed=15.8s -> sleep 75s
[bucket] calls=30 elapsed=16.0s -> sleep 75s
[progress] 350/1146 recs ok=263 err=87 429=0 | earn ok=154 err=196 429=0
[bucket] calls=30 elapsed=15.5s -> sleep 75s
[bucket] calls=30 elapsed=15.2s -> sleep 75s
[bucket] calls=30 elapsed=19.3s -> sleep 75s
[progress] 400/1146 recs ok=301 err=99 429=0 | earn ok=179 err=221 429=0
[bucket] calls=30 elapsed=18.9s -> sleep 75s
[bucket] calls=30 elapsed=15.4s -> sleep 75s
[bucket] calls=30 elapsed=14.9s -> sleep 75s
[progress] 450/1146 recs ok=335 err=115 429=0 | earn ok=201 err=249 429=0
[bucket] calls=30 elapsed=16.0s -> sleep 75s
[bucket] calls=30 elapsed=15.5s -> sleep 75s
[bucket] calls=30 elapsed=15.3s -> sleep 75s
[bucket] calls=30 elapsed=15.6s -> sleep 75s
[progress] 500/1146 recs ok=368 err=132 429=0 | earn ok=218 err=282 429=0
[bucket] calls=30 elapsed=16.0s -> sleep 75s
[bucket] calls=30 elapsed=15.0s -> sleep 75s
[bucket] calls=30 elapsed=15.8s -> sleep 75s
[progress] 550/1146 recs ok=406 err=144 429=0 | earn ok=243 err=307 429=0
[bucket] calls=30 elapsed=16.0s -> sleep 75s
[bucket] calls=30 elapsed=15.5s -> sleep 75s
[bucket] calls=30 elapsed=16.3s -> sleep 75s
[progress] 600/1146 recs ok=446 err=154 429=0 | earn ok=268 err=332 429=0
[bucket] calls=30 elapsed=15.2s -> sleep 75s
[bucket] calls=30 elapsed=19.1s -> sleep 75s
[bucket] calls=30 elapsed=16.3s -> sleep 75s
[bucket] calls=30 elapsed=15.4s -> sleep 75s
[progress] 650/1146 recs ok=481 err=169 429=0 | earn ok=289 err=361 429=0
[bucket] calls=30 elapsed=16.4s -> sleep 75s
[bucket] calls=30 elapsed=16.4s -> sleep 75s
[bucket] calls=30 elapsed=15.8s -> sleep 75s
[progress] 700/1146 recs ok=520 err=180 429=0 | earn ok=311 err=389 429=0
[bucket] calls=30 elapsed=15.1s -> sleep 75s
[bucket] calls=30 elapsed=15.7s -> sleep 75s
[bucket] calls=30 elapsed=15.6s -> sleep 75s
[progress] 750/1146 recs ok=556 err=194 429=0 | earn ok=333 err=417 429=0
[bucket] calls=30 elapsed=15.9s -> sleep 75s
[bucket] calls=30 elapsed=15.1s -> sleep 75s
[bucket] calls=30 elapsed=15.0s -> sleep 75s
[bucket] calls=30 elapsed=16.5s -> sleep 75s
[progress] 800/1146 recs ok=595 err=205 429=0 | earn ok=356 err=444 429=0
[bucket] calls=30 elapsed=15.0s -> sleep 75s
[bucket] calls=30 elapsed=15.8s -> sleep 75s
[bucket] calls=30 elapsed=15.5s -> sleep 75s
[progress] 850/1146 recs ok=629 err=221 429=0 | earn ok=381 err=469 429=0
[bucket] calls=30 elapsed=28.4s -> sleep 75s
[bucket] calls=30 elapsed=15.8s -> sleep 75s
[bucket] calls=30 elapsed=15.1s -> sleep 75s
[progress] 900/1146 recs ok=667 err=233 429=0 | earn ok=402 err=498 429=0
[bucket] calls=30 elapsed=15.9s -> sleep 75s
[bucket] calls=30 elapsed=15.7s -> sleep 75s
[bucket] calls=30 elapsed=18.7s -> sleep 75s
[bucket] calls=30 elapsed=15.9s -> sleep 75s
[progress] 950/1146 recs ok=702 err=248 429=0 | earn ok=423 err=527 429=0
[bucket] calls=30 elapsed=15.2s -> sleep 75s
[bucket] calls=30 elapsed=15.3s -> sleep 75s
[bucket] calls=30 elapsed=15.9s -> sleep 75s
[progress] 1000/1146 recs ok=737 err=263 429=0 | earn ok=441 err=559 429=0
[bucket] calls=30 elapsed=15.0s -> sleep 75s
[bucket] calls=30 elapsed=14.9s -> sleep 75s
[bucket] calls=30 elapsed=26.1s -> sleep 75s
[progress] 1050/1146 recs ok=772 err=278 429=0 | earn ok=463 err=587 429=0
[bucket] calls=30 elapsed=15.5s -> sleep 75s
[bucket] calls=30 elapsed=15.4s -> sleep 75s
[bucket] calls=30 elapsed=16.3s -> sleep 75s
[bucket] calls=30 elapsed=70.4s -> sleep 75s
[progress] 1100/1146 recs ok=807 err=293 429=0 | earn ok=486 err=614 429=0
[bucket] calls=30 elapsed=17.3s -> sleep 75s
[bucket] calls=30 elapsed=16.1s -> sleep 75s
[bucket] calls=30 elapsed=19.4s -> sleep 75s
Nightly cache done.
Recs: ok=837 err=309 429=0
Earnings: ok=498 err=648 429=0
Finnhub cached under: /home/runner/work/data_cache/data_cache/data_cache/finnhub_recs/2026-06-01/ and /latest/
Earnings cached under: /home/runner/work/data_cache/data_cache/data_cache/earnings/2026-06-01/ and /latest/
Macro cached under: /home/runner/work/data_cache/data_cache/data_cache/macro_calendar/macro_calendar.csv
Log saved: /home/runner/work/data_cache/data_cache/logs/nightly_cache_2026-06-01T161112Z.log
