Nightly cache start: 2026-06-02T141425Z
REPO_ROOT: /home/runner/work/data_cache/data_cache
DATA_CACHE_DIR: /home/runner/work/data_cache/data_cache/data_cache
Symbols sources: ['sp500_constituents.csv', 'nasdaq100_with_baseline.csv', 'custom_universe_with_sector_baselines.csv', 'russell1000_universe.csv']
FINNHUB key present: True len=40
Rate limit config: MAX_CALLS_PER_MIN=30 SLEEP_ON_MINUTE=75s
YFinance available: True
Macro calendar saved: /home/runner/work/data_cache/data_cache/data_cache/macro_calendar/macro_calendar.csv rows=57 years=[2026, 2027]
Total symbols to cache: 1146
[bucket] calls=30 elapsed=13.3s -> sleep 75s
[bucket] calls=30 elapsed=9.4s -> sleep 75s
[bucket] calls=30 elapsed=11.4s -> sleep 75s
[progress] 50/1146 recs ok=42 err=8 429=0 | earn ok=18 err=32 429=0
[bucket] calls=30 elapsed=9.6s -> sleep 75s
[bucket] calls=30 elapsed=10.6s -> sleep 75s
[bucket] calls=30 elapsed=10.6s -> sleep 75s
[progress] 100/1146 recs ok=77 err=23 429=0 | earn ok=38 err=62 429=0
[bucket] calls=30 elapsed=10.1s -> sleep 75s
[bucket] calls=30 elapsed=10.1s -> sleep 75s
[bucket] calls=30 elapsed=9.9s -> sleep 75s
[progress] 150/1146 recs ok=116 err=34 429=0 | earn ok=66 err=84 429=0
[bucket] calls=30 elapsed=10.1s -> sleep 75s
[bucket] calls=30 elapsed=9.8s -> sleep 75s
[bucket] calls=30 elapsed=11.2s -> sleep 75s
[bucket] calls=30 elapsed=11.0s -> sleep 75s
[progress] 200/1146 recs ok=154 err=46 429=0 | earn ok=91 err=109 429=0
[bucket] calls=30 elapsed=18.1s -> sleep 75s
[bucket] calls=30 elapsed=10.6s -> sleep 75s
[bucket] calls=30 elapsed=10.2s -> sleep 75s
[progress] 250/1146 recs ok=191 err=59 429=0 | earn ok=115 err=135 429=0
[bucket] calls=30 elapsed=10.4s -> sleep 75s
[bucket] calls=30 elapsed=18.2s -> sleep 75s
[bucket] calls=30 elapsed=11.2s -> sleep 75s
[progress] 300/1146 recs ok=228 err=72 429=0 | earn ok=135 err=165 429=0
[bucket] calls=30 elapsed=10.4s -> sleep 75s
[bucket] calls=30 elapsed=10.3s -> sleep 75s
[bucket] calls=30 elapsed=10.3s -> sleep 75s
[bucket] calls=30 elapsed=9.9s -> sleep 75s
[progress] 350/1146 recs ok=264 err=86 429=0 | earn ok=155 err=195 429=0
[bucket] calls=30 elapsed=10.2s -> sleep 75s
[bucket] calls=30 elapsed=9.3s -> sleep 75s
[bucket] calls=30 elapsed=9.7s -> sleep 75s
[progress] 400/1146 recs ok=302 err=98 429=0 | earn ok=180 err=220 429=0
[bucket] calls=30 elapsed=10.0s -> sleep 75s
[bucket] calls=30 elapsed=9.8s -> sleep 75s
[bucket] calls=30 elapsed=9.8s -> sleep 75s
[progress] 450/1146 recs ok=336 err=114 429=0 | earn ok=202 err=248 429=0
[bucket] calls=30 elapsed=10.0s -> sleep 75s
[bucket] calls=30 elapsed=10.0s -> sleep 75s
[bucket] calls=30 elapsed=9.3s -> sleep 75s
[bucket] calls=30 elapsed=10.2s -> sleep 75s
[progress] 500/1146 recs ok=369 err=131 429=0 | earn ok=218 err=282 429=0
[bucket] calls=30 elapsed=10.5s -> sleep 75s
[bucket] calls=30 elapsed=10.0s -> sleep 75s
[bucket] calls=30 elapsed=10.4s -> sleep 75s
[progress] 550/1146 recs ok=407 err=143 429=0 | earn ok=243 err=307 429=0
[bucket] calls=30 elapsed=10.3s -> sleep 75s
[bucket] calls=30 elapsed=10.6s -> sleep 75s
[bucket] calls=30 elapsed=9.2s -> sleep 75s
[progress] 600/1146 recs ok=447 err=153 429=0 | earn ok=268 err=332 429=0
[bucket] calls=30 elapsed=9.6s -> sleep 75s
[bucket] calls=30 elapsed=9.2s -> sleep 75s
[bucket] calls=30 elapsed=10.5s -> sleep 75s
[bucket] calls=30 elapsed=9.3s -> sleep 75s
[progress] 650/1146 recs ok=482 err=168 429=0 | earn ok=289 err=361 429=0
[bucket] calls=30 elapsed=11.9s -> sleep 75s
[bucket] calls=30 elapsed=9.8s -> sleep 75s
[bucket] calls=30 elapsed=9.8s -> sleep 75s
[progress] 700/1146 recs ok=521 err=179 429=0 | earn ok=311 err=389 429=0
[bucket] calls=30 elapsed=9.9s -> sleep 75s
[bucket] calls=30 elapsed=10.4s -> sleep 75s
[bucket] calls=30 elapsed=10.0s -> sleep 75s
[progress] 750/1146 recs ok=557 err=193 429=0 | earn ok=333 err=417 429=0
[bucket] calls=30 elapsed=9.5s -> sleep 75s
[bucket] calls=30 elapsed=11.1s -> sleep 75s
[bucket] calls=30 elapsed=9.4s -> sleep 75s
[bucket] calls=30 elapsed=9.6s -> sleep 75s
[progress] 800/1146 recs ok=596 err=204 429=0 | earn ok=356 err=444 429=0
[bucket] calls=30 elapsed=10.7s -> sleep 75s
[bucket] calls=30 elapsed=9.8s -> sleep 75s
[bucket] calls=30 elapsed=10.3s -> sleep 75s
[progress] 850/1146 recs ok=630 err=220 429=0 | earn ok=381 err=469 429=0
[bucket] calls=30 elapsed=9.5s -> sleep 75s
[bucket] calls=30 elapsed=9.7s -> sleep 75s
[bucket] calls=30 elapsed=14.8s -> sleep 75s
[progress] 900/1146 recs ok=668 err=232 429=0 | earn ok=402 err=498 429=0
[bucket] calls=30 elapsed=9.9s -> sleep 75s
[bucket] calls=30 elapsed=10.3s -> sleep 75s
[bucket] calls=30 elapsed=10.3s -> sleep 75s
[bucket] calls=30 elapsed=10.6s -> sleep 75s
[progress] 950/1146 recs ok=703 err=247 429=0 | earn ok=423 err=527 429=0
[bucket] calls=30 elapsed=9.8s -> sleep 75s
[bucket] calls=30 elapsed=9.8s -> sleep 75s
[bucket] calls=30 elapsed=10.5s -> sleep 75s
[progress] 1000/1146 recs ok=738 err=262 429=0 | earn ok=441 err=559 429=0
[bucket] calls=30 elapsed=9.6s -> sleep 75s
[bucket] calls=30 elapsed=10.2s -> sleep 75s
[bucket] calls=30 elapsed=10.3s -> sleep 75s
[progress] 1050/1146 recs ok=773 err=277 429=0 | earn ok=463 err=587 429=0
[bucket] calls=30 elapsed=9.8s -> sleep 75s
[bucket] calls=30 elapsed=10.2s -> sleep 75s
[bucket] calls=30 elapsed=10.2s -> sleep 75s
[bucket] calls=30 elapsed=9.7s -> sleep 75s
[progress] 1100/1146 recs ok=808 err=292 429=0 | earn ok=488 err=612 429=0
[bucket] calls=30 elapsed=14.1s -> sleep 75s
[bucket] calls=30 elapsed=11.1s -> sleep 75s
[bucket] calls=30 elapsed=9.4s -> sleep 75s
Nightly cache done.
Recs: ok=837 err=309 429=0
Earnings: ok=500 err=646 429=0
Finnhub cached under: /home/runner/work/data_cache/data_cache/data_cache/finnhub_recs/2026-06-02/ and /latest/
Earnings cached under: /home/runner/work/data_cache/data_cache/data_cache/earnings/2026-06-02/ and /latest/
Macro cached under: /home/runner/work/data_cache/data_cache/data_cache/macro_calendar/macro_calendar.csv
Log saved: /home/runner/work/data_cache/data_cache/logs/nightly_cache_2026-06-02T141425Z.log
