Nightly cache start: 2026-05-14T115733Z
REPO_ROOT: /home/runner/work/data_cache/data_cache
DATA_CACHE_DIR: /home/runner/work/data_cache/data_cache/data_cache
Symbols sources: ['sp500_constituents.csv', 'nasdaq100_with_baseline.csv', 'custom_universe_with_sector_baselines.csv', 'russell1000_universe.csv']
FINNHUB key present: True len=40
Rate limit config: MAX_CALLS_PER_MIN=30 SLEEP_ON_MINUTE=75s
YFinance available: True
Macro calendar saved: /home/runner/work/data_cache/data_cache/data_cache/macro_calendar/macro_calendar.csv rows=57 years=[2026, 2027]
Total symbols to cache: 1146
[bucket] calls=30 elapsed=22.6s -> sleep 75s
[bucket] calls=30 elapsed=21.4s -> sleep 75s
[bucket] calls=30 elapsed=21.2s -> sleep 75s
[progress] 50/1146 recs ok=42 err=8 429=0 | earn ok=8 err=42 429=0
[bucket] calls=30 elapsed=19.7s -> sleep 75s
[bucket] calls=30 elapsed=19.8s -> sleep 75s
[bucket] calls=30 elapsed=19.8s -> sleep 75s
[progress] 100/1146 recs ok=77 err=23 429=0 | earn ok=11 err=89 429=0
[bucket] calls=30 elapsed=19.7s -> sleep 75s
[bucket] calls=30 elapsed=21.6s -> sleep 75s
[bucket] calls=30 elapsed=21.0s -> sleep 75s
[progress] 150/1146 recs ok=117 err=33 429=0 | earn ok=18 err=132 429=0
[bucket] calls=30 elapsed=20.6s -> sleep 75s
[bucket] calls=30 elapsed=22.1s -> sleep 75s
[bucket] calls=30 elapsed=57.1s -> sleep 75s
[bucket] calls=30 elapsed=22.3s -> sleep 75s
[progress] 200/1146 recs ok=155 err=45 429=0 | earn ok=20 err=180 429=0
[bucket] calls=30 elapsed=21.2s -> sleep 75s
[bucket] calls=30 elapsed=23.7s -> sleep 75s
[bucket] calls=30 elapsed=21.6s -> sleep 75s
[progress] 250/1146 recs ok=192 err=58 429=0 | earn ok=25 err=225 429=0
[bucket] calls=30 elapsed=20.3s -> sleep 75s
[bucket] calls=30 elapsed=21.5s -> sleep 75s
[bucket] calls=30 elapsed=21.2s -> sleep 75s
[progress] 300/1146 recs ok=229 err=71 429=0 | earn ok=33 err=267 429=0
[bucket] calls=30 elapsed=21.9s -> sleep 75s
[bucket] calls=30 elapsed=21.6s -> sleep 75s
[bucket] calls=30 elapsed=20.2s -> sleep 75s
[bucket] calls=30 elapsed=22.2s -> sleep 75s
[progress] 350/1146 recs ok=265 err=85 429=0 | earn ok=35 err=315 429=0
[bucket] calls=30 elapsed=20.9s -> sleep 75s
[bucket] calls=30 elapsed=21.9s -> sleep 75s
[bucket] calls=30 elapsed=21.6s -> sleep 75s
[progress] 400/1146 recs ok=303 err=97 429=0 | earn ok=40 err=360 429=0
[bucket] calls=30 elapsed=21.3s -> sleep 75s
[bucket] calls=30 elapsed=19.9s -> sleep 75s
[bucket] calls=30 elapsed=21.7s -> sleep 75s
[progress] 450/1146 recs ok=337 err=113 429=0 | earn ok=45 err=405 429=0
[bucket] calls=30 elapsed=22.4s -> sleep 75s
[bucket] calls=30 elapsed=20.4s -> sleep 75s
[bucket] calls=30 elapsed=21.3s -> sleep 75s
[bucket] calls=30 elapsed=20.0s -> sleep 75s
[progress] 500/1146 recs ok=370 err=130 429=0 | earn ok=51 err=449 429=0
[bucket] calls=30 elapsed=21.0s -> sleep 75s
[bucket] calls=30 elapsed=20.9s -> sleep 75s
[bucket] calls=30 elapsed=22.8s -> sleep 75s
[progress] 550/1146 recs ok=408 err=142 429=0 | earn ok=54 err=496 429=0
[bucket] calls=30 elapsed=21.2s -> sleep 75s
[bucket] calls=30 elapsed=23.4s -> sleep 75s
[bucket] calls=30 elapsed=23.0s -> sleep 75s
[progress] 600/1146 recs ok=448 err=152 429=0 | earn ok=61 err=539 429=0
[bucket] calls=30 elapsed=24.5s -> sleep 75s
[bucket] calls=30 elapsed=21.4s -> sleep 75s
[bucket] calls=30 elapsed=21.7s -> sleep 75s
[bucket] calls=30 elapsed=23.0s -> sleep 75s
[progress] 650/1146 recs ok=483 err=167 429=0 | earn ok=65 err=585 429=0
[bucket] calls=30 elapsed=20.6s -> sleep 75s
[bucket] calls=30 elapsed=21.7s -> sleep 75s
[bucket] calls=30 elapsed=21.2s -> sleep 75s
[progress] 700/1146 recs ok=522 err=178 429=0 | earn ok=71 err=629 429=0
[bucket] calls=30 elapsed=21.6s -> sleep 75s
[bucket] calls=30 elapsed=21.6s -> sleep 75s
[bucket] calls=30 elapsed=23.0s -> sleep 75s
[progress] 750/1146 recs ok=558 err=192 429=0 | earn ok=78 err=672 429=0
[bucket] calls=30 elapsed=23.0s -> sleep 75s
[bucket] calls=30 elapsed=21.4s -> sleep 75s
[bucket] calls=30 elapsed=23.1s -> sleep 75s
[bucket] calls=30 elapsed=21.7s -> sleep 75s
[progress] 800/1146 recs ok=597 err=203 429=0 | earn ok=84 err=716 429=0
[bucket] calls=30 elapsed=22.4s -> sleep 75s
[bucket] calls=30 elapsed=21.5s -> sleep 75s
[bucket] calls=30 elapsed=21.3s -> sleep 75s
[progress] 850/1146 recs ok=631 err=219 429=0 | earn ok=88 err=762 429=0
[bucket] calls=30 elapsed=21.8s -> sleep 75s
[bucket] calls=30 elapsed=24.7s -> sleep 75s
[bucket] calls=30 elapsed=28.8s -> sleep 75s
[progress] 900/1146 recs ok=669 err=231 429=0 | earn ok=91 err=809 429=0
[bucket] calls=30 elapsed=23.0s -> sleep 75s
[bucket] calls=30 elapsed=21.8s -> sleep 75s
[bucket] calls=30 elapsed=22.6s -> sleep 75s
[bucket] calls=30 elapsed=21.4s -> sleep 75s
[progress] 950/1146 recs ok=704 err=246 429=0 | earn ok=97 err=853 429=0
[bucket] calls=30 elapsed=22.3s -> sleep 75s
[bucket] calls=30 elapsed=22.8s -> sleep 75s
[bucket] calls=30 elapsed=22.8s -> sleep 75s
[progress] 1000/1146 recs ok=739 err=261 429=0 | earn ok=101 err=899 429=0
[bucket] calls=30 elapsed=21.7s -> sleep 75s
[bucket] calls=30 elapsed=22.8s -> sleep 75s
[bucket] calls=30 elapsed=21.6s -> sleep 75s
[progress] 1050/1146 recs ok=774 err=276 429=0 | earn ok=106 err=944 429=0
[bucket] calls=30 elapsed=23.2s -> sleep 75s
[bucket] calls=30 elapsed=20.7s -> sleep 75s
[bucket] calls=30 elapsed=22.2s -> sleep 75s
[bucket] calls=30 elapsed=22.1s -> sleep 75s
[progress] 1100/1146 recs ok=809 err=291 429=0 | earn ok=109 err=991 429=0
[bucket] calls=30 elapsed=21.7s -> sleep 75s
[bucket] calls=30 elapsed=23.2s -> sleep 75s
[bucket] calls=30 elapsed=22.4s -> sleep 75s
Nightly cache done.
Recs: ok=839 err=307 429=0
Earnings: ok=113 err=1033 429=0
Finnhub cached under: /home/runner/work/data_cache/data_cache/data_cache/finnhub_recs/2026-05-14/ and /latest/
Earnings cached under: /home/runner/work/data_cache/data_cache/data_cache/earnings/2026-05-14/ and /latest/
Macro cached under: /home/runner/work/data_cache/data_cache/data_cache/macro_calendar/macro_calendar.csv
Log saved: /home/runner/work/data_cache/data_cache/logs/nightly_cache_2026-05-14T115733Z.log
