Nightly cache start: 2026-03-08T103343Z
REPO_ROOT: /home/runner/work/data_cache/data_cache
DATA_CACHE_DIR: /home/runner/work/data_cache/data_cache/data_cache
Symbols sources: ['sp500_constituents.csv', 'nasdaq100_with_baseline.csv', 'custom_universe_with_sector_baselines.csv', 'russell1000_universe.csv']
FINNHUB key present: True len=40
Rate limit config: MAX_CALLS_PER_MIN=30 SLEEP_ON_MINUTE=75s
YFinance available: True
Macro calendar saved: /home/runner/work/data_cache/data_cache/data_cache/macro_calendar/macro_calendar.csv rows=57 years=[2026, 2027]
Total symbols to cache: 1146
[bucket] calls=30 elapsed=25.2s -> sleep 75s
[bucket] calls=30 elapsed=16.5s -> sleep 75s
[bucket] calls=30 elapsed=22.4s -> sleep 75s
[progress] 50/1146 recs ok=42 err=8 429=0 | earn ok=32 err=18 429=0
[bucket] calls=30 elapsed=20.8s -> sleep 75s
[bucket] calls=30 elapsed=19.9s -> sleep 75s
[bucket] calls=30 elapsed=21.4s -> sleep 75s
[progress] 100/1146 recs ok=76 err=24 429=0 | earn ok=63 err=37 429=0
[bucket] calls=30 elapsed=20.8s -> sleep 75s
[bucket] calls=30 elapsed=59.1s -> sleep 75s
[bucket] calls=30 elapsed=14.0s -> sleep 75s
[progress] 150/1146 recs ok=113 err=37 429=0 | earn ok=95 err=55 429=0
[bucket] calls=30 elapsed=91.6s -> sleep 75s
[bucket] calls=30 elapsed=15.3s -> sleep 75s
[bucket] calls=30 elapsed=13.4s -> sleep 75s
[bucket] calls=30 elapsed=15.4s -> sleep 75s
[progress] 200/1146 recs ok=151 err=49 429=0 | earn ok=131 err=69 429=0
[bucket] calls=30 elapsed=13.7s -> sleep 75s
[bucket] calls=30 elapsed=16.5s -> sleep 75s
[bucket] calls=30 elapsed=14.5s -> sleep 75s
[progress] 250/1146 recs ok=188 err=62 429=0 | earn ok=163 err=87 429=0
[bucket] calls=30 elapsed=18.3s -> sleep 75s
[bucket] calls=30 elapsed=17.2s -> sleep 75s
[bucket] calls=30 elapsed=29.2s -> sleep 75s
[progress] 300/1146 recs ok=225 err=75 429=0 | earn ok=187 err=113 429=0
[bucket] calls=30 elapsed=31.5s -> sleep 75s
[bucket] calls=30 elapsed=78.2s -> sleep 75s
[bucket] calls=30 elapsed=37.5s -> sleep 75s
[bucket] calls=30 elapsed=13.0s -> sleep 75s
[progress] 350/1146 recs ok=259 err=91 429=0 | earn ok=214 err=136 429=0
[bucket] calls=30 elapsed=13.6s -> sleep 75s
[bucket] calls=30 elapsed=12.9s -> sleep 75s
[bucket] calls=30 elapsed=17.2s -> sleep 75s
[progress] 400/1146 recs ok=297 err=103 429=0 | earn ok=250 err=150 429=0
[bucket] calls=30 elapsed=14.9s -> sleep 75s
[bucket] calls=30 elapsed=14.9s -> sleep 75s
[bucket] calls=30 elapsed=43.7s -> sleep 75s
[progress] 450/1146 recs ok=331 err=119 429=0 | earn ok=276 err=174 429=0
[bucket] calls=30 elapsed=16.2s -> sleep 75s
[bucket] calls=30 elapsed=13.2s -> sleep 75s
[bucket] calls=30 elapsed=15.4s -> sleep 75s
[bucket] calls=30 elapsed=15.4s -> sleep 75s
[progress] 500/1146 recs ok=364 err=136 429=0 | earn ok=303 err=197 429=0
[bucket] calls=30 elapsed=22.8s -> sleep 75s
[bucket] calls=30 elapsed=15.2s -> sleep 75s
[bucket] calls=30 elapsed=17.0s -> sleep 75s
[progress] 550/1146 recs ok=402 err=148 429=0 | earn ok=339 err=211 429=0
[bucket] calls=30 elapsed=14.0s -> sleep 75s
[bucket] calls=30 elapsed=14.3s -> sleep 75s
[bucket] calls=30 elapsed=23.6s -> sleep 75s
[progress] 600/1146 recs ok=441 err=159 429=0 | earn ok=372 err=228 429=0
[bucket] calls=30 elapsed=54.8s -> sleep 75s
[bucket] calls=30 elapsed=40.1s -> sleep 75s
[bucket] calls=30 elapsed=20.7s -> sleep 75s
[bucket] calls=30 elapsed=14.1s -> sleep 75s
[progress] 650/1146 recs ok=474 err=176 429=0 | earn ok=399 err=251 429=0
[bucket] calls=30 elapsed=21.0s -> sleep 75s
[bucket] calls=30 elapsed=11.4s -> sleep 75s
[bucket] calls=30 elapsed=11.2s -> sleep 75s
[progress] 700/1146 recs ok=513 err=187 429=0 | earn ok=434 err=266 429=0
[bucket] calls=30 elapsed=11.6s -> sleep 75s
[bucket] calls=30 elapsed=11.9s -> sleep 75s
[bucket] calls=30 elapsed=11.4s -> sleep 75s
[progress] 750/1146 recs ok=549 err=201 429=0 | earn ok=463 err=287 429=0
[bucket] calls=30 elapsed=11.8s -> sleep 75s
[bucket] calls=30 elapsed=11.9s -> sleep 75s
[bucket] calls=30 elapsed=11.7s -> sleep 75s
[bucket] calls=30 elapsed=12.6s -> sleep 75s
[progress] 800/1146 recs ok=587 err=213 429=0 | earn ok=498 err=302 429=0
[bucket] calls=30 elapsed=11.2s -> sleep 75s
[bucket] calls=30 elapsed=12.1s -> sleep 75s
[bucket] calls=30 elapsed=11.8s -> sleep 75s
[progress] 850/1146 recs ok=621 err=229 429=0 | earn ok=527 err=323 429=0
[bucket] calls=30 elapsed=11.5s -> sleep 75s
[bucket] calls=30 elapsed=11.6s -> sleep 75s
[bucket] calls=30 elapsed=11.7s -> sleep 75s
[progress] 900/1146 recs ok=658 err=242 429=0 | earn ok=558 err=342 429=0
[bucket] calls=30 elapsed=11.8s -> sleep 75s
[bucket] calls=30 elapsed=12.3s -> sleep 75s
[bucket] calls=30 elapsed=11.5s -> sleep 75s
[bucket] calls=30 elapsed=12.0s -> sleep 75s
[progress] 950/1146 recs ok=693 err=257 429=0 | earn ok=586 err=364 429=0
[bucket] calls=30 elapsed=11.7s -> sleep 75s
[bucket] calls=30 elapsed=12.1s -> sleep 75s
[bucket] calls=30 elapsed=11.5s -> sleep 75s
[progress] 1000/1146 recs ok=728 err=272 429=0 | earn ok=614 err=386 429=0
[bucket] calls=30 elapsed=11.8s -> sleep 75s
[bucket] calls=30 elapsed=13.5s -> sleep 75s
[bucket] calls=30 elapsed=13.3s -> sleep 75s
[progress] 1050/1146 recs ok=763 err=287 429=0 | earn ok=643 err=407 429=0
[bucket] calls=30 elapsed=11.7s -> sleep 75s
[bucket] calls=30 elapsed=11.6s -> sleep 75s
[bucket] calls=30 elapsed=11.8s -> sleep 75s
[bucket] calls=30 elapsed=11.7s -> sleep 75s
[progress] 1100/1146 recs ok=798 err=302 429=0 | earn ok=675 err=425 429=0
[bucket] calls=30 elapsed=12.0s -> sleep 75s
[bucket] calls=30 elapsed=12.2s -> sleep 75s
[bucket] calls=30 elapsed=12.8s -> sleep 75s
Nightly cache done.
Recs: ok=828 err=318 429=0
Earnings: ok=695 err=451 429=0
Finnhub cached under: /home/runner/work/data_cache/data_cache/data_cache/finnhub_recs/2026-03-08/ and /latest/
Earnings cached under: /home/runner/work/data_cache/data_cache/data_cache/earnings/2026-03-08/ and /latest/
Macro cached under: /home/runner/work/data_cache/data_cache/data_cache/macro_calendar/macro_calendar.csv
Log saved: /home/runner/work/data_cache/data_cache/logs/nightly_cache_2026-03-08T103343Z.log
