Nightly cache start: 2026-05-02T105821Z
REPO_ROOT: /home/runner/work/data_cache/data_cache
DATA_CACHE_DIR: /home/runner/work/data_cache/data_cache/data_cache
Symbols sources: ['sp500_constituents.csv', 'nasdaq100_with_baseline.csv', 'custom_universe_with_sector_baselines.csv', 'russell1000_universe.csv']
FINNHUB key present: True len=40
Rate limit config: MAX_CALLS_PER_MIN=30 SLEEP_ON_MINUTE=75s
YFinance available: True
Macro calendar saved: /home/runner/work/data_cache/data_cache/data_cache/macro_calendar/macro_calendar.csv rows=57 years=[2026, 2027]
Total symbols to cache: 1146
[bucket] calls=30 elapsed=12.0s -> sleep 75s
[bucket] calls=30 elapsed=11.3s -> sleep 75s
[bucket] calls=30 elapsed=11.4s -> sleep 75s
[progress] 50/1146 recs ok=42 err=8 429=0 | earn ok=22 err=28 429=0
[bucket] calls=30 elapsed=12.0s -> sleep 75s
[bucket] calls=30 elapsed=11.1s -> sleep 75s
[bucket] calls=30 elapsed=11.0s -> sleep 75s
[progress] 100/1146 recs ok=77 err=23 429=0 | earn ok=33 err=67 429=0
[bucket] calls=30 elapsed=10.8s -> sleep 75s
[bucket] calls=30 elapsed=11.6s -> sleep 75s
[bucket] calls=30 elapsed=11.7s -> sleep 75s
[progress] 150/1146 recs ok=117 err=33 429=0 | earn ok=46 err=104 429=0
[bucket] calls=30 elapsed=11.2s -> sleep 75s
[bucket] calls=30 elapsed=11.0s -> sleep 75s
[bucket] calls=30 elapsed=11.3s -> sleep 75s
[bucket] calls=30 elapsed=11.3s -> sleep 75s
[progress] 200/1146 recs ok=155 err=45 429=0 | earn ok=59 err=141 429=0
[bucket] calls=30 elapsed=11.4s -> sleep 75s
[bucket] calls=30 elapsed=11.2s -> sleep 75s
[bucket] calls=30 elapsed=11.2s -> sleep 75s
[progress] 250/1146 recs ok=192 err=58 429=0 | earn ok=74 err=176 429=0
[bucket] calls=30 elapsed=10.9s -> sleep 75s
[bucket] calls=30 elapsed=12.1s -> sleep 75s
[bucket] calls=30 elapsed=12.1s -> sleep 75s
[progress] 300/1146 recs ok=229 err=71 429=0 | earn ok=92 err=208 429=0
[bucket] calls=30 elapsed=12.0s -> sleep 75s
[bucket] calls=30 elapsed=11.4s -> sleep 75s
[bucket] calls=30 elapsed=11.5s -> sleep 75s
[bucket] calls=30 elapsed=11.4s -> sleep 75s
[progress] 350/1146 recs ok=265 err=85 429=0 | earn ok=103 err=247 429=0
[bucket] calls=30 elapsed=12.2s -> sleep 75s
[bucket] calls=30 elapsed=11.9s -> sleep 75s
[bucket] calls=30 elapsed=12.4s -> sleep 75s
[progress] 400/1146 recs ok=303 err=97 429=0 | earn ok=120 err=280 429=0
[bucket] calls=30 elapsed=11.8s -> sleep 75s
[bucket] calls=30 elapsed=11.1s -> sleep 75s
[bucket] calls=30 elapsed=11.8s -> sleep 75s
[progress] 450/1146 recs ok=337 err=113 429=0 | earn ok=133 err=317 429=0
[bucket] calls=30 elapsed=11.9s -> sleep 75s
[bucket] calls=30 elapsed=11.4s -> sleep 75s
[bucket] calls=30 elapsed=11.8s -> sleep 75s
[bucket] calls=30 elapsed=12.6s -> sleep 75s
[progress] 500/1146 recs ok=370 err=130 429=0 | earn ok=149 err=351 429=0
[bucket] calls=30 elapsed=12.1s -> sleep 75s
[bucket] calls=30 elapsed=10.9s -> sleep 75s
[bucket] calls=30 elapsed=11.4s -> sleep 75s
[progress] 550/1146 recs ok=408 err=142 429=0 | earn ok=165 err=385 429=0
[bucket] calls=30 elapsed=12.1s -> sleep 75s
[bucket] calls=30 elapsed=11.3s -> sleep 75s
[bucket] calls=30 elapsed=11.6s -> sleep 75s
[progress] 600/1146 recs ok=448 err=152 429=0 | earn ok=185 err=415 429=0
[bucket] calls=30 elapsed=11.7s -> sleep 75s
[bucket] calls=30 elapsed=11.6s -> sleep 75s
[bucket] calls=30 elapsed=12.8s -> sleep 75s
[bucket] calls=30 elapsed=11.9s -> sleep 75s
[progress] 650/1146 recs ok=483 err=167 429=0 | earn ok=199 err=451 429=0
[bucket] calls=30 elapsed=11.8s -> sleep 75s
[bucket] calls=30 elapsed=12.8s -> sleep 75s
[bucket] calls=30 elapsed=11.8s -> sleep 75s
[progress] 700/1146 recs ok=522 err=178 429=0 | earn ok=218 err=482 429=0
[bucket] calls=30 elapsed=11.9s -> sleep 75s
[bucket] calls=30 elapsed=11.8s -> sleep 75s
[bucket] calls=30 elapsed=11.5s -> sleep 75s
[progress] 750/1146 recs ok=558 err=192 429=0 | earn ok=234 err=516 429=0
[bucket] calls=30 elapsed=11.2s -> sleep 75s
[bucket] calls=30 elapsed=11.9s -> sleep 75s
[bucket] calls=30 elapsed=11.5s -> sleep 75s
[bucket] calls=30 elapsed=11.3s -> sleep 75s
[progress] 800/1146 recs ok=597 err=203 429=0 | earn ok=250 err=550 429=0
[bucket] calls=30 elapsed=11.5s -> sleep 75s
[bucket] calls=30 elapsed=11.9s -> sleep 75s
[bucket] calls=30 elapsed=11.9s -> sleep 75s
[progress] 850/1146 recs ok=631 err=219 429=0 | earn ok=268 err=582 429=0
[bucket] calls=30 elapsed=11.4s -> sleep 75s
[bucket] calls=30 elapsed=11.7s -> sleep 75s
[bucket] calls=30 elapsed=11.5s -> sleep 75s
[progress] 900/1146 recs ok=668 err=232 429=0 | earn ok=283 err=617 429=0
[bucket] calls=30 elapsed=11.5s -> sleep 75s
[bucket] calls=30 elapsed=11.6s -> sleep 75s
[bucket] calls=30 elapsed=11.4s -> sleep 75s
[bucket] calls=30 elapsed=12.3s -> sleep 75s
[progress] 950/1146 recs ok=703 err=247 429=0 | earn ok=295 err=655 429=0
[bucket] calls=30 elapsed=11.3s -> sleep 75s
[bucket] calls=30 elapsed=12.1s -> sleep 75s
[bucket] calls=30 elapsed=11.8s -> sleep 75s
[progress] 1000/1146 recs ok=738 err=262 429=0 | earn ok=312 err=688 429=0
[bucket] calls=30 elapsed=11.5s -> sleep 75s
[bucket] calls=30 elapsed=11.6s -> sleep 75s
[bucket] calls=30 elapsed=12.1s -> sleep 75s
[progress] 1050/1146 recs ok=773 err=277 429=0 | earn ok=328 err=722 429=0
[bucket] calls=30 elapsed=11.7s -> sleep 75s
[bucket] calls=30 elapsed=11.6s -> sleep 75s
[bucket] calls=30 elapsed=12.0s -> sleep 75s
[bucket] calls=30 elapsed=11.9s -> sleep 75s
[progress] 1100/1146 recs ok=808 err=292 429=0 | earn ok=342 err=758 429=0
[bucket] calls=30 elapsed=11.8s -> sleep 75s
[bucket] calls=30 elapsed=11.9s -> sleep 75s
[bucket] calls=30 elapsed=11.9s -> sleep 75s
Nightly cache done.
Recs: ok=838 err=308 429=0
Earnings: ok=354 err=792 429=0
Finnhub cached under: /home/runner/work/data_cache/data_cache/data_cache/finnhub_recs/2026-05-02/ and /latest/
Earnings cached under: /home/runner/work/data_cache/data_cache/data_cache/earnings/2026-05-02/ and /latest/
Macro cached under: /home/runner/work/data_cache/data_cache/data_cache/macro_calendar/macro_calendar.csv
Log saved: /home/runner/work/data_cache/data_cache/logs/nightly_cache_2026-05-02T105821Z.log
