Nightly cache start: 2026-02-06T105054Z
REPO_ROOT: /home/runner/work/data_cache/data_cache
DATA_CACHE_DIR: /home/runner/work/data_cache/data_cache/data_cache
Symbols sources: ['sp500_constituents.csv', 'nasdaq100_with_baseline.csv', 'custom_universe_with_sector_baselines.csv', 'russell1000_universe.csv']
FINNHUB key present: True len=40
Rate limit config: MAX_CALLS_PER_MIN=30 SLEEP_ON_MINUTE=75s
YFinance available: True
Macro calendar saved: /home/runner/work/data_cache/data_cache/data_cache/macro_calendar/macro_calendar.csv rows=57 years=[2026, 2027]
Total symbols to cache: 1146
[bucket] calls=30 elapsed=21.3s -> sleep 75s
[bucket] calls=30 elapsed=19.6s -> sleep 75s
[bucket] calls=30 elapsed=19.6s -> sleep 75s
[progress] 50/1146 recs ok=42 err=8 429=0 | earn ok=23 err=27 429=0
[bucket] calls=30 elapsed=19.7s -> sleep 75s
[bucket] calls=30 elapsed=20.0s -> sleep 75s
[bucket] calls=30 elapsed=20.4s -> sleep 75s
[progress] 100/1146 recs ok=76 err=24 429=0 | earn ok=34 err=66 429=0
[bucket] calls=30 elapsed=19.3s -> sleep 75s
[bucket] calls=30 elapsed=19.2s -> sleep 75s
[bucket] calls=30 elapsed=19.1s -> sleep 75s
[progress] 150/1146 recs ok=116 err=34 429=0 | earn ok=55 err=95 429=0
[bucket] calls=30 elapsed=19.9s -> sleep 75s
[bucket] calls=30 elapsed=19.2s -> sleep 75s
[bucket] calls=30 elapsed=20.4s -> sleep 75s
[bucket] calls=30 elapsed=21.6s -> sleep 75s
[progress] 200/1146 recs ok=154 err=46 429=0 | earn ok=70 err=130 429=0
[bucket] calls=30 elapsed=20.4s -> sleep 75s
[bucket] calls=30 elapsed=18.5s -> sleep 75s
[bucket] calls=30 elapsed=19.8s -> sleep 75s
[progress] 250/1146 recs ok=191 err=59 429=0 | earn ok=88 err=162 429=0
[bucket] calls=30 elapsed=20.7s -> sleep 75s
[bucket] calls=30 elapsed=19.4s -> sleep 75s
[bucket] calls=30 elapsed=20.5s -> sleep 75s
[progress] 300/1146 recs ok=228 err=72 429=0 | earn ok=111 err=189 429=0
[bucket] calls=30 elapsed=19.8s -> sleep 75s
[bucket] calls=30 elapsed=20.6s -> sleep 75s
[bucket] calls=30 elapsed=19.3s -> sleep 75s
[bucket] calls=30 elapsed=22.5s -> sleep 75s
[progress] 350/1146 recs ok=264 err=86 429=0 | earn ok=123 err=227 429=0
[bucket] calls=30 elapsed=22.1s -> sleep 75s
[bucket] calls=30 elapsed=20.0s -> sleep 75s
[bucket] calls=30 elapsed=19.6s -> sleep 75s
[progress] 400/1146 recs ok=302 err=98 429=0 | earn ok=147 err=253 429=0
[bucket] calls=30 elapsed=19.9s -> sleep 75s
[bucket] calls=30 elapsed=20.5s -> sleep 75s
[bucket] calls=30 elapsed=19.9s -> sleep 75s
[progress] 450/1146 recs ok=336 err=114 429=0 | earn ok=160 err=290 429=0
[bucket] calls=30 elapsed=20.7s -> sleep 75s
[bucket] calls=30 elapsed=19.6s -> sleep 75s
[bucket] calls=30 elapsed=19.6s -> sleep 75s
[bucket] calls=30 elapsed=21.3s -> sleep 75s
[progress] 500/1146 recs ok=369 err=131 429=0 | earn ok=177 err=323 429=0
[bucket] calls=30 elapsed=20.0s -> sleep 75s
[bucket] calls=30 elapsed=20.3s -> sleep 75s
[bucket] calls=30 elapsed=19.9s -> sleep 75s
[progress] 550/1146 recs ok=407 err=143 429=0 | earn ok=197 err=353 429=0
[bucket] calls=30 elapsed=20.5s -> sleep 75s
[bucket] calls=30 elapsed=23.0s -> sleep 75s
[bucket] calls=30 elapsed=23.4s -> sleep 75s
[progress] 600/1146 recs ok=447 err=153 429=0 | earn ok=217 err=383 429=0
[bucket] calls=30 elapsed=19.7s -> sleep 75s
[bucket] calls=30 elapsed=20.1s -> sleep 75s
[bucket] calls=30 elapsed=20.6s -> sleep 75s
[bucket] calls=30 elapsed=19.9s -> sleep 75s
[progress] 650/1146 recs ok=481 err=169 429=0 | earn ok=230 err=420 429=0
[bucket] calls=30 elapsed=18.6s -> sleep 75s
[bucket] calls=30 elapsed=20.0s -> sleep 75s
[bucket] calls=30 elapsed=19.8s -> sleep 75s
[progress] 700/1146 recs ok=520 err=180 429=0 | earn ok=250 err=450 429=0
[bucket] calls=30 elapsed=20.9s -> sleep 75s
[bucket] calls=30 elapsed=20.1s -> sleep 75s
[bucket] calls=30 elapsed=20.7s -> sleep 75s
[progress] 750/1146 recs ok=556 err=194 429=0 | earn ok=267 err=483 429=0
[bucket] calls=30 elapsed=19.3s -> sleep 75s
[bucket] calls=30 elapsed=20.4s -> sleep 75s
[bucket] calls=30 elapsed=19.8s -> sleep 75s
[bucket] calls=30 elapsed=20.2s -> sleep 75s
[progress] 800/1146 recs ok=594 err=206 429=0 | earn ok=290 err=510 429=0
[bucket] calls=30 elapsed=21.4s -> sleep 75s
[bucket] calls=30 elapsed=19.3s -> sleep 75s
[bucket] calls=30 elapsed=19.6s -> sleep 75s
[progress] 850/1146 recs ok=629 err=221 429=0 | earn ok=304 err=546 429=0
[bucket] calls=30 elapsed=21.4s -> sleep 75s
[bucket] calls=30 elapsed=20.5s -> sleep 75s
[bucket] calls=30 elapsed=19.4s -> sleep 75s
[progress] 900/1146 recs ok=666 err=234 429=0 | earn ok=324 err=576 429=0
[bucket] calls=30 elapsed=19.0s -> sleep 75s
[bucket] calls=30 elapsed=20.0s -> sleep 75s
[bucket] calls=30 elapsed=20.4s -> sleep 75s
[bucket] calls=30 elapsed=21.1s -> sleep 75s
[progress] 950/1146 recs ok=701 err=249 429=0 | earn ok=340 err=610 429=0
[bucket] calls=30 elapsed=19.5s -> sleep 75s
[bucket] calls=30 elapsed=18.9s -> sleep 75s
[bucket] calls=30 elapsed=21.2s -> sleep 75s
[progress] 1000/1146 recs ok=736 err=264 429=0 | earn ok=355 err=645 429=0
[bucket] calls=30 elapsed=18.9s -> sleep 75s
[bucket] calls=30 elapsed=20.2s -> sleep 75s
[bucket] calls=30 elapsed=20.0s -> sleep 75s
[progress] 1050/1146 recs ok=771 err=279 429=0 | earn ok=369 err=681 429=0
[bucket] calls=30 elapsed=19.4s -> sleep 75s
[bucket] calls=30 elapsed=20.4s -> sleep 75s
[bucket] calls=30 elapsed=20.6s -> sleep 75s
[bucket] calls=30 elapsed=19.4s -> sleep 75s
[progress] 1100/1146 recs ok=806 err=294 429=0 | earn ok=389 err=711 429=0
[bucket] calls=30 elapsed=19.6s -> sleep 75s
[bucket] calls=30 elapsed=20.3s -> sleep 75s
[bucket] calls=30 elapsed=20.9s -> sleep 75s
Nightly cache done.
Recs: ok=836 err=310 429=0
Earnings: ok=404 err=742 429=0
Finnhub cached under: /home/runner/work/data_cache/data_cache/data_cache/finnhub_recs/2026-02-06/ and /latest/
Earnings cached under: /home/runner/work/data_cache/data_cache/data_cache/earnings/2026-02-06/ and /latest/
Macro cached under: /home/runner/work/data_cache/data_cache/data_cache/macro_calendar/macro_calendar.csv
Log saved: /home/runner/work/data_cache/data_cache/logs/nightly_cache_2026-02-06T105054Z.log
