Nightly cache start: 2026-05-18T135255Z
REPO_ROOT: /home/runner/work/data_cache/data_cache
DATA_CACHE_DIR: /home/runner/work/data_cache/data_cache/data_cache
Symbols sources: ['sp500_constituents.csv', 'nasdaq100_with_baseline.csv', 'custom_universe_with_sector_baselines.csv', 'russell1000_universe.csv']
FINNHUB key present: True len=40
Rate limit config: MAX_CALLS_PER_MIN=30 SLEEP_ON_MINUTE=75s
YFinance available: True
Macro calendar saved: /home/runner/work/data_cache/data_cache/data_cache/macro_calendar/macro_calendar.csv rows=57 years=[2026, 2027]
Total symbols to cache: 1146
[bucket] calls=30 elapsed=15.7s -> sleep 75s
[bucket] calls=30 elapsed=15.2s -> sleep 75s
[bucket] calls=30 elapsed=14.9s -> sleep 75s
[progress] 50/1146 recs ok=42 err=8 429=0 | earn ok=9 err=41 429=0
[bucket] calls=30 elapsed=14.3s -> sleep 75s
[bucket] calls=30 elapsed=14.5s -> sleep 75s
[bucket] calls=30 elapsed=185.9s -> sleep 75s
[progress] 100/1146 recs ok=76 err=24 429=0 | earn ok=12 err=88 429=0
[bucket] calls=30 elapsed=14.5s -> sleep 75s
[bucket] calls=30 elapsed=14.8s -> sleep 75s
[bucket] calls=30 elapsed=15.0s -> sleep 75s
[progress] 150/1146 recs ok=116 err=34 429=0 | earn ok=21 err=129 429=0
[bucket] calls=30 elapsed=15.0s -> sleep 75s
[bucket] calls=30 elapsed=14.1s -> sleep 75s
[bucket] calls=30 elapsed=14.0s -> sleep 75s
[bucket] calls=30 elapsed=14.3s -> sleep 75s
[progress] 200/1146 recs ok=154 err=46 429=0 | earn ok=26 err=174 429=0
[bucket] calls=30 elapsed=14.2s -> sleep 75s
[bucket] calls=30 elapsed=14.6s -> sleep 75s
[bucket] calls=30 elapsed=15.3s -> sleep 75s
[progress] 250/1146 recs ok=191 err=59 429=0 | earn ok=31 err=219 429=0
[bucket] calls=30 elapsed=15.2s -> sleep 75s
[bucket] calls=30 elapsed=15.3s -> sleep 75s
[bucket] calls=30 elapsed=14.5s -> sleep 75s
[progress] 300/1146 recs ok=228 err=72 429=0 | earn ok=40 err=260 429=0
[bucket] calls=30 elapsed=14.5s -> sleep 75s
[bucket] calls=30 elapsed=14.5s -> sleep 75s
[bucket] calls=30 elapsed=15.4s -> sleep 75s
[bucket] calls=30 elapsed=15.7s -> sleep 75s
[progress] 350/1146 recs ok=264 err=86 429=0 | earn ok=43 err=307 429=0
[bucket] calls=30 elapsed=15.0s -> sleep 75s
[bucket] calls=30 elapsed=14.2s -> sleep 75s
[bucket] calls=30 elapsed=14.5s -> sleep 75s
[progress] 400/1146 recs ok=302 err=98 429=0 | earn ok=50 err=350 429=0
[bucket] calls=30 elapsed=14.8s -> sleep 75s
[bucket] calls=30 elapsed=14.5s -> sleep 75s
[bucket] calls=30 elapsed=13.9s -> sleep 75s
[progress] 450/1146 recs ok=336 err=114 429=0 | earn ok=57 err=393 429=0
[bucket] calls=30 elapsed=15.3s -> sleep 75s
[bucket] calls=30 elapsed=14.4s -> sleep 75s
[bucket] calls=30 elapsed=14.4s -> sleep 75s
[bucket] calls=30 elapsed=15.8s -> sleep 75s
[progress] 500/1146 recs ok=369 err=131 429=0 | earn ok=64 err=436 429=0
[bucket] calls=30 elapsed=20.1s -> sleep 75s
[bucket] calls=30 elapsed=14.6s -> sleep 75s
[bucket] calls=30 elapsed=14.7s -> sleep 75s
[progress] 550/1146 recs ok=407 err=143 429=0 | earn ok=68 err=482 429=0
[bucket] calls=30 elapsed=15.1s -> sleep 75s
[bucket] calls=30 elapsed=15.1s -> sleep 75s
[bucket] calls=30 elapsed=14.3s -> sleep 75s
[progress] 600/1146 recs ok=447 err=153 429=0 | earn ok=76 err=524 429=0
[bucket] calls=30 elapsed=14.6s -> sleep 75s
[bucket] calls=30 elapsed=23.7s -> sleep 75s
[bucket] calls=30 elapsed=15.5s -> sleep 75s
[bucket] calls=30 elapsed=15.3s -> sleep 75s
[progress] 650/1146 recs ok=482 err=168 429=0 | earn ok=81 err=569 429=0
[bucket] calls=30 elapsed=15.8s -> sleep 75s
[bucket] calls=30 elapsed=15.6s -> sleep 75s
[bucket] calls=30 elapsed=14.5s -> sleep 75s
[progress] 700/1146 recs ok=521 err=179 429=0 | earn ok=90 err=610 429=0
[bucket] calls=30 elapsed=15.3s -> sleep 75s
[bucket] calls=30 elapsed=14.8s -> sleep 75s
[bucket] calls=30 elapsed=14.9s -> sleep 75s
[progress] 750/1146 recs ok=557 err=193 429=0 | earn ok=97 err=653 429=0
[bucket] calls=30 elapsed=16.3s -> sleep 75s
[bucket] calls=30 elapsed=17.1s -> sleep 75s
[bucket] calls=30 elapsed=14.8s -> sleep 75s
[bucket] calls=30 elapsed=14.4s -> sleep 75s
[progress] 800/1146 recs ok=596 err=204 429=0 | earn ok=104 err=696 429=0
[bucket] calls=30 elapsed=16.2s -> sleep 75s
[bucket] calls=30 elapsed=15.3s -> sleep 75s
[bucket] calls=30 elapsed=15.4s -> sleep 75s
[progress] 850/1146 recs ok=630 err=220 429=0 | earn ok=108 err=742 429=0
[bucket] calls=30 elapsed=14.5s -> sleep 75s
[bucket] calls=30 elapsed=14.6s -> sleep 75s
[bucket] calls=30 elapsed=14.8s -> sleep 75s
[progress] 900/1146 recs ok=668 err=232 429=0 | earn ok=113 err=787 429=0
[bucket] calls=30 elapsed=14.7s -> sleep 75s
[bucket] calls=30 elapsed=15.9s -> sleep 75s
[bucket] calls=30 elapsed=14.5s -> sleep 75s
[bucket] calls=30 elapsed=16.6s -> sleep 75s
[progress] 950/1146 recs ok=703 err=247 429=0 | earn ok=123 err=827 429=0
[bucket] calls=30 elapsed=16.1s -> sleep 75s
[bucket] calls=30 elapsed=15.3s -> sleep 75s
[bucket] calls=30 elapsed=16.6s -> sleep 75s
[progress] 1000/1146 recs ok=738 err=262 429=0 | earn ok=128 err=872 429=0
[bucket] calls=30 elapsed=16.3s -> sleep 75s
[bucket] calls=30 elapsed=15.3s -> sleep 75s
[bucket] calls=30 elapsed=16.1s -> sleep 75s
[progress] 1050/1146 recs ok=773 err=277 429=0 | earn ok=136 err=914 429=0
[bucket] calls=30 elapsed=14.8s -> sleep 75s
[bucket] calls=30 elapsed=14.8s -> sleep 75s
[bucket] calls=30 elapsed=15.0s -> sleep 75s
[bucket] calls=30 elapsed=15.6s -> sleep 75s
[progress] 1100/1146 recs ok=808 err=292 429=0 | earn ok=141 err=959 429=0
[bucket] calls=30 elapsed=15.0s -> sleep 75s
[bucket] calls=30 elapsed=15.3s -> sleep 75s
[bucket] calls=30 elapsed=14.8s -> sleep 75s
Nightly cache done.
Recs: ok=838 err=308 429=0
Earnings: ok=145 err=1001 429=0
Finnhub cached under: /home/runner/work/data_cache/data_cache/data_cache/finnhub_recs/2026-05-18/ and /latest/
Earnings cached under: /home/runner/work/data_cache/data_cache/data_cache/earnings/2026-05-18/ and /latest/
Macro cached under: /home/runner/work/data_cache/data_cache/data_cache/macro_calendar/macro_calendar.csv
Log saved: /home/runner/work/data_cache/data_cache/logs/nightly_cache_2026-05-18T135255Z.log
