Nightly cache start: 2026-07-23T115519Z
REPO_ROOT: /home/runner/work/data_cache/data_cache
DATA_CACHE_DIR: /home/runner/work/data_cache/data_cache/data_cache
Symbols sources: ['sp500_constituents.csv', 'nasdaq100_with_baseline.csv', 'custom_universe_with_sector_baselines.csv', 'russell1000_universe.csv']
FINNHUB key present: True len=40
Rate limit config: MAX_CALLS_PER_MIN=30 SLEEP_ON_MINUTE=75s
YFinance available: True
Macro calendar saved: /home/runner/work/data_cache/data_cache/data_cache/macro_calendar/macro_calendar.csv rows=57 years=[2026, 2027]
Total symbols to cache: 1146
[bucket] calls=30 elapsed=10.4s -> sleep 75s
[bucket] calls=30 elapsed=9.0s -> sleep 75s
[bucket] calls=30 elapsed=9.7s -> sleep 75s
[progress] 50/1146 recs ok=42 err=8 429=0 | earn ok=33 err=17 429=0
[bucket] calls=30 elapsed=9.4s -> sleep 75s
[bucket] calls=30 elapsed=19.2s -> sleep 75s
[bucket] calls=30 elapsed=9.9s -> sleep 75s
[progress] 100/1146 recs ok=77 err=23 429=0 | earn ok=62 err=38 429=0
[bucket] calls=30 elapsed=9.7s -> sleep 75s
[bucket] calls=30 elapsed=9.4s -> sleep 75s
[bucket] calls=30 elapsed=9.6s -> sleep 75s
[progress] 150/1146 recs ok=116 err=34 429=0 | earn ok=95 err=55 429=0
[bucket] calls=30 elapsed=10.8s -> sleep 75s
[bucket] calls=30 elapsed=8.9s -> sleep 75s
[bucket] calls=30 elapsed=12.3s -> sleep 75s
[bucket] calls=30 elapsed=10.0s -> sleep 75s
[progress] 200/1146 recs ok=154 err=46 429=0 | earn ok=123 err=77 429=0
[bucket] calls=30 elapsed=9.9s -> sleep 75s
[bucket] calls=30 elapsed=9.6s -> sleep 75s
[bucket] calls=30 elapsed=9.3s -> sleep 75s
[progress] 250/1146 recs ok=191 err=59 429=0 | earn ok=153 err=97 429=0
[bucket] calls=30 elapsed=10.8s -> sleep 75s
[bucket] calls=30 elapsed=9.8s -> sleep 75s
[bucket] calls=30 elapsed=10.3s -> sleep 75s
[progress] 300/1146 recs ok=228 err=72 429=0 | earn ok=183 err=117 429=0
[bucket] calls=30 elapsed=10.8s -> sleep 75s
[bucket] calls=30 elapsed=9.3s -> sleep 75s
[bucket] calls=30 elapsed=9.9s -> sleep 75s
[bucket] calls=30 elapsed=8.8s -> sleep 75s
[progress] 350/1146 recs ok=264 err=86 429=0 | earn ok=209 err=141 429=0
[bucket] calls=30 elapsed=9.9s -> sleep 75s
[bucket] calls=30 elapsed=9.1s -> sleep 75s
[bucket] calls=30 elapsed=14.1s -> sleep 75s
[progress] 400/1146 recs ok=302 err=98 429=0 | earn ok=240 err=160 429=0
[bucket] calls=30 elapsed=9.8s -> sleep 75s
[bucket] calls=30 elapsed=9.0s -> sleep 75s
[bucket] calls=30 elapsed=9.5s -> sleep 75s
[progress] 450/1146 recs ok=336 err=114 429=0 | earn ok=267 err=183 429=0
[bucket] calls=30 elapsed=8.9s -> sleep 75s
[bucket] calls=30 elapsed=10.5s -> sleep 75s
[bucket] calls=30 elapsed=9.3s -> sleep 75s
[bucket] calls=30 elapsed=9.2s -> sleep 75s
[progress] 500/1146 recs ok=369 err=131 429=0 | earn ok=292 err=208 429=0
[bucket] calls=30 elapsed=10.3s -> sleep 75s
[bucket] calls=30 elapsed=10.0s -> sleep 75s
[bucket] calls=30 elapsed=10.9s -> sleep 75s
[progress] 550/1146 recs ok=407 err=143 429=0 | earn ok=324 err=226 429=0
[bucket] calls=30 elapsed=9.9s -> sleep 75s
[bucket] calls=30 elapsed=10.3s -> sleep 75s
[bucket] calls=30 elapsed=9.3s -> sleep 75s
[progress] 600/1146 recs ok=447 err=153 429=0 | earn ok=357 err=243 429=0
[bucket] calls=30 elapsed=9.4s -> sleep 75s
[bucket] calls=30 elapsed=9.8s -> sleep 75s
[bucket] calls=30 elapsed=10.2s -> sleep 75s
[bucket] calls=30 elapsed=9.7s -> sleep 75s
[progress] 650/1146 recs ok=482 err=168 429=0 | earn ok=388 err=262 429=0
[bucket] calls=30 elapsed=9.2s -> sleep 75s
[bucket] calls=30 elapsed=9.0s -> sleep 75s
[bucket] calls=30 elapsed=9.2s -> sleep 75s
[progress] 700/1146 recs ok=521 err=179 429=0 | earn ok=418 err=282 429=0
[bucket] calls=30 elapsed=43.1s -> sleep 75s
[bucket] calls=30 elapsed=12.3s -> sleep 75s
[bucket] calls=30 elapsed=10.7s -> sleep 75s
[progress] 750/1146 recs ok=557 err=193 429=0 | earn ok=445 err=305 429=0
[bucket] calls=30 elapsed=10.3s -> sleep 75s
[bucket] calls=30 elapsed=10.1s -> sleep 75s
[bucket] calls=30 elapsed=9.3s -> sleep 75s
[bucket] calls=30 elapsed=10.2s -> sleep 75s
[progress] 800/1146 recs ok=596 err=204 429=0 | earn ok=475 err=325 429=0
[bucket] calls=30 elapsed=11.3s -> sleep 75s
[bucket] calls=30 elapsed=9.8s -> sleep 75s
[bucket] calls=30 elapsed=11.5s -> sleep 75s
[progress] 850/1146 recs ok=630 err=220 429=0 | earn ok=505 err=345 429=0
[bucket] calls=30 elapsed=11.9s -> sleep 75s
[bucket] calls=30 elapsed=9.5s -> sleep 75s
[bucket] calls=30 elapsed=10.0s -> sleep 75s
[progress] 900/1146 recs ok=667 err=233 429=0 | earn ok=530 err=370 429=0
[bucket] calls=30 elapsed=10.9s -> sleep 75s
[bucket] calls=30 elapsed=10.8s -> sleep 75s
[bucket] calls=30 elapsed=9.8s -> sleep 75s
[bucket] calls=30 elapsed=9.9s -> sleep 75s
[progress] 950/1146 recs ok=702 err=248 429=0 | earn ok=557 err=393 429=0
[bucket] calls=30 elapsed=9.7s -> sleep 75s
[bucket] calls=30 elapsed=9.3s -> sleep 75s
[bucket] calls=30 elapsed=10.0s -> sleep 75s
[progress] 1000/1146 recs ok=737 err=263 429=0 | earn ok=584 err=416 429=0
[bucket] calls=30 elapsed=9.3s -> sleep 75s
[bucket] calls=30 elapsed=40.5s -> sleep 75s
[bucket] calls=30 elapsed=24.1s -> sleep 75s
[progress] 1050/1146 recs ok=772 err=278 429=0 | earn ok=611 err=439 429=0
[bucket] calls=30 elapsed=14.2s -> sleep 75s
[bucket] calls=30 elapsed=15.4s -> sleep 75s
[bucket] calls=30 elapsed=13.1s -> sleep 75s
[bucket] calls=30 elapsed=13.1s -> sleep 75s
[progress] 1100/1146 recs ok=807 err=293 429=0 | earn ok=639 err=461 429=0
[bucket] calls=30 elapsed=13.7s -> sleep 75s
[bucket] calls=30 elapsed=13.5s -> sleep 75s
[bucket] calls=30 elapsed=12.1s -> sleep 75s
Nightly cache done.
Recs: ok=837 err=309 429=0
Earnings: ok=661 err=485 429=0
Finnhub cached under: /home/runner/work/data_cache/data_cache/data_cache/finnhub_recs/2026-07-23/ and /latest/
Earnings cached under: /home/runner/work/data_cache/data_cache/data_cache/earnings/2026-07-23/ and /latest/
Macro cached under: /home/runner/work/data_cache/data_cache/data_cache/macro_calendar/macro_calendar.csv
Log saved: /home/runner/work/data_cache/data_cache/logs/nightly_cache_2026-07-23T115519Z.log
