Nightly cache start: 2026-03-17T105833Z
REPO_ROOT: /home/runner/work/data_cache/data_cache
DATA_CACHE_DIR: /home/runner/work/data_cache/data_cache/data_cache
Symbols sources: ['sp500_constituents.csv', 'nasdaq100_with_baseline.csv', 'custom_universe_with_sector_baselines.csv', 'russell1000_universe.csv']
FINNHUB key present: True len=40
Rate limit config: MAX_CALLS_PER_MIN=30 SLEEP_ON_MINUTE=75s
YFinance available: True
Macro calendar saved: /home/runner/work/data_cache/data_cache/data_cache/macro_calendar/macro_calendar.csv rows=57 years=[2026, 2027]
Total symbols to cache: 1146
[bucket] calls=30 elapsed=16.0s -> sleep 75s
[bucket] calls=30 elapsed=14.6s -> sleep 75s
[bucket] calls=30 elapsed=16.6s -> sleep 75s
[progress] 50/1146 recs ok=42 err=8 429=0 | earn ok=32 err=18 429=0
[bucket] calls=30 elapsed=14.4s -> sleep 75s
[bucket] calls=30 elapsed=17.0s -> sleep 75s
[bucket] calls=30 elapsed=16.4s -> sleep 75s
[progress] 100/1146 recs ok=76 err=24 429=0 | earn ok=63 err=37 429=0
[bucket] calls=30 elapsed=14.4s -> sleep 75s
[bucket] calls=30 elapsed=14.4s -> sleep 75s
[bucket] calls=30 elapsed=15.5s -> sleep 75s
[progress] 150/1146 recs ok=116 err=34 429=0 | earn ok=97 err=53 429=0
[bucket] calls=30 elapsed=14.9s -> sleep 75s
[bucket] calls=30 elapsed=14.6s -> sleep 75s
[bucket] calls=30 elapsed=14.7s -> sleep 75s
[bucket] calls=30 elapsed=15.0s -> sleep 75s
[progress] 200/1146 recs ok=154 err=46 429=0 | earn ok=133 err=67 429=0
[bucket] calls=30 elapsed=24.1s -> sleep 75s
[bucket] calls=30 elapsed=15.4s -> sleep 75s
[bucket] calls=30 elapsed=15.6s -> sleep 75s
[progress] 250/1146 recs ok=188 err=62 429=0 | earn ok=160 err=90 429=0
[bucket] calls=30 elapsed=161.0s -> sleep 75s
[bucket] calls=30 elapsed=15.5s -> sleep 75s
[bucket] calls=30 elapsed=14.8s -> sleep 75s
[progress] 300/1146 recs ok=224 err=76 429=0 | earn ok=187 err=113 429=0
[bucket] calls=30 elapsed=68.3s -> sleep 75s
[bucket] calls=30 elapsed=132.8s -> sleep 75s
[bucket] calls=30 elapsed=14.8s -> sleep 75s
[bucket] calls=30 elapsed=14.8s -> sleep 75s
[progress] 350/1146 recs ok=257 err=93 429=0 | earn ok=217 err=133 429=0
[bucket] calls=30 elapsed=14.6s -> sleep 75s
[bucket] calls=30 elapsed=14.5s -> sleep 75s
[bucket] calls=30 elapsed=15.0s -> sleep 75s
[progress] 400/1146 recs ok=295 err=105 429=0 | earn ok=255 err=145 429=0
[bucket] calls=30 elapsed=16.0s -> sleep 75s
[bucket] calls=30 elapsed=23.0s -> sleep 75s
[bucket] calls=30 elapsed=14.0s -> sleep 75s
[progress] 450/1146 recs ok=329 err=121 429=0 | earn ok=285 err=165 429=0
[bucket] calls=30 elapsed=15.8s -> sleep 75s
[bucket] calls=30 elapsed=14.6s -> sleep 75s
[bucket] calls=30 elapsed=18.3s -> sleep 75s
[bucket] calls=30 elapsed=14.9s -> sleep 75s
[progress] 500/1146 recs ok=362 err=138 429=0 | earn ok=311 err=189 429=0
[bucket] calls=30 elapsed=15.5s -> sleep 75s
[bucket] calls=30 elapsed=14.1s -> sleep 75s
[bucket] calls=30 elapsed=15.5s -> sleep 75s
[progress] 550/1146 recs ok=400 err=150 429=0 | earn ok=347 err=203 429=0
[bucket] calls=30 elapsed=15.1s -> sleep 75s
[bucket] calls=30 elapsed=14.8s -> sleep 75s
[bucket] calls=30 elapsed=16.8s -> sleep 75s
[progress] 600/1146 recs ok=438 err=162 429=0 | earn ok=381 err=219 429=0
[bucket] calls=30 elapsed=93.1s -> sleep 75s
[bucket] calls=30 elapsed=18.4s -> sleep 75s
[bucket] calls=30 elapsed=16.0s -> sleep 75s
[bucket] calls=30 elapsed=16.1s -> sleep 75s
[progress] 650/1146 recs ok=473 err=177 429=0 | earn ok=410 err=240 429=0
[bucket] calls=30 elapsed=14.6s -> sleep 75s
[bucket] calls=30 elapsed=16.1s -> sleep 75s
[bucket] calls=30 elapsed=14.9s -> sleep 75s
[progress] 700/1146 recs ok=512 err=188 429=0 | earn ok=443 err=257 429=0
[bucket] calls=30 elapsed=15.1s -> sleep 75s
[bucket] calls=30 elapsed=14.8s -> sleep 75s
[bucket] calls=30 elapsed=14.4s -> sleep 75s
[progress] 750/1146 recs ok=548 err=202 429=0 | earn ok=474 err=276 429=0
[bucket] calls=30 elapsed=14.6s -> sleep 75s
[bucket] calls=30 elapsed=14.4s -> sleep 75s
[bucket] calls=30 elapsed=14.4s -> sleep 75s
[bucket] calls=30 elapsed=15.1s -> sleep 75s
[progress] 800/1146 recs ok=586 err=214 429=0 | earn ok=508 err=292 429=0
[bucket] calls=30 elapsed=14.7s -> sleep 75s
[bucket] calls=30 elapsed=14.3s -> sleep 75s
[bucket] calls=30 elapsed=14.3s -> sleep 75s
[progress] 850/1146 recs ok=620 err=230 429=0 | earn ok=538 err=312 429=0
[bucket] calls=30 elapsed=15.6s -> sleep 75s
[bucket] calls=30 elapsed=14.8s -> sleep 75s
[bucket] calls=30 elapsed=14.0s -> sleep 75s
[progress] 900/1146 recs ok=657 err=243 429=0 | earn ok=569 err=331 429=0
[bucket] calls=30 elapsed=14.1s -> sleep 75s
[bucket] calls=30 elapsed=14.4s -> sleep 75s
[bucket] calls=30 elapsed=15.3s -> sleep 75s
[bucket] calls=30 elapsed=14.5s -> sleep 75s
[progress] 950/1146 recs ok=692 err=258 429=0 | earn ok=599 err=351 429=0
[bucket] calls=30 elapsed=15.3s -> sleep 75s
[bucket] calls=30 elapsed=15.0s -> sleep 75s
[bucket] calls=30 elapsed=17.2s -> sleep 75s
[progress] 1000/1146 recs ok=727 err=273 429=0 | earn ok=627 err=373 429=0
[bucket] calls=30 elapsed=16.3s -> sleep 75s
[bucket] calls=30 elapsed=15.0s -> sleep 75s
[bucket] calls=30 elapsed=14.5s -> sleep 75s
[progress] 1050/1146 recs ok=762 err=288 429=0 | earn ok=657 err=393 429=0
[bucket] calls=30 elapsed=14.7s -> sleep 75s
[bucket] calls=30 elapsed=15.4s -> sleep 75s
[bucket] calls=30 elapsed=15.5s -> sleep 75s
[bucket] calls=30 elapsed=14.4s -> sleep 75s
[progress] 1100/1146 recs ok=797 err=303 429=0 | earn ok=689 err=411 429=0
[bucket] calls=30 elapsed=15.2s -> sleep 75s
[bucket] calls=30 elapsed=15.1s -> sleep 75s
[bucket] calls=30 elapsed=15.1s -> sleep 75s
Nightly cache done.
Recs: ok=827 err=319 429=0
Earnings: ok=711 err=435 429=0
Finnhub cached under: /home/runner/work/data_cache/data_cache/data_cache/finnhub_recs/2026-03-17/ and /latest/
Earnings cached under: /home/runner/work/data_cache/data_cache/data_cache/earnings/2026-03-17/ and /latest/
Macro cached under: /home/runner/work/data_cache/data_cache/data_cache/macro_calendar/macro_calendar.csv
Log saved: /home/runner/work/data_cache/data_cache/logs/nightly_cache_2026-03-17T105833Z.log
