Nightly cache start: 2026-01-27T103736Z
REPO_ROOT: /home/runner/work/data_cache/data_cache
DATA_CACHE_DIR: /home/runner/work/data_cache/data_cache/data_cache
Symbols sources: ['sp500_constituents.csv', 'nasdaq100_with_baseline.csv', 'custom_universe_with_sector_baselines.csv', 'russell1000_universe.csv']
FINNHUB key present: True len=40
Rate limit config: MAX_CALLS_PER_MIN=30 SLEEP_ON_MINUTE=75s
YFinance available: True
Macro calendar saved: /home/runner/work/data_cache/data_cache/data_cache/macro_calendar/macro_calendar.csv rows=57 years=[2026, 2027]
Total symbols to cache: 1146
[bucket] calls=30 elapsed=21.7s -> sleep 75s
[bucket] calls=30 elapsed=19.1s -> sleep 75s
[bucket] calls=30 elapsed=18.3s -> sleep 75s
[progress] 50/1146 recs ok=42 err=8 429=0 | earn ok=34 err=16 429=0
[bucket] calls=30 elapsed=18.6s -> sleep 75s
[bucket] calls=30 elapsed=21.1s -> sleep 75s
[bucket] calls=30 elapsed=19.8s -> sleep 75s
[progress] 100/1146 recs ok=76 err=24 429=0 | earn ok=63 err=37 429=0
[bucket] calls=30 elapsed=19.3s -> sleep 75s
[bucket] calls=30 elapsed=18.5s -> sleep 75s
[bucket] calls=30 elapsed=21.1s -> sleep 75s
[progress] 150/1146 recs ok=116 err=34 429=0 | earn ok=96 err=54 429=0
[bucket] calls=30 elapsed=19.3s -> sleep 75s
[bucket] calls=30 elapsed=18.5s -> sleep 75s
[bucket] calls=30 elapsed=18.8s -> sleep 75s
[bucket] calls=30 elapsed=19.7s -> sleep 75s
[progress] 200/1146 recs ok=154 err=46 429=0 | earn ok=127 err=73 429=0
[bucket] calls=30 elapsed=20.1s -> sleep 75s
[bucket] calls=30 elapsed=18.8s -> sleep 75s
[bucket] calls=30 elapsed=20.3s -> sleep 75s
[progress] 250/1146 recs ok=191 err=59 429=0 | earn ok=159 err=91 429=0
[bucket] calls=30 elapsed=19.1s -> sleep 75s
[bucket] calls=30 elapsed=19.2s -> sleep 75s
[bucket] calls=30 elapsed=20.0s -> sleep 75s
[progress] 300/1146 recs ok=228 err=72 429=0 | earn ok=188 err=112 429=0
[bucket] calls=30 elapsed=18.7s -> sleep 75s
[bucket] calls=30 elapsed=20.0s -> sleep 75s
[bucket] calls=30 elapsed=20.5s -> sleep 75s
[bucket] calls=30 elapsed=22.3s -> sleep 75s
[progress] 350/1146 recs ok=264 err=86 429=0 | earn ok=218 err=132 429=0
[bucket] calls=30 elapsed=19.1s -> sleep 75s
[bucket] calls=30 elapsed=18.5s -> sleep 75s
[bucket] calls=30 elapsed=20.1s -> sleep 75s
[progress] 400/1146 recs ok=302 err=98 429=0 | earn ok=249 err=151 429=0
[bucket] calls=30 elapsed=19.7s -> sleep 75s
[bucket] calls=30 elapsed=19.0s -> sleep 75s
[bucket] calls=30 elapsed=19.7s -> sleep 75s
[progress] 450/1146 recs ok=336 err=114 429=0 | earn ok=280 err=170 429=0
[bucket] calls=30 elapsed=19.4s -> sleep 75s
[bucket] calls=30 elapsed=19.5s -> sleep 75s
[bucket] calls=30 elapsed=19.1s -> sleep 75s
[bucket] calls=30 elapsed=19.9s -> sleep 75s
[progress] 500/1146 recs ok=369 err=131 429=0 | earn ok=306 err=194 429=0
[bucket] calls=30 elapsed=19.3s -> sleep 75s
[bucket] calls=30 elapsed=18.9s -> sleep 75s
[bucket] calls=30 elapsed=19.4s -> sleep 75s
[progress] 550/1146 recs ok=407 err=143 429=0 | earn ok=341 err=209 429=0
[bucket] calls=30 elapsed=19.3s -> sleep 75s
[bucket] calls=30 elapsed=21.4s -> sleep 75s
[bucket] calls=30 elapsed=18.2s -> sleep 75s
[progress] 600/1146 recs ok=447 err=153 429=0 | earn ok=373 err=227 429=0
[bucket] calls=30 elapsed=18.4s -> sleep 75s
[bucket] calls=30 elapsed=21.0s -> sleep 75s
[bucket] calls=30 elapsed=22.4s -> sleep 75s
[bucket] calls=30 elapsed=19.1s -> sleep 75s
[progress] 650/1146 recs ok=481 err=169 429=0 | earn ok=402 err=248 429=0
[bucket] calls=30 elapsed=18.6s -> sleep 75s
[bucket] calls=30 elapsed=19.6s -> sleep 75s
[bucket] calls=30 elapsed=18.7s -> sleep 75s
[progress] 700/1146 recs ok=521 err=179 429=0 | earn ok=436 err=264 429=0
[bucket] calls=30 elapsed=20.1s -> sleep 75s
[bucket] calls=30 elapsed=18.8s -> sleep 75s
[bucket] calls=30 elapsed=19.4s -> sleep 75s
[progress] 750/1146 recs ok=557 err=193 429=0 | earn ok=465 err=285 429=0
[bucket] calls=30 elapsed=18.9s -> sleep 75s
[bucket] calls=30 elapsed=20.5s -> sleep 75s
[bucket] calls=30 elapsed=18.3s -> sleep 75s
[bucket] calls=30 elapsed=20.1s -> sleep 75s
[progress] 800/1146 recs ok=595 err=205 429=0 | earn ok=499 err=301 429=0
[bucket] calls=30 elapsed=18.9s -> sleep 75s
[bucket] calls=30 elapsed=19.2s -> sleep 75s
[bucket] calls=30 elapsed=19.6s -> sleep 75s
[progress] 850/1146 recs ok=630 err=220 429=0 | earn ok=529 err=321 429=0
[bucket] calls=30 elapsed=19.6s -> sleep 75s
[bucket] calls=30 elapsed=19.3s -> sleep 75s
[bucket] calls=30 elapsed=20.4s -> sleep 75s
[progress] 900/1146 recs ok=667 err=233 429=0 | earn ok=560 err=340 429=0
[bucket] calls=30 elapsed=19.5s -> sleep 75s
[bucket] calls=30 elapsed=19.8s -> sleep 75s
[bucket] calls=30 elapsed=19.1s -> sleep 75s
[bucket] calls=30 elapsed=20.5s -> sleep 75s
[progress] 950/1146 recs ok=702 err=248 429=0 | earn ok=587 err=363 429=0
[bucket] calls=30 elapsed=19.6s -> sleep 75s
[bucket] calls=30 elapsed=19.7s -> sleep 75s
[bucket] calls=30 elapsed=19.9s -> sleep 75s
[progress] 1000/1146 recs ok=737 err=263 429=0 | earn ok=617 err=383 429=0
[bucket] calls=30 elapsed=19.2s -> sleep 75s
[bucket] calls=30 elapsed=18.8s -> sleep 75s
[bucket] calls=30 elapsed=18.8s -> sleep 75s
[progress] 1050/1146 recs ok=772 err=278 429=0 | earn ok=648 err=402 429=0
[bucket] calls=30 elapsed=19.3s -> sleep 75s
[bucket] calls=30 elapsed=20.1s -> sleep 75s
[bucket] calls=30 elapsed=20.3s -> sleep 75s
[bucket] calls=30 elapsed=18.3s -> sleep 75s
[progress] 1100/1146 recs ok=807 err=293 429=0 | earn ok=679 err=421 429=0
[bucket] calls=30 elapsed=15.4s -> sleep 75s
[bucket] calls=30 elapsed=14.6s -> sleep 75s
[bucket] calls=30 elapsed=14.4s -> sleep 75s
Nightly cache done.
Recs: ok=837 err=309 429=0
Earnings: ok=701 err=445 429=0
Finnhub cached under: /home/runner/work/data_cache/data_cache/data_cache/finnhub_recs/2026-01-27/ and /latest/
Earnings cached under: /home/runner/work/data_cache/data_cache/data_cache/earnings/2026-01-27/ and /latest/
Macro cached under: /home/runner/work/data_cache/data_cache/data_cache/macro_calendar/macro_calendar.csv
Log saved: /home/runner/work/data_cache/data_cache/logs/nightly_cache_2026-01-27T103736Z.log
