Nightly cache start: 2026-05-16T110728Z
REPO_ROOT: /home/runner/work/data_cache/data_cache
DATA_CACHE_DIR: /home/runner/work/data_cache/data_cache/data_cache
Symbols sources: ['sp500_constituents.csv', 'nasdaq100_with_baseline.csv', 'custom_universe_with_sector_baselines.csv', 'russell1000_universe.csv']
FINNHUB key present: True len=40
Rate limit config: MAX_CALLS_PER_MIN=30 SLEEP_ON_MINUTE=75s
YFinance available: True
Macro calendar saved: /home/runner/work/data_cache/data_cache/data_cache/macro_calendar/macro_calendar.csv rows=57 years=[2026, 2027]
Total symbols to cache: 1146
[bucket] calls=30 elapsed=14.8s -> sleep 75s
[bucket] calls=30 elapsed=14.3s -> sleep 75s
[bucket] calls=30 elapsed=14.1s -> sleep 75s
[progress] 50/1146 recs ok=42 err=8 429=0 | earn ok=9 err=41 429=0
[bucket] calls=30 elapsed=14.3s -> sleep 75s
[bucket] calls=30 elapsed=14.4s -> sleep 75s
[bucket] calls=30 elapsed=14.7s -> sleep 75s
[progress] 100/1146 recs ok=77 err=23 429=0 | earn ok=12 err=88 429=0
[bucket] calls=30 elapsed=14.8s -> sleep 75s
[bucket] calls=30 elapsed=14.4s -> sleep 75s
[bucket] calls=30 elapsed=14.8s -> sleep 75s
[progress] 150/1146 recs ok=117 err=33 429=0 | earn ok=21 err=129 429=0
[bucket] calls=30 elapsed=13.8s -> sleep 75s
[bucket] calls=30 elapsed=14.1s -> sleep 75s
[bucket] calls=30 elapsed=16.8s -> sleep 75s
[bucket] calls=30 elapsed=13.9s -> sleep 75s
[progress] 200/1146 recs ok=155 err=45 429=0 | earn ok=25 err=175 429=0
[bucket] calls=30 elapsed=14.8s -> sleep 75s
[bucket] calls=30 elapsed=14.5s -> sleep 75s
[bucket] calls=30 elapsed=14.4s -> sleep 75s
[progress] 250/1146 recs ok=192 err=58 429=0 | earn ok=30 err=220 429=0
[bucket] calls=30 elapsed=14.0s -> sleep 75s
[bucket] calls=30 elapsed=14.4s -> sleep 75s
[bucket] calls=30 elapsed=14.1s -> sleep 75s
[progress] 300/1146 recs ok=229 err=71 429=0 | earn ok=39 err=261 429=0
[bucket] calls=30 elapsed=14.3s -> sleep 75s
[bucket] calls=30 elapsed=14.3s -> sleep 75s
[bucket] calls=30 elapsed=14.5s -> sleep 75s
[bucket] calls=30 elapsed=14.0s -> sleep 75s
[progress] 350/1146 recs ok=265 err=85 429=0 | earn ok=42 err=308 429=0
[bucket] calls=30 elapsed=14.0s -> sleep 75s
[bucket] calls=30 elapsed=14.4s -> sleep 75s
[bucket] calls=30 elapsed=14.4s -> sleep 75s
[progress] 400/1146 recs ok=303 err=97 429=0 | earn ok=48 err=352 429=0
[bucket] calls=30 elapsed=13.7s -> sleep 75s
[bucket] calls=30 elapsed=14.5s -> sleep 75s
[bucket] calls=30 elapsed=14.7s -> sleep 75s
[progress] 450/1146 recs ok=337 err=113 429=0 | earn ok=54 err=396 429=0
[bucket] calls=30 elapsed=14.2s -> sleep 75s
[bucket] calls=30 elapsed=14.9s -> sleep 75s
[bucket] calls=30 elapsed=14.6s -> sleep 75s
[bucket] calls=30 elapsed=14.9s -> sleep 75s
[progress] 500/1146 recs ok=370 err=130 429=0 | earn ok=61 err=439 429=0
[bucket] calls=30 elapsed=14.6s -> sleep 75s
[bucket] calls=30 elapsed=15.2s -> sleep 75s
[bucket] calls=30 elapsed=14.5s -> sleep 75s
[progress] 550/1146 recs ok=408 err=142 429=0 | earn ok=65 err=485 429=0
[bucket] calls=30 elapsed=15.3s -> sleep 75s
[bucket] calls=30 elapsed=15.2s -> sleep 75s
[bucket] calls=30 elapsed=14.5s -> sleep 75s
[progress] 600/1146 recs ok=448 err=152 429=0 | earn ok=74 err=526 429=0
[bucket] calls=30 elapsed=15.3s -> sleep 75s
[bucket] calls=30 elapsed=14.6s -> sleep 75s
[bucket] calls=30 elapsed=15.0s -> sleep 75s
[bucket] calls=30 elapsed=14.8s -> sleep 75s
[progress] 650/1146 recs ok=483 err=167 429=0 | earn ok=79 err=571 429=0
[bucket] calls=30 elapsed=14.9s -> sleep 75s
[bucket] calls=30 elapsed=15.1s -> sleep 75s
[bucket] calls=30 elapsed=17.0s -> sleep 75s
[progress] 700/1146 recs ok=522 err=178 429=0 | earn ok=87 err=613 429=0
[bucket] calls=30 elapsed=14.6s -> sleep 75s
[bucket] calls=30 elapsed=14.6s -> sleep 75s
[bucket] calls=30 elapsed=13.2s -> sleep 75s
[progress] 750/1146 recs ok=558 err=192 429=0 | earn ok=94 err=656 429=0
[bucket] calls=30 elapsed=13.9s -> sleep 75s
[bucket] calls=30 elapsed=13.8s -> sleep 75s
[bucket] calls=30 elapsed=15.0s -> sleep 75s
[bucket] calls=30 elapsed=14.4s -> sleep 75s
[progress] 800/1146 recs ok=597 err=203 429=0 | earn ok=101 err=699 429=0
[bucket] calls=30 elapsed=14.9s -> sleep 75s
[bucket] calls=30 elapsed=14.9s -> sleep 75s
[bucket] calls=30 elapsed=14.5s -> sleep 75s
[progress] 850/1146 recs ok=631 err=219 429=0 | earn ok=104 err=746 429=0
[bucket] calls=30 elapsed=14.0s -> sleep 75s
[bucket] calls=30 elapsed=14.1s -> sleep 75s
[bucket] calls=30 elapsed=15.5s -> sleep 75s
[progress] 900/1146 recs ok=669 err=231 429=0 | earn ok=107 err=793 429=0
[bucket] calls=30 elapsed=14.4s -> sleep 75s
[bucket] calls=30 elapsed=14.9s -> sleep 75s
[bucket] calls=30 elapsed=14.3s -> sleep 75s
[bucket] calls=30 elapsed=14.9s -> sleep 75s
[progress] 950/1146 recs ok=704 err=246 429=0 | earn ok=116 err=834 429=0
[bucket] calls=30 elapsed=14.4s -> sleep 75s
[bucket] calls=30 elapsed=15.0s -> sleep 75s
[bucket] calls=30 elapsed=15.4s -> sleep 75s
[progress] 1000/1146 recs ok=739 err=261 429=0 | earn ok=120 err=880 429=0
[bucket] calls=30 elapsed=14.5s -> sleep 75s
[bucket] calls=30 elapsed=15.1s -> sleep 75s
[bucket] calls=30 elapsed=14.5s -> sleep 75s
[progress] 1050/1146 recs ok=774 err=276 429=0 | earn ok=127 err=923 429=0
[bucket] calls=30 elapsed=14.1s -> sleep 75s
[bucket] calls=30 elapsed=14.6s -> sleep 75s
[bucket] calls=30 elapsed=14.3s -> sleep 75s
[bucket] calls=30 elapsed=14.5s -> sleep 75s
[progress] 1100/1146 recs ok=809 err=291 429=0 | earn ok=132 err=968 429=0
[bucket] calls=30 elapsed=13.6s -> sleep 75s
[bucket] calls=30 elapsed=14.5s -> sleep 75s
[bucket] calls=30 elapsed=14.0s -> sleep 75s
Nightly cache done.
Recs: ok=839 err=307 429=0
Earnings: ok=136 err=1010 429=0
Finnhub cached under: /home/runner/work/data_cache/data_cache/data_cache/finnhub_recs/2026-05-16/ and /latest/
Earnings cached under: /home/runner/work/data_cache/data_cache/data_cache/earnings/2026-05-16/ and /latest/
Macro cached under: /home/runner/work/data_cache/data_cache/data_cache/macro_calendar/macro_calendar.csv
Log saved: /home/runner/work/data_cache/data_cache/logs/nightly_cache_2026-05-16T110728Z.log
