Nightly cache start: 2026-06-13T115816Z
REPO_ROOT: /home/runner/work/data_cache/data_cache
DATA_CACHE_DIR: /home/runner/work/data_cache/data_cache/data_cache
Symbols sources: ['sp500_constituents.csv', 'nasdaq100_with_baseline.csv', 'custom_universe_with_sector_baselines.csv', 'russell1000_universe.csv']
FINNHUB key present: True len=40
Rate limit config: MAX_CALLS_PER_MIN=30 SLEEP_ON_MINUTE=75s
YFinance available: True
Macro calendar saved: /home/runner/work/data_cache/data_cache/data_cache/macro_calendar/macro_calendar.csv rows=57 years=[2026, 2027]
Total symbols to cache: 1146
[bucket] calls=30 elapsed=13.3s -> sleep 75s
[bucket] calls=30 elapsed=12.1s -> sleep 75s
[bucket] calls=30 elapsed=12.1s -> sleep 75s
[progress] 50/1146 recs ok=42 err=8 429=0 | earn ok=31 err=19 429=0
[bucket] calls=30 elapsed=15.0s -> sleep 75s
[bucket] calls=30 elapsed=12.7s -> sleep 75s
[bucket] calls=30 elapsed=12.8s -> sleep 75s
[progress] 100/1146 recs ok=77 err=23 429=0 | earn ok=60 err=40 429=0
[bucket] calls=30 elapsed=15.9s -> sleep 75s
[bucket] calls=30 elapsed=11.1s -> sleep 75s
[bucket] calls=30 elapsed=13.1s -> sleep 75s
[progress] 150/1146 recs ok=116 err=34 429=0 | earn ok=95 err=55 429=0
[bucket] calls=30 elapsed=12.8s -> sleep 75s
[bucket] calls=30 elapsed=12.1s -> sleep 75s
[bucket] calls=30 elapsed=12.4s -> sleep 75s
[bucket] calls=30 elapsed=12.3s -> sleep 75s
[progress] 200/1146 recs ok=154 err=46 429=0 | earn ok=131 err=69 429=0
[bucket] calls=30 elapsed=12.3s -> sleep 75s
[bucket] calls=30 elapsed=11.7s -> sleep 75s
[bucket] calls=30 elapsed=10.6s -> sleep 75s
[progress] 250/1146 recs ok=191 err=59 429=0 | earn ok=162 err=88 429=0
[bucket] calls=30 elapsed=11.8s -> sleep 75s
[bucket] calls=30 elapsed=13.0s -> sleep 75s
[bucket] calls=30 elapsed=12.8s -> sleep 75s
[progress] 300/1146 recs ok=228 err=72 429=0 | earn ok=190 err=110 429=0
[bucket] calls=30 elapsed=11.5s -> sleep 75s
[bucket] calls=30 elapsed=13.1s -> sleep 75s
[bucket] calls=30 elapsed=12.4s -> sleep 75s
[bucket] calls=30 elapsed=11.8s -> sleep 75s
[progress] 350/1146 recs ok=264 err=86 429=0 | earn ok=219 err=131 429=0
[bucket] calls=30 elapsed=12.1s -> sleep 75s
[bucket] calls=30 elapsed=12.7s -> sleep 75s
[bucket] calls=30 elapsed=12.7s -> sleep 75s
[progress] 400/1146 recs ok=302 err=98 429=0 | earn ok=255 err=145 429=0
[bucket] calls=30 elapsed=10.8s -> sleep 75s
[bucket] calls=30 elapsed=11.5s -> sleep 75s
[bucket] calls=30 elapsed=11.9s -> sleep 75s
[progress] 450/1146 recs ok=336 err=114 429=0 | earn ok=286 err=164 429=0
[bucket] calls=30 elapsed=12.0s -> sleep 75s
[bucket] calls=30 elapsed=13.6s -> sleep 75s
[bucket] calls=30 elapsed=11.8s -> sleep 75s
[bucket] calls=30 elapsed=12.6s -> sleep 75s
[progress] 500/1146 recs ok=369 err=131 429=0 | earn ok=313 err=187 429=0
[bucket] calls=30 elapsed=22.4s -> sleep 75s
[bucket] calls=30 elapsed=12.5s -> sleep 75s
[bucket] calls=30 elapsed=11.6s -> sleep 75s
[progress] 550/1146 recs ok=407 err=143 429=0 | earn ok=349 err=201 429=0
[bucket] calls=30 elapsed=12.9s -> sleep 75s
[bucket] calls=30 elapsed=14.8s -> sleep 75s
[bucket] calls=30 elapsed=15.3s -> sleep 75s
[progress] 600/1146 recs ok=447 err=153 429=0 | earn ok=385 err=215 429=0
[bucket] calls=30 elapsed=11.9s -> sleep 75s
[bucket] calls=30 elapsed=12.2s -> sleep 75s
[bucket] calls=30 elapsed=12.9s -> sleep 75s
[bucket] calls=30 elapsed=13.3s -> sleep 75s
[progress] 650/1146 recs ok=482 err=168 429=0 | earn ok=414 err=236 429=0
[bucket] calls=30 elapsed=12.2s -> sleep 75s
[bucket] calls=30 elapsed=11.8s -> sleep 75s
[bucket] calls=30 elapsed=16.3s -> sleep 75s
[progress] 700/1146 recs ok=521 err=179 429=0 | earn ok=448 err=252 429=0
[bucket] calls=30 elapsed=11.8s -> sleep 75s
[bucket] calls=30 elapsed=13.0s -> sleep 75s
[bucket] calls=30 elapsed=12.4s -> sleep 75s
[progress] 750/1146 recs ok=557 err=193 429=0 | earn ok=479 err=271 429=0
[bucket] calls=30 elapsed=12.5s -> sleep 75s
[bucket] calls=30 elapsed=12.4s -> sleep 75s
[bucket] calls=30 elapsed=11.5s -> sleep 75s
[bucket] calls=30 elapsed=12.5s -> sleep 75s
[progress] 800/1146 recs ok=596 err=204 429=0 | earn ok=512 err=288 429=0
[bucket] calls=30 elapsed=12.2s -> sleep 75s
[bucket] calls=30 elapsed=11.8s -> sleep 75s
[bucket] calls=30 elapsed=12.2s -> sleep 75s
[progress] 850/1146 recs ok=630 err=220 429=0 | earn ok=541 err=309 429=0
[bucket] calls=30 elapsed=12.8s -> sleep 75s
[bucket] calls=30 elapsed=12.1s -> sleep 75s
[bucket] calls=30 elapsed=13.1s -> sleep 75s
[progress] 900/1146 recs ok=668 err=232 429=0 | earn ok=573 err=327 429=0
[bucket] calls=30 elapsed=12.5s -> sleep 75s
[bucket] calls=30 elapsed=13.0s -> sleep 75s
[bucket] calls=30 elapsed=12.2s -> sleep 75s
[bucket] calls=30 elapsed=12.9s -> sleep 75s
[progress] 950/1146 recs ok=703 err=247 429=0 | earn ok=602 err=348 429=0
[bucket] calls=30 elapsed=12.0s -> sleep 75s
[bucket] calls=30 elapsed=12.1s -> sleep 75s
[bucket] calls=30 elapsed=28.3s -> sleep 75s
[progress] 1000/1146 recs ok=738 err=262 429=0 | earn ok=630 err=370 429=0
[bucket] calls=30 elapsed=12.6s -> sleep 75s
[bucket] calls=30 elapsed=12.6s -> sleep 75s
[bucket] calls=30 elapsed=13.0s -> sleep 75s
[progress] 1050/1146 recs ok=773 err=277 429=0 | earn ok=660 err=390 429=0
[bucket] calls=30 elapsed=13.8s -> sleep 75s
[bucket] calls=30 elapsed=13.3s -> sleep 75s
[bucket] calls=30 elapsed=13.6s -> sleep 75s
[bucket] calls=30 elapsed=12.8s -> sleep 75s
[progress] 1100/1146 recs ok=808 err=292 429=0 | earn ok=693 err=407 429=0
[bucket] calls=30 elapsed=12.9s -> sleep 75s
[bucket] calls=30 elapsed=12.4s -> sleep 75s
[bucket] calls=30 elapsed=13.2s -> sleep 75s
Nightly cache done.
Recs: ok=838 err=308 429=0
Earnings: ok=714 err=432 429=0
Finnhub cached under: /home/runner/work/data_cache/data_cache/data_cache/finnhub_recs/2026-06-13/ and /latest/
Earnings cached under: /home/runner/work/data_cache/data_cache/data_cache/earnings/2026-06-13/ and /latest/
Macro cached under: /home/runner/work/data_cache/data_cache/data_cache/macro_calendar/macro_calendar.csv
Log saved: /home/runner/work/data_cache/data_cache/logs/nightly_cache_2026-06-13T115816Z.log
