Nightly cache start: 2026-05-06T115505Z
REPO_ROOT: /home/runner/work/data_cache/data_cache
DATA_CACHE_DIR: /home/runner/work/data_cache/data_cache/data_cache
Symbols sources: ['sp500_constituents.csv', 'nasdaq100_with_baseline.csv', 'custom_universe_with_sector_baselines.csv', 'russell1000_universe.csv']
FINNHUB key present: True len=40
Rate limit config: MAX_CALLS_PER_MIN=30 SLEEP_ON_MINUTE=75s
YFinance available: True
Macro calendar saved: /home/runner/work/data_cache/data_cache/data_cache/macro_calendar/macro_calendar.csv rows=57 years=[2026, 2027]
Total symbols to cache: 1146
[bucket] calls=30 elapsed=12.8s -> sleep 75s
[bucket] calls=30 elapsed=12.2s -> sleep 75s
[bucket] calls=30 elapsed=12.6s -> sleep 75s
[progress] 50/1146 recs ok=42 err=8 429=0 | earn ok=16 err=34 429=0
[bucket] calls=30 elapsed=12.4s -> sleep 75s
[bucket] calls=30 elapsed=12.4s -> sleep 75s
[bucket] calls=30 elapsed=12.0s -> sleep 75s
[progress] 100/1146 recs ok=77 err=23 429=0 | earn ok=24 err=76 429=0
[bucket] calls=30 elapsed=11.9s -> sleep 75s
[bucket] calls=30 elapsed=12.3s -> sleep 75s
[bucket] calls=30 elapsed=12.3s -> sleep 75s
[progress] 150/1146 recs ok=117 err=33 429=0 | earn ok=35 err=115 429=0
[bucket] calls=30 elapsed=11.8s -> sleep 75s
[bucket] calls=30 elapsed=13.5s -> sleep 75s
[bucket] calls=30 elapsed=13.2s -> sleep 75s
[bucket] calls=30 elapsed=12.6s -> sleep 75s
[progress] 200/1146 recs ok=155 err=45 429=0 | earn ok=43 err=157 429=0
[bucket] calls=30 elapsed=12.7s -> sleep 75s
[bucket] calls=30 elapsed=12.4s -> sleep 75s
[bucket] calls=30 elapsed=12.1s -> sleep 75s
[progress] 250/1146 recs ok=192 err=58 429=0 | earn ok=57 err=193 429=0
[bucket] calls=30 elapsed=12.3s -> sleep 75s
[bucket] calls=30 elapsed=12.8s -> sleep 75s
[bucket] calls=30 elapsed=12.3s -> sleep 75s
[progress] 300/1146 recs ok=229 err=71 429=0 | earn ok=70 err=230 429=0
[bucket] calls=30 elapsed=12.4s -> sleep 75s
[bucket] calls=30 elapsed=12.4s -> sleep 75s
[bucket] calls=30 elapsed=12.5s -> sleep 75s
[bucket] calls=30 elapsed=11.5s -> sleep 75s
[progress] 350/1146 recs ok=265 err=85 429=0 | earn ok=76 err=274 429=0
[bucket] calls=30 elapsed=11.8s -> sleep 75s
[bucket] calls=30 elapsed=11.5s -> sleep 75s
[bucket] calls=30 elapsed=15.9s -> sleep 75s
[progress] 400/1146 recs ok=303 err=97 429=0 | earn ok=88 err=312 429=0
[bucket] calls=30 elapsed=12.3s -> sleep 75s
[bucket] calls=30 elapsed=12.1s -> sleep 75s
[bucket] calls=30 elapsed=11.7s -> sleep 75s
[progress] 450/1146 recs ok=337 err=113 429=0 | earn ok=100 err=350 429=0
[bucket] calls=30 elapsed=12.1s -> sleep 75s
[bucket] calls=30 elapsed=12.2s -> sleep 75s
[bucket] calls=30 elapsed=12.4s -> sleep 75s
[bucket] calls=30 elapsed=12.7s -> sleep 75s
[progress] 500/1146 recs ok=370 err=130 429=0 | earn ok=114 err=386 429=0
[bucket] calls=30 elapsed=12.7s -> sleep 75s
[bucket] calls=30 elapsed=20.6s -> sleep 75s
[bucket] calls=30 elapsed=12.5s -> sleep 75s
[progress] 550/1146 recs ok=408 err=142 429=0 | earn ok=122 err=428 429=0
[bucket] calls=30 elapsed=12.5s -> sleep 75s
[bucket] calls=30 elapsed=12.2s -> sleep 75s
[bucket] calls=30 elapsed=12.0s -> sleep 75s
[progress] 600/1146 recs ok=448 err=152 429=0 | earn ok=135 err=465 429=0
[bucket] calls=30 elapsed=13.2s -> sleep 75s
[bucket] calls=30 elapsed=12.4s -> sleep 75s
[bucket] calls=30 elapsed=12.8s -> sleep 75s
[bucket] calls=30 elapsed=12.0s -> sleep 75s
[progress] 650/1146 recs ok=483 err=167 429=0 | earn ok=148 err=502 429=0
[bucket] calls=30 elapsed=11.7s -> sleep 75s
[bucket] calls=30 elapsed=12.5s -> sleep 75s
[bucket] calls=30 elapsed=12.1s -> sleep 75s
[progress] 700/1146 recs ok=522 err=178 429=0 | earn ok=161 err=539 429=0
[bucket] calls=30 elapsed=13.5s -> sleep 75s
[bucket] calls=30 elapsed=13.1s -> sleep 75s
[bucket] calls=30 elapsed=11.7s -> sleep 75s
[progress] 750/1146 recs ok=558 err=192 429=0 | earn ok=174 err=576 429=0
[bucket] calls=30 elapsed=13.2s -> sleep 75s
[bucket] calls=30 elapsed=12.0s -> sleep 75s
[bucket] calls=30 elapsed=12.3s -> sleep 75s
[bucket] calls=30 elapsed=12.4s -> sleep 75s
[progress] 800/1146 recs ok=597 err=203 429=0 | earn ok=183 err=617 429=0
[bucket] calls=30 elapsed=12.3s -> sleep 75s
[bucket] calls=30 elapsed=11.9s -> sleep 75s
[bucket] calls=30 elapsed=12.8s -> sleep 75s
[progress] 850/1146 recs ok=631 err=219 429=0 | earn ok=195 err=655 429=0
[bucket] calls=30 elapsed=12.9s -> sleep 75s
[bucket] calls=30 elapsed=16.8s -> sleep 75s
[bucket] calls=30 elapsed=13.7s -> sleep 75s
[progress] 900/1146 recs ok=669 err=231 429=0 | earn ok=206 err=694 429=0
[bucket] calls=30 elapsed=12.4s -> sleep 75s
[bucket] calls=30 elapsed=12.7s -> sleep 75s
[bucket] calls=30 elapsed=11.4s -> sleep 75s
[bucket] calls=30 elapsed=12.6s -> sleep 75s
[progress] 950/1146 recs ok=704 err=246 429=0 | earn ok=215 err=735 429=0
[bucket] calls=30 elapsed=12.3s -> sleep 75s
[bucket] calls=30 elapsed=12.9s -> sleep 75s
[bucket] calls=30 elapsed=15.5s -> sleep 75s
[progress] 1000/1146 recs ok=739 err=261 429=0 | earn ok=228 err=772 429=0
[bucket] calls=30 elapsed=28.0s -> sleep 75s
[bucket] calls=30 elapsed=34.0s -> sleep 75s
[bucket] calls=30 elapsed=17.5s -> sleep 75s
[progress] 1050/1146 recs ok=774 err=276 429=0 | earn ok=242 err=808 429=0
[bucket] calls=30 elapsed=30.5s -> sleep 75s
[bucket] calls=30 elapsed=27.2s -> sleep 75s
[bucket] calls=30 elapsed=27.7s -> sleep 75s
[bucket] calls=30 elapsed=28.9s -> sleep 75s
[progress] 1100/1146 recs ok=809 err=291 429=0 | earn ok=251 err=849 429=0
[bucket] calls=30 elapsed=22.6s -> sleep 75s
[bucket] calls=30 elapsed=15.2s -> sleep 75s
[bucket] calls=30 elapsed=30.3s -> sleep 75s
Nightly cache done.
Recs: ok=839 err=307 429=0
Earnings: ok=260 err=886 429=0
Finnhub cached under: /home/runner/work/data_cache/data_cache/data_cache/finnhub_recs/2026-05-06/ and /latest/
Earnings cached under: /home/runner/work/data_cache/data_cache/data_cache/earnings/2026-05-06/ and /latest/
Macro cached under: /home/runner/work/data_cache/data_cache/data_cache/macro_calendar/macro_calendar.csv
Log saved: /home/runner/work/data_cache/data_cache/logs/nightly_cache_2026-05-06T115505Z.log
