Nightly cache start: 2026-05-15T120017Z
REPO_ROOT: /home/runner/work/data_cache/data_cache
DATA_CACHE_DIR: /home/runner/work/data_cache/data_cache/data_cache
Symbols sources: ['sp500_constituents.csv', 'nasdaq100_with_baseline.csv', 'custom_universe_with_sector_baselines.csv', 'russell1000_universe.csv']
FINNHUB key present: True len=40
Rate limit config: MAX_CALLS_PER_MIN=30 SLEEP_ON_MINUTE=75s
YFinance available: True
Macro calendar saved: /home/runner/work/data_cache/data_cache/data_cache/macro_calendar/macro_calendar.csv rows=57 years=[2026, 2027]
Total symbols to cache: 1146
[bucket] calls=30 elapsed=18.2s -> sleep 75s
[bucket] calls=30 elapsed=16.0s -> sleep 75s
[bucket] calls=30 elapsed=18.0s -> sleep 75s
[progress] 50/1146 recs ok=42 err=8 429=0 | earn ok=8 err=42 429=0
[bucket] calls=30 elapsed=19.1s -> sleep 75s
[bucket] calls=30 elapsed=16.6s -> sleep 75s
[bucket] calls=30 elapsed=16.0s -> sleep 75s
[progress] 100/1146 recs ok=77 err=23 429=0 | earn ok=10 err=90 429=0
[bucket] calls=30 elapsed=17.1s -> sleep 75s
[bucket] calls=30 elapsed=20.3s -> sleep 75s
[bucket] calls=30 elapsed=17.9s -> sleep 75s
[progress] 150/1146 recs ok=117 err=33 429=0 | earn ok=18 err=132 429=0
[bucket] calls=30 elapsed=16.0s -> sleep 75s
[bucket] calls=30 elapsed=18.1s -> sleep 75s
[bucket] calls=30 elapsed=17.6s -> sleep 75s
[bucket] calls=30 elapsed=18.0s -> sleep 75s
[progress] 200/1146 recs ok=155 err=45 429=0 | earn ok=22 err=178 429=0
[bucket] calls=30 elapsed=16.9s -> sleep 75s
[bucket] calls=30 elapsed=18.6s -> sleep 75s
[bucket] calls=30 elapsed=16.2s -> sleep 75s
[progress] 250/1146 recs ok=192 err=58 429=0 | earn ok=27 err=223 429=0
[bucket] calls=30 elapsed=16.8s -> sleep 75s
[bucket] calls=30 elapsed=16.3s -> sleep 75s
[bucket] calls=30 elapsed=17.1s -> sleep 75s
[progress] 300/1146 recs ok=229 err=71 429=0 | earn ok=35 err=265 429=0
[bucket] calls=30 elapsed=19.3s -> sleep 75s
[bucket] calls=30 elapsed=19.5s -> sleep 75s
[bucket] calls=30 elapsed=17.6s -> sleep 75s
[bucket] calls=30 elapsed=15.1s -> sleep 75s
[progress] 350/1146 recs ok=265 err=85 429=0 | earn ok=37 err=313 429=0
[bucket] calls=30 elapsed=18.6s -> sleep 75s
[bucket] calls=30 elapsed=16.9s -> sleep 75s
[bucket] calls=30 elapsed=17.3s -> sleep 75s
[progress] 400/1146 recs ok=303 err=97 429=0 | earn ok=43 err=357 429=0
[bucket] calls=30 elapsed=17.5s -> sleep 75s
[bucket] calls=30 elapsed=15.6s -> sleep 75s
[bucket] calls=30 elapsed=18.1s -> sleep 75s
[progress] 450/1146 recs ok=337 err=113 429=0 | earn ok=48 err=402 429=0
[bucket] calls=30 elapsed=16.5s -> sleep 75s
[bucket] calls=30 elapsed=17.6s -> sleep 75s
[bucket] calls=30 elapsed=16.4s -> sleep 75s
[bucket] calls=30 elapsed=17.1s -> sleep 75s
[progress] 500/1146 recs ok=370 err=130 429=0 | earn ok=55 err=445 429=0
[bucket] calls=30 elapsed=16.9s -> sleep 75s
[bucket] calls=30 elapsed=17.4s -> sleep 75s
[bucket] calls=30 elapsed=19.3s -> sleep 75s
[progress] 550/1146 recs ok=408 err=142 429=0 | earn ok=58 err=492 429=0
[bucket] calls=30 elapsed=17.1s -> sleep 75s
[bucket] calls=30 elapsed=19.0s -> sleep 75s
[bucket] calls=30 elapsed=18.1s -> sleep 75s
[progress] 600/1146 recs ok=448 err=152 429=0 | earn ok=67 err=533 429=0
[bucket] calls=30 elapsed=18.1s -> sleep 75s
[bucket] calls=30 elapsed=17.4s -> sleep 75s
[bucket] calls=30 elapsed=15.1s -> sleep 75s
[bucket] calls=30 elapsed=18.9s -> sleep 75s
[progress] 650/1146 recs ok=483 err=167 429=0 | earn ok=71 err=579 429=0
[bucket] calls=30 elapsed=17.6s -> sleep 75s
[bucket] calls=30 elapsed=17.4s -> sleep 75s
[bucket] calls=30 elapsed=18.3s -> sleep 75s
[progress] 700/1146 recs ok=522 err=178 429=0 | earn ok=77 err=623 429=0
[bucket] calls=30 elapsed=17.4s -> sleep 75s
[bucket] calls=30 elapsed=14.4s -> sleep 75s
[bucket] calls=30 elapsed=17.9s -> sleep 75s
[progress] 750/1146 recs ok=558 err=192 429=0 | earn ok=83 err=667 429=0
[bucket] calls=30 elapsed=17.7s -> sleep 75s
[bucket] calls=30 elapsed=16.7s -> sleep 75s
[bucket] calls=30 elapsed=20.3s -> sleep 75s
[bucket] calls=30 elapsed=17.2s -> sleep 75s
[progress] 800/1146 recs ok=597 err=203 429=0 | earn ok=89 err=711 429=0
[bucket] calls=30 elapsed=17.5s -> sleep 75s
[bucket] calls=30 elapsed=18.3s -> sleep 75s
[bucket] calls=30 elapsed=17.1s -> sleep 75s
[progress] 850/1146 recs ok=631 err=219 429=0 | earn ok=93 err=757 429=0
[bucket] calls=30 elapsed=16.5s -> sleep 75s
[bucket] calls=30 elapsed=17.7s -> sleep 75s
[bucket] calls=30 elapsed=17.6s -> sleep 75s
[progress] 900/1146 recs ok=669 err=231 429=0 | earn ok=96 err=804 429=0
[bucket] calls=30 elapsed=19.6s -> sleep 75s
[bucket] calls=30 elapsed=17.4s -> sleep 75s
[bucket] calls=30 elapsed=19.2s -> sleep 75s
[bucket] calls=30 elapsed=17.0s -> sleep 75s
[progress] 950/1146 recs ok=704 err=246 429=0 | earn ok=104 err=846 429=0
[bucket] calls=30 elapsed=19.6s -> sleep 75s
[bucket] calls=30 elapsed=17.9s -> sleep 75s
[bucket] calls=30 elapsed=18.1s -> sleep 75s
[progress] 1000/1146 recs ok=739 err=261 429=0 | earn ok=108 err=892 429=0
[bucket] calls=30 elapsed=18.6s -> sleep 75s
[bucket] calls=30 elapsed=17.3s -> sleep 75s
[bucket] calls=30 elapsed=19.4s -> sleep 75s
[progress] 1050/1146 recs ok=774 err=276 429=0 | earn ok=114 err=936 429=0
[bucket] calls=30 elapsed=19.1s -> sleep 75s
[bucket] calls=30 elapsed=18.6s -> sleep 75s
[bucket] calls=30 elapsed=17.0s -> sleep 75s
[bucket] calls=30 elapsed=18.8s -> sleep 75s
[progress] 1100/1146 recs ok=809 err=291 429=0 | earn ok=118 err=982 429=0
[bucket] calls=30 elapsed=17.5s -> sleep 75s
[bucket] calls=30 elapsed=17.3s -> sleep 75s
[bucket] calls=30 elapsed=17.1s -> sleep 75s
Nightly cache done.
Recs: ok=839 err=307 429=0
Earnings: ok=122 err=1024 429=0
Finnhub cached under: /home/runner/work/data_cache/data_cache/data_cache/finnhub_recs/2026-05-15/ and /latest/
Earnings cached under: /home/runner/work/data_cache/data_cache/data_cache/earnings/2026-05-15/ and /latest/
Macro cached under: /home/runner/work/data_cache/data_cache/data_cache/macro_calendar/macro_calendar.csv
Log saved: /home/runner/work/data_cache/data_cache/logs/nightly_cache_2026-05-15T120017Z.log
