Nightly cache start: 2026-03-10T105154Z
REPO_ROOT: /home/runner/work/data_cache/data_cache
DATA_CACHE_DIR: /home/runner/work/data_cache/data_cache/data_cache
Symbols sources: ['sp500_constituents.csv', 'nasdaq100_with_baseline.csv', 'custom_universe_with_sector_baselines.csv', 'russell1000_universe.csv']
FINNHUB key present: True len=40
Rate limit config: MAX_CALLS_PER_MIN=30 SLEEP_ON_MINUTE=75s
YFinance available: True
Macro calendar saved: /home/runner/work/data_cache/data_cache/data_cache/macro_calendar/macro_calendar.csv rows=57 years=[2026, 2027]
Total symbols to cache: 1146
[bucket] calls=30 elapsed=14.7s -> sleep 75s
[bucket] calls=30 elapsed=13.8s -> sleep 75s
[bucket] calls=30 elapsed=13.1s -> sleep 75s
[progress] 50/1146 recs ok=42 err=8 429=0 | earn ok=32 err=18 429=0
[bucket] calls=30 elapsed=13.6s -> sleep 75s
[bucket] calls=30 elapsed=13.4s -> sleep 75s
[bucket] calls=30 elapsed=13.8s -> sleep 75s
[progress] 100/1146 recs ok=76 err=24 429=0 | earn ok=63 err=37 429=0
[bucket] calls=30 elapsed=13.4s -> sleep 75s
[bucket] calls=30 elapsed=13.1s -> sleep 75s
[bucket] calls=30 elapsed=13.1s -> sleep 75s
[progress] 150/1146 recs ok=116 err=34 429=0 | earn ok=98 err=52 429=0
[bucket] calls=30 elapsed=13.7s -> sleep 75s
[bucket] calls=30 elapsed=13.0s -> sleep 75s
[bucket] calls=30 elapsed=13.7s -> sleep 75s
[bucket] calls=30 elapsed=13.3s -> sleep 75s
[progress] 200/1146 recs ok=154 err=46 429=0 | earn ok=134 err=66 429=0
[bucket] calls=30 elapsed=12.9s -> sleep 75s
[bucket] calls=30 elapsed=13.4s -> sleep 75s
[bucket] calls=30 elapsed=13.0s -> sleep 75s
[progress] 250/1146 recs ok=191 err=59 429=0 | earn ok=166 err=84 429=0
[bucket] calls=30 elapsed=13.1s -> sleep 75s
[bucket] calls=30 elapsed=13.3s -> sleep 75s
[bucket] calls=30 elapsed=13.5s -> sleep 75s
[progress] 300/1146 recs ok=228 err=72 429=0 | earn ok=191 err=109 429=0
[bucket] calls=30 elapsed=13.2s -> sleep 75s
[bucket] calls=30 elapsed=12.9s -> sleep 75s
[bucket] calls=30 elapsed=15.0s -> sleep 75s
[bucket] calls=30 elapsed=12.7s -> sleep 75s
[progress] 350/1146 recs ok=264 err=86 429=0 | earn ok=221 err=129 429=0
[bucket] calls=30 elapsed=13.6s -> sleep 75s
[bucket] calls=30 elapsed=13.7s -> sleep 75s
[bucket] calls=30 elapsed=12.7s -> sleep 75s
[progress] 400/1146 recs ok=302 err=98 429=0 | earn ok=257 err=143 429=0
[bucket] calls=30 elapsed=13.1s -> sleep 75s
[bucket] calls=30 elapsed=13.2s -> sleep 75s
[bucket] calls=30 elapsed=13.6s -> sleep 75s
[progress] 450/1146 recs ok=336 err=114 429=0 | earn ok=285 err=165 429=0
[bucket] calls=30 elapsed=13.0s -> sleep 75s
[bucket] calls=30 elapsed=14.4s -> sleep 75s
[bucket] calls=30 elapsed=12.8s -> sleep 75s
[bucket] calls=30 elapsed=12.7s -> sleep 75s
[progress] 500/1146 recs ok=369 err=131 429=0 | earn ok=311 err=189 429=0
[bucket] calls=30 elapsed=14.0s -> sleep 75s
[bucket] calls=30 elapsed=14.0s -> sleep 75s
[bucket] calls=30 elapsed=13.2s -> sleep 75s
[progress] 550/1146 recs ok=407 err=143 429=0 | earn ok=346 err=204 429=0
[bucket] calls=30 elapsed=13.8s -> sleep 75s
[bucket] calls=30 elapsed=13.5s -> sleep 75s
[bucket] calls=30 elapsed=13.4s -> sleep 75s
[progress] 600/1146 recs ok=447 err=153 429=0 | earn ok=380 err=220 429=0
[bucket] calls=30 elapsed=13.3s -> sleep 75s
[bucket] calls=30 elapsed=14.1s -> sleep 75s
[bucket] calls=30 elapsed=13.3s -> sleep 75s
[bucket] calls=30 elapsed=14.0s -> sleep 75s
[progress] 650/1146 recs ok=482 err=168 429=0 | earn ok=409 err=241 429=0
[bucket] calls=30 elapsed=14.0s -> sleep 75s
[bucket] calls=30 elapsed=13.6s -> sleep 75s
[bucket] calls=30 elapsed=13.3s -> sleep 75s
[progress] 700/1146 recs ok=521 err=179 429=0 | earn ok=444 err=256 429=0
[bucket] calls=30 elapsed=13.2s -> sleep 75s
[bucket] calls=30 elapsed=13.4s -> sleep 75s
[bucket] calls=30 elapsed=13.7s -> sleep 75s
[progress] 750/1146 recs ok=557 err=193 429=0 | earn ok=473 err=277 429=0
[bucket] calls=30 elapsed=13.7s -> sleep 75s
[bucket] calls=30 elapsed=14.9s -> sleep 75s
[bucket] calls=30 elapsed=13.3s -> sleep 75s
[bucket] calls=30 elapsed=13.5s -> sleep 75s
[progress] 800/1146 recs ok=595 err=205 429=0 | earn ok=508 err=292 429=0
[bucket] calls=30 elapsed=13.9s -> sleep 75s
[bucket] calls=30 elapsed=14.9s -> sleep 75s
[bucket] calls=30 elapsed=13.3s -> sleep 75s
[progress] 850/1146 recs ok=629 err=221 429=0 | earn ok=537 err=313 429=0
[bucket] calls=30 elapsed=13.1s -> sleep 75s
[bucket] calls=30 elapsed=13.9s -> sleep 75s
[bucket] calls=30 elapsed=13.3s -> sleep 75s
[progress] 900/1146 recs ok=666 err=234 429=0 | earn ok=567 err=333 429=0
[bucket] calls=30 elapsed=13.3s -> sleep 75s
[bucket] calls=30 elapsed=13.4s -> sleep 75s
[bucket] calls=30 elapsed=12.8s -> sleep 75s
[bucket] calls=30 elapsed=13.6s -> sleep 75s
[progress] 950/1146 recs ok=701 err=249 429=0 | earn ok=595 err=355 429=0
[bucket] calls=30 elapsed=12.6s -> sleep 75s
[bucket] calls=30 elapsed=15.0s -> sleep 75s
[bucket] calls=30 elapsed=14.3s -> sleep 75s
[progress] 1000/1146 recs ok=736 err=264 429=0 | earn ok=623 err=377 429=0
[bucket] calls=30 elapsed=12.6s -> sleep 75s
[bucket] calls=30 elapsed=13.3s -> sleep 75s
[bucket] calls=30 elapsed=13.9s -> sleep 75s
[progress] 1050/1146 recs ok=771 err=279 429=0 | earn ok=652 err=398 429=0
[bucket] calls=30 elapsed=13.8s -> sleep 75s
[bucket] calls=30 elapsed=13.7s -> sleep 75s
[bucket] calls=30 elapsed=15.6s -> sleep 75s
[bucket] calls=30 elapsed=13.8s -> sleep 75s
[progress] 1100/1146 recs ok=806 err=294 429=0 | earn ok=684 err=416 429=0
[bucket] calls=30 elapsed=13.5s -> sleep 75s
[bucket] calls=30 elapsed=13.5s -> sleep 75s
[bucket] calls=30 elapsed=13.0s -> sleep 75s
Nightly cache done.
Recs: ok=836 err=310 429=0
Earnings: ok=704 err=442 429=0
Finnhub cached under: /home/runner/work/data_cache/data_cache/data_cache/finnhub_recs/2026-03-10/ and /latest/
Earnings cached under: /home/runner/work/data_cache/data_cache/data_cache/earnings/2026-03-10/ and /latest/
Macro cached under: /home/runner/work/data_cache/data_cache/data_cache/macro_calendar/macro_calendar.csv
Log saved: /home/runner/work/data_cache/data_cache/logs/nightly_cache_2026-03-10T105154Z.log
