Nightly cache start: 2026-07-22T115352Z
REPO_ROOT: /home/runner/work/data_cache/data_cache
DATA_CACHE_DIR: /home/runner/work/data_cache/data_cache/data_cache
Symbols sources: ['sp500_constituents.csv', 'nasdaq100_with_baseline.csv', 'custom_universe_with_sector_baselines.csv', 'russell1000_universe.csv']
FINNHUB key present: True len=40
Rate limit config: MAX_CALLS_PER_MIN=30 SLEEP_ON_MINUTE=75s
YFinance available: True
Macro calendar saved: /home/runner/work/data_cache/data_cache/data_cache/macro_calendar/macro_calendar.csv rows=57 years=[2026, 2027]
Total symbols to cache: 1146
[bucket] calls=30 elapsed=18.1s -> sleep 75s
[bucket] calls=30 elapsed=17.0s -> sleep 75s
[bucket] calls=30 elapsed=16.2s -> sleep 75s
[progress] 50/1146 recs ok=42 err=8 429=0 | earn ok=34 err=16 429=0
[bucket] calls=30 elapsed=18.3s -> sleep 75s
[bucket] calls=30 elapsed=39.2s -> sleep 75s
[bucket] calls=30 elapsed=17.0s -> sleep 75s
[progress] 100/1146 recs ok=77 err=23 429=0 | earn ok=64 err=36 429=0
[bucket] calls=30 elapsed=16.6s -> sleep 75s
[bucket] calls=30 elapsed=19.6s -> sleep 75s
[bucket] calls=30 elapsed=16.4s -> sleep 75s
[progress] 150/1146 recs ok=116 err=34 429=0 | earn ok=98 err=52 429=0
[bucket] calls=30 elapsed=14.7s -> sleep 75s
[bucket] calls=30 elapsed=16.7s -> sleep 75s
[bucket] calls=30 elapsed=18.9s -> sleep 75s
[bucket] calls=30 elapsed=21.0s -> sleep 75s
[progress] 200/1146 recs ok=154 err=46 429=0 | earn ok=127 err=73 429=0
[bucket] calls=30 elapsed=14.0s -> sleep 75s
[bucket] calls=30 elapsed=17.8s -> sleep 75s
[bucket] calls=30 elapsed=15.2s -> sleep 75s
[progress] 250/1146 recs ok=191 err=59 429=0 | earn ok=158 err=92 429=0
[bucket] calls=30 elapsed=16.0s -> sleep 75s
[bucket] calls=30 elapsed=15.9s -> sleep 75s
[bucket] calls=30 elapsed=14.8s -> sleep 75s
[progress] 300/1146 recs ok=228 err=72 429=0 | earn ok=190 err=110 429=0
[bucket] calls=30 elapsed=16.9s -> sleep 75s
[bucket] calls=30 elapsed=16.8s -> sleep 75s
[bucket] calls=30 elapsed=16.2s -> sleep 75s
[bucket] calls=30 elapsed=16.9s -> sleep 75s
[progress] 350/1146 recs ok=264 err=86 429=0 | earn ok=217 err=133 429=0
[bucket] calls=30 elapsed=19.1s -> sleep 75s
[bucket] calls=30 elapsed=18.5s -> sleep 75s
[bucket] calls=30 elapsed=15.3s -> sleep 75s
[progress] 400/1146 recs ok=302 err=98 429=0 | earn ok=249 err=151 429=0
[bucket] calls=30 elapsed=15.3s -> sleep 75s
[bucket] calls=30 elapsed=15.6s -> sleep 75s
[bucket] calls=30 elapsed=16.9s -> sleep 75s
[progress] 450/1146 recs ok=336 err=114 429=0 | earn ok=282 err=168 429=0
[bucket] calls=30 elapsed=14.5s -> sleep 75s
[bucket] calls=30 elapsed=15.8s -> sleep 75s
[bucket] calls=30 elapsed=16.3s -> sleep 75s
[bucket] calls=30 elapsed=15.8s -> sleep 75s
[progress] 500/1146 recs ok=369 err=131 429=0 | earn ok=307 err=193 429=0
[bucket] calls=30 elapsed=15.9s -> sleep 75s
[bucket] calls=30 elapsed=15.7s -> sleep 75s
[bucket] calls=30 elapsed=17.5s -> sleep 75s
[progress] 550/1146 recs ok=407 err=143 429=0 | earn ok=340 err=210 429=0
[bucket] calls=30 elapsed=18.7s -> sleep 75s
[bucket] calls=30 elapsed=16.7s -> sleep 75s
[bucket] calls=30 elapsed=19.0s -> sleep 75s
[progress] 600/1146 recs ok=447 err=153 429=0 | earn ok=375 err=225 429=0
[bucket] calls=30 elapsed=18.2s -> sleep 75s
[bucket] calls=30 elapsed=15.5s -> sleep 75s
[bucket] calls=30 elapsed=14.2s -> sleep 75s
[bucket] calls=30 elapsed=17.6s -> sleep 75s
[progress] 650/1146 recs ok=482 err=168 429=0 | earn ok=408 err=242 429=0
[bucket] calls=30 elapsed=56.2s -> sleep 75s
[bucket] calls=30 elapsed=18.8s -> sleep 75s
[bucket] calls=30 elapsed=16.3s -> sleep 75s
[progress] 700/1146 recs ok=521 err=179 429=0 | earn ok=440 err=260 429=0
[bucket] calls=30 elapsed=17.1s -> sleep 75s
[bucket] calls=30 elapsed=14.2s -> sleep 75s
[bucket] calls=30 elapsed=16.5s -> sleep 75s
[progress] 750/1146 recs ok=557 err=193 429=0 | earn ok=468 err=282 429=0
[bucket] calls=30 elapsed=17.7s -> sleep 75s
[bucket] calls=30 elapsed=16.1s -> sleep 75s
[bucket] calls=30 elapsed=18.1s -> sleep 75s
[bucket] calls=30 elapsed=19.2s -> sleep 75s
[progress] 800/1146 recs ok=596 err=204 429=0 | earn ok=502 err=298 429=0
[bucket] calls=30 elapsed=18.8s -> sleep 75s
[bucket] calls=30 elapsed=16.4s -> sleep 75s
[bucket] calls=30 elapsed=16.8s -> sleep 75s
[progress] 850/1146 recs ok=630 err=220 429=0 | earn ok=533 err=317 429=0
[bucket] calls=30 elapsed=19.1s -> sleep 75s
[bucket] calls=30 elapsed=19.2s -> sleep 75s
[bucket] calls=30 elapsed=16.4s -> sleep 75s
[progress] 900/1146 recs ok=667 err=233 429=0 | earn ok=564 err=336 429=0
[bucket] calls=30 elapsed=16.6s -> sleep 75s
[bucket] calls=30 elapsed=16.1s -> sleep 75s
[bucket] calls=30 elapsed=15.8s -> sleep 75s
[bucket] calls=30 elapsed=39.9s -> sleep 75s
[progress] 950/1146 recs ok=702 err=248 429=0 | earn ok=593 err=357 429=0
[bucket] calls=30 elapsed=19.1s -> sleep 75s
[bucket] calls=30 elapsed=17.1s -> sleep 75s
[bucket] calls=30 elapsed=18.7s -> sleep 75s
[progress] 1000/1146 recs ok=737 err=263 429=0 | earn ok=623 err=377 429=0
[bucket] calls=30 elapsed=17.9s -> sleep 75s
[bucket] calls=30 elapsed=17.1s -> sleep 75s
[bucket] calls=30 elapsed=17.2s -> sleep 75s
[progress] 1050/1146 recs ok=772 err=278 429=0 | earn ok=653 err=397 429=0
[bucket] calls=30 elapsed=17.1s -> sleep 75s
[bucket] calls=30 elapsed=17.7s -> sleep 75s
[bucket] calls=30 elapsed=17.7s -> sleep 75s
[bucket] calls=30 elapsed=17.3s -> sleep 75s
[progress] 1100/1146 recs ok=807 err=293 429=0 | earn ok=683 err=417 429=0
[bucket] calls=30 elapsed=16.9s -> sleep 75s
[bucket] calls=30 elapsed=16.7s -> sleep 75s
[bucket] calls=30 elapsed=15.3s -> sleep 75s
Nightly cache done.
Recs: ok=837 err=309 429=0
Earnings: ok=706 err=440 429=0
Finnhub cached under: /home/runner/work/data_cache/data_cache/data_cache/finnhub_recs/2026-07-22/ and /latest/
Earnings cached under: /home/runner/work/data_cache/data_cache/data_cache/earnings/2026-07-22/ and /latest/
Macro cached under: /home/runner/work/data_cache/data_cache/data_cache/macro_calendar/macro_calendar.csv
Log saved: /home/runner/work/data_cache/data_cache/logs/nightly_cache_2026-07-22T115352Z.log
