Nightly cache start: 2026-05-01T111410Z
REPO_ROOT: /home/runner/work/data_cache/data_cache
DATA_CACHE_DIR: /home/runner/work/data_cache/data_cache/data_cache
Symbols sources: ['sp500_constituents.csv', 'nasdaq100_with_baseline.csv', 'custom_universe_with_sector_baselines.csv', 'russell1000_universe.csv']
FINNHUB key present: True len=40
Rate limit config: MAX_CALLS_PER_MIN=30 SLEEP_ON_MINUTE=75s
YFinance available: True
Macro calendar saved: /home/runner/work/data_cache/data_cache/data_cache/macro_calendar/macro_calendar.csv rows=57 years=[2026, 2027]
Total symbols to cache: 1146
[bucket] calls=30 elapsed=16.5s -> sleep 75s
[bucket] calls=30 elapsed=14.0s -> sleep 75s
[bucket] calls=30 elapsed=14.4s -> sleep 75s
[progress] 50/1146 recs ok=42 err=8 429=0 | earn ok=22 err=28 429=0
[bucket] calls=30 elapsed=13.7s -> sleep 75s
[bucket] calls=30 elapsed=14.3s -> sleep 75s
[bucket] calls=30 elapsed=14.9s -> sleep 75s
[progress] 100/1146 recs ok=77 err=23 429=0 | earn ok=35 err=65 429=0
[bucket] calls=30 elapsed=14.8s -> sleep 75s
[bucket] calls=30 elapsed=13.8s -> sleep 75s
[bucket] calls=30 elapsed=15.0s -> sleep 75s
[progress] 150/1146 recs ok=117 err=33 429=0 | earn ok=48 err=102 429=0
[bucket] calls=30 elapsed=14.6s -> sleep 75s
[bucket] calls=30 elapsed=14.1s -> sleep 75s
[bucket] calls=30 elapsed=14.8s -> sleep 75s
[bucket] calls=30 elapsed=14.5s -> sleep 75s
[progress] 200/1146 recs ok=155 err=45 429=0 | earn ok=63 err=137 429=0
[bucket] calls=30 elapsed=14.7s -> sleep 75s
[bucket] calls=30 elapsed=14.9s -> sleep 75s
[bucket] calls=30 elapsed=14.2s -> sleep 75s
[progress] 250/1146 recs ok=192 err=58 429=0 | earn ok=80 err=170 429=0
[bucket] calls=30 elapsed=14.0s -> sleep 75s
[bucket] calls=30 elapsed=15.2s -> sleep 75s
[bucket] calls=30 elapsed=14.9s -> sleep 75s
[progress] 300/1146 recs ok=229 err=71 429=0 | earn ok=100 err=200 429=0
[bucket] calls=30 elapsed=14.8s -> sleep 75s
[bucket] calls=30 elapsed=15.2s -> sleep 75s
[bucket] calls=30 elapsed=14.8s -> sleep 75s
[bucket] calls=30 elapsed=15.2s -> sleep 75s
[progress] 350/1146 recs ok=265 err=85 429=0 | earn ok=112 err=238 429=0
[bucket] calls=30 elapsed=14.8s -> sleep 75s
[bucket] calls=30 elapsed=14.2s -> sleep 75s
[bucket] calls=30 elapsed=14.8s -> sleep 75s
[progress] 400/1146 recs ok=303 err=97 429=0 | earn ok=129 err=271 429=0
[bucket] calls=30 elapsed=14.6s -> sleep 75s
[bucket] calls=30 elapsed=14.5s -> sleep 75s
[bucket] calls=30 elapsed=14.9s -> sleep 75s
[progress] 450/1146 recs ok=337 err=113 429=0 | earn ok=143 err=307 429=0
[bucket] calls=30 elapsed=14.5s -> sleep 75s
[bucket] calls=30 elapsed=14.7s -> sleep 75s
[bucket] calls=30 elapsed=15.0s -> sleep 75s
[bucket] calls=30 elapsed=14.6s -> sleep 75s
[progress] 500/1146 recs ok=370 err=130 429=0 | earn ok=159 err=341 429=0
[bucket] calls=30 elapsed=15.8s -> sleep 75s
[bucket] calls=30 elapsed=14.7s -> sleep 75s
[bucket] calls=30 elapsed=15.1s -> sleep 75s
[progress] 550/1146 recs ok=408 err=142 429=0 | earn ok=175 err=375 429=0
[bucket] calls=30 elapsed=15.1s -> sleep 75s
[bucket] calls=30 elapsed=15.6s -> sleep 75s
[bucket] calls=30 elapsed=16.2s -> sleep 75s
[progress] 600/1146 recs ok=448 err=152 429=0 | earn ok=197 err=403 429=0
[bucket] calls=30 elapsed=14.5s -> sleep 75s
[bucket] calls=30 elapsed=15.1s -> sleep 75s
[bucket] calls=30 elapsed=14.9s -> sleep 75s
[bucket] calls=30 elapsed=14.2s -> sleep 75s
[progress] 650/1146 recs ok=483 err=167 429=0 | earn ok=213 err=437 429=0
[bucket] calls=30 elapsed=14.1s -> sleep 75s
[bucket] calls=30 elapsed=15.2s -> sleep 75s
[bucket] calls=30 elapsed=14.9s -> sleep 75s
[progress] 700/1146 recs ok=522 err=178 429=0 | earn ok=233 err=467 429=0
[bucket] calls=30 elapsed=14.6s -> sleep 75s
[bucket] calls=30 elapsed=15.7s -> sleep 75s
[bucket] calls=30 elapsed=14.3s -> sleep 75s
[progress] 750/1146 recs ok=558 err=192 429=0 | earn ok=250 err=500 429=0
[bucket] calls=30 elapsed=14.4s -> sleep 75s
[bucket] calls=30 elapsed=15.1s -> sleep 75s
[bucket] calls=30 elapsed=14.6s -> sleep 75s
[bucket] calls=30 elapsed=14.7s -> sleep 75s
[progress] 800/1146 recs ok=597 err=203 429=0 | earn ok=266 err=534 429=0
[bucket] calls=30 elapsed=14.4s -> sleep 75s
[bucket] calls=30 elapsed=14.6s -> sleep 75s
[bucket] calls=30 elapsed=14.8s -> sleep 75s
[progress] 850/1146 recs ok=631 err=219 429=0 | earn ok=284 err=566 429=0
[bucket] calls=30 elapsed=14.4s -> sleep 75s
[bucket] calls=30 elapsed=14.1s -> sleep 75s
[bucket] calls=30 elapsed=14.4s -> sleep 75s
[progress] 900/1146 recs ok=668 err=232 429=0 | earn ok=299 err=601 429=0
[bucket] calls=30 elapsed=14.6s -> sleep 75s
[bucket] calls=30 elapsed=15.7s -> sleep 75s
[bucket] calls=30 elapsed=14.1s -> sleep 75s
[bucket] calls=30 elapsed=14.4s -> sleep 75s
[progress] 950/1146 recs ok=703 err=247 429=0 | earn ok=311 err=639 429=0
[bucket] calls=30 elapsed=14.5s -> sleep 75s
[bucket] calls=30 elapsed=15.0s -> sleep 75s
[bucket] calls=30 elapsed=14.5s -> sleep 75s
[progress] 1000/1146 recs ok=738 err=262 429=0 | earn ok=329 err=671 429=0
[bucket] calls=30 elapsed=14.4s -> sleep 75s
[bucket] calls=30 elapsed=14.6s -> sleep 75s
[bucket] calls=30 elapsed=15.1s -> sleep 75s
[progress] 1050/1146 recs ok=773 err=277 429=0 | earn ok=345 err=705 429=0
[bucket] calls=30 elapsed=15.3s -> sleep 75s
[bucket] calls=30 elapsed=14.6s -> sleep 75s
[bucket] calls=30 elapsed=16.1s -> sleep 75s
[bucket] calls=30 elapsed=14.7s -> sleep 75s
[progress] 1100/1146 recs ok=808 err=292 429=0 | earn ok=359 err=741 429=0
[bucket] calls=30 elapsed=15.6s -> sleep 75s
[bucket] calls=30 elapsed=14.7s -> sleep 75s
[bucket] calls=30 elapsed=14.6s -> sleep 75s
Nightly cache done.
Recs: ok=838 err=308 429=0
Earnings: ok=372 err=774 429=0
Finnhub cached under: /home/runner/work/data_cache/data_cache/data_cache/finnhub_recs/2026-05-01/ and /latest/
Earnings cached under: /home/runner/work/data_cache/data_cache/data_cache/earnings/2026-05-01/ and /latest/
Macro cached under: /home/runner/work/data_cache/data_cache/data_cache/macro_calendar/macro_calendar.csv
Log saved: /home/runner/work/data_cache/data_cache/logs/nightly_cache_2026-05-01T111410Z.log
