Nightly cache start: 2026-07-02T121431Z
REPO_ROOT: /home/runner/work/data_cache/data_cache
DATA_CACHE_DIR: /home/runner/work/data_cache/data_cache/data_cache
Symbols sources: ['sp500_constituents.csv', 'nasdaq100_with_baseline.csv', 'custom_universe_with_sector_baselines.csv', 'russell1000_universe.csv']
FINNHUB key present: True len=40
Rate limit config: MAX_CALLS_PER_MIN=30 SLEEP_ON_MINUTE=75s
YFinance available: True
Macro calendar saved: /home/runner/work/data_cache/data_cache/data_cache/macro_calendar/macro_calendar.csv rows=57 years=[2026, 2027]
Total symbols to cache: 1146
[bucket] calls=30 elapsed=9.0s -> sleep 75s
[bucket] calls=30 elapsed=8.9s -> sleep 75s
[bucket] calls=30 elapsed=9.8s -> sleep 75s
[progress] 50/1146 recs ok=42 err=8 429=0 | earn ok=35 err=15 429=0
[bucket] calls=30 elapsed=8.2s -> sleep 75s
[bucket] calls=30 elapsed=8.6s -> sleep 75s
[bucket] calls=30 elapsed=8.6s -> sleep 75s
[progress] 100/1146 recs ok=77 err=23 429=0 | earn ok=65 err=35 429=0
[bucket] calls=30 elapsed=8.3s -> sleep 75s
[bucket] calls=30 elapsed=8.2s -> sleep 75s
[bucket] calls=30 elapsed=8.9s -> sleep 75s
[progress] 150/1146 recs ok=116 err=34 429=0 | earn ok=103 err=47 429=0
[bucket] calls=30 elapsed=9.0s -> sleep 75s
[bucket] calls=30 elapsed=8.5s -> sleep 75s
[bucket] calls=30 elapsed=10.1s -> sleep 75s
[bucket] calls=30 elapsed=9.5s -> sleep 75s
[progress] 200/1146 recs ok=154 err=46 429=0 | earn ok=138 err=62 429=0
[bucket] calls=30 elapsed=9.4s -> sleep 75s
[bucket] calls=30 elapsed=8.7s -> sleep 75s
[bucket] calls=30 elapsed=8.9s -> sleep 75s
[progress] 250/1146 recs ok=191 err=59 429=0 | earn ok=169 err=81 429=0
[bucket] calls=30 elapsed=8.5s -> sleep 75s
[bucket] calls=30 elapsed=8.8s -> sleep 75s
[bucket] calls=30 elapsed=8.5s -> sleep 75s
[progress] 300/1146 recs ok=228 err=72 429=0 | earn ok=201 err=99 429=0
[bucket] calls=30 elapsed=9.0s -> sleep 75s
[bucket] calls=30 elapsed=9.8s -> sleep 75s
[bucket] calls=30 elapsed=9.0s -> sleep 75s
[bucket] calls=30 elapsed=8.6s -> sleep 75s
[progress] 350/1146 recs ok=264 err=86 429=0 | earn ok=231 err=119 429=0
[bucket] calls=30 elapsed=8.7s -> sleep 75s
[bucket] calls=30 elapsed=8.7s -> sleep 75s
[bucket] calls=30 elapsed=9.3s -> sleep 75s
[progress] 400/1146 recs ok=302 err=98 429=0 | earn ok=266 err=134 429=0
[bucket] calls=30 elapsed=10.3s -> sleep 75s
[bucket] calls=30 elapsed=9.6s -> sleep 75s
[bucket] calls=30 elapsed=8.8s -> sleep 75s
[progress] 450/1146 recs ok=336 err=114 429=0 | earn ok=298 err=152 429=0
[bucket] calls=30 elapsed=9.5s -> sleep 75s
[bucket] calls=30 elapsed=8.6s -> sleep 75s
[bucket] calls=30 elapsed=9.0s -> sleep 75s
[bucket] calls=30 elapsed=9.4s -> sleep 75s
[progress] 500/1146 recs ok=369 err=131 429=0 | earn ok=328 err=172 429=0
[bucket] calls=30 elapsed=14.5s -> sleep 75s
[bucket] calls=30 elapsed=9.8s -> sleep 75s
[bucket] calls=30 elapsed=8.7s -> sleep 75s
[progress] 550/1146 recs ok=407 err=143 429=0 | earn ok=364 err=186 429=0
[bucket] calls=30 elapsed=12.5s -> sleep 75s
[bucket] calls=30 elapsed=9.5s -> sleep 75s
[bucket] calls=30 elapsed=8.6s -> sleep 75s
[progress] 600/1146 recs ok=447 err=153 429=0 | earn ok=400 err=200 429=0
[bucket] calls=30 elapsed=9.1s -> sleep 75s
[bucket] calls=30 elapsed=9.5s -> sleep 75s
[bucket] calls=30 elapsed=10.9s -> sleep 75s
[bucket] calls=30 elapsed=9.7s -> sleep 75s
[progress] 650/1146 recs ok=482 err=168 429=0 | earn ok=430 err=220 429=0
[bucket] calls=30 elapsed=10.7s -> sleep 75s
[bucket] calls=30 elapsed=8.7s -> sleep 75s
[bucket] calls=30 elapsed=8.9s -> sleep 75s
[progress] 700/1146 recs ok=521 err=179 429=0 | earn ok=464 err=236 429=0
[bucket] calls=30 elapsed=9.5s -> sleep 75s
[bucket] calls=30 elapsed=10.7s -> sleep 75s
[bucket] calls=30 elapsed=9.4s -> sleep 75s
[progress] 750/1146 recs ok=557 err=193 429=0 | earn ok=495 err=255 429=0
[bucket] calls=30 elapsed=8.8s -> sleep 75s
[bucket] calls=30 elapsed=9.5s -> sleep 75s
[bucket] calls=30 elapsed=9.2s -> sleep 75s
[bucket] calls=30 elapsed=8.6s -> sleep 75s
[progress] 800/1146 recs ok=596 err=204 429=0 | earn ok=530 err=270 429=0
[bucket] calls=30 elapsed=10.5s -> sleep 75s
[bucket] calls=30 elapsed=29.6s -> sleep 75s
[bucket] calls=30 elapsed=11.1s -> sleep 75s
[progress] 850/1146 recs ok=630 err=220 429=0 | earn ok=560 err=290 429=0
[bucket] calls=30 elapsed=10.6s -> sleep 75s
[bucket] calls=30 elapsed=10.5s -> sleep 75s
[bucket] calls=30 elapsed=10.0s -> sleep 75s
[progress] 900/1146 recs ok=668 err=232 429=0 | earn ok=594 err=306 429=0
[bucket] calls=30 elapsed=10.7s -> sleep 75s
[bucket] calls=30 elapsed=10.6s -> sleep 75s
[bucket] calls=30 elapsed=9.4s -> sleep 75s
[bucket] calls=30 elapsed=9.6s -> sleep 75s
[progress] 950/1146 recs ok=703 err=247 429=0 | earn ok=625 err=325 429=0
[bucket] calls=30 elapsed=9.4s -> sleep 75s
[bucket] calls=30 elapsed=14.2s -> sleep 75s
[bucket] calls=30 elapsed=10.6s -> sleep 75s
[progress] 1000/1146 recs ok=738 err=262 429=0 | earn ok=657 err=343 429=0
[bucket] calls=30 elapsed=8.7s -> sleep 75s
[bucket] calls=30 elapsed=9.5s -> sleep 75s
[bucket] calls=30 elapsed=11.0s -> sleep 75s
[progress] 1050/1146 recs ok=773 err=277 429=0 | earn ok=689 err=361 429=0
[bucket] calls=30 elapsed=9.6s -> sleep 75s
[bucket] calls=30 elapsed=9.6s -> sleep 75s
[bucket] calls=30 elapsed=10.0s -> sleep 75s
[bucket] calls=30 elapsed=9.2s -> sleep 75s
[progress] 1100/1146 recs ok=808 err=292 429=0 | earn ok=722 err=378 429=0
[bucket] calls=30 elapsed=9.5s -> sleep 75s
[bucket] calls=30 elapsed=9.5s -> sleep 75s
[bucket] calls=30 elapsed=39.4s -> sleep 75s
Nightly cache done.
Recs: ok=838 err=308 429=0
Earnings: ok=747 err=399 429=0
Finnhub cached under: /home/runner/work/data_cache/data_cache/data_cache/finnhub_recs/2026-07-02/ and /latest/
Earnings cached under: /home/runner/work/data_cache/data_cache/data_cache/earnings/2026-07-02/ and /latest/
Macro cached under: /home/runner/work/data_cache/data_cache/data_cache/macro_calendar/macro_calendar.csv
Log saved: /home/runner/work/data_cache/data_cache/logs/nightly_cache_2026-07-02T121431Z.log
