Nightly cache start: 2026-03-01T103333Z
REPO_ROOT: /home/runner/work/data_cache/data_cache
DATA_CACHE_DIR: /home/runner/work/data_cache/data_cache/data_cache
Symbols sources: ['sp500_constituents.csv', 'nasdaq100_with_baseline.csv', 'custom_universe_with_sector_baselines.csv', 'russell1000_universe.csv']
FINNHUB key present: True len=40
Rate limit config: MAX_CALLS_PER_MIN=30 SLEEP_ON_MINUTE=75s
YFinance available: True
Macro calendar saved: /home/runner/work/data_cache/data_cache/data_cache/macro_calendar/macro_calendar.csv rows=57 years=[2026, 2027]
Total symbols to cache: 1146
[bucket] calls=30 elapsed=12.5s -> sleep 75s
[bucket] calls=30 elapsed=11.1s -> sleep 75s
[bucket] calls=30 elapsed=10.9s -> sleep 75s
[progress] 50/1146 recs ok=42 err=8 429=0 | earn ok=24 err=26 429=0
[bucket] calls=30 elapsed=10.9s -> sleep 75s
[bucket] calls=30 elapsed=11.5s -> sleep 75s
[bucket] calls=30 elapsed=11.3s -> sleep 75s
[progress] 100/1146 recs ok=76 err=24 429=0 | earn ok=50 err=50 429=0
[bucket] calls=30 elapsed=11.3s -> sleep 75s
[bucket] calls=30 elapsed=11.0s -> sleep 75s
[bucket] calls=30 elapsed=11.3s -> sleep 75s
[progress] 150/1146 recs ok=116 err=34 429=0 | earn ok=84 err=66 429=0
[bucket] calls=30 elapsed=11.5s -> sleep 75s
[bucket] calls=30 elapsed=11.2s -> sleep 75s
[bucket] calls=30 elapsed=11.0s -> sleep 75s
[bucket] calls=30 elapsed=11.4s -> sleep 75s
[progress] 200/1146 recs ok=154 err=46 429=0 | earn ok=108 err=92 429=0
[bucket] calls=30 elapsed=11.4s -> sleep 75s
[bucket] calls=30 elapsed=12.0s -> sleep 75s
[bucket] calls=30 elapsed=11.9s -> sleep 75s
[progress] 250/1146 recs ok=191 err=59 429=0 | earn ok=129 err=121 429=0
[bucket] calls=30 elapsed=11.5s -> sleep 75s
[bucket] calls=30 elapsed=12.2s -> sleep 75s
[bucket] calls=30 elapsed=11.5s -> sleep 75s
[progress] 300/1146 recs ok=228 err=72 429=0 | earn ok=147 err=153 429=0
[bucket] calls=30 elapsed=11.5s -> sleep 75s
[bucket] calls=30 elapsed=12.0s -> sleep 75s
[bucket] calls=30 elapsed=11.2s -> sleep 75s
[bucket] calls=30 elapsed=13.0s -> sleep 75s
[progress] 350/1146 recs ok=264 err=86 429=0 | earn ok=169 err=181 429=0
[bucket] calls=30 elapsed=11.3s -> sleep 75s
[bucket] calls=30 elapsed=11.3s -> sleep 75s
[bucket] calls=30 elapsed=12.1s -> sleep 75s
[progress] 400/1146 recs ok=302 err=98 429=0 | earn ok=197 err=203 429=0
[bucket] calls=30 elapsed=11.4s -> sleep 75s
[bucket] calls=30 elapsed=11.4s -> sleep 75s
[bucket] calls=30 elapsed=11.5s -> sleep 75s
[progress] 450/1146 recs ok=336 err=114 429=0 | earn ok=222 err=228 429=0
[bucket] calls=30 elapsed=12.9s -> sleep 75s
[bucket] calls=30 elapsed=11.9s -> sleep 75s
[bucket] calls=30 elapsed=12.0s -> sleep 75s
[bucket] calls=30 elapsed=11.8s -> sleep 75s
[progress] 500/1146 recs ok=369 err=131 429=0 | earn ok=242 err=258 429=0
[bucket] calls=30 elapsed=12.2s -> sleep 75s
[bucket] calls=30 elapsed=11.5s -> sleep 75s
[bucket] calls=30 elapsed=11.4s -> sleep 75s
[progress] 550/1146 recs ok=407 err=143 429=0 | earn ok=269 err=281 429=0
[bucket] calls=30 elapsed=11.6s -> sleep 75s
[bucket] calls=30 elapsed=12.1s -> sleep 75s
[bucket] calls=30 elapsed=11.6s -> sleep 75s
[progress] 600/1146 recs ok=447 err=153 429=0 | earn ok=293 err=307 429=0
[bucket] calls=30 elapsed=12.4s -> sleep 75s
[bucket] calls=30 elapsed=11.6s -> sleep 75s
[bucket] calls=30 elapsed=11.6s -> sleep 75s
[bucket] calls=30 elapsed=11.9s -> sleep 75s
[progress] 650/1146 recs ok=481 err=169 429=0 | earn ok=313 err=337 429=0
[bucket] calls=30 elapsed=11.7s -> sleep 75s
[bucket] calls=30 elapsed=12.1s -> sleep 75s
[bucket] calls=30 elapsed=12.0s -> sleep 75s
[progress] 700/1146 recs ok=520 err=180 429=0 | earn ok=339 err=361 429=0
[bucket] calls=30 elapsed=12.0s -> sleep 75s
[bucket] calls=30 elapsed=12.2s -> sleep 75s
[bucket] calls=30 elapsed=12.6s -> sleep 75s
[progress] 750/1146 recs ok=556 err=194 429=0 | earn ok=360 err=390 429=0
[bucket] calls=30 elapsed=11.5s -> sleep 75s
[bucket] calls=30 elapsed=12.3s -> sleep 75s
[bucket] calls=30 elapsed=11.8s -> sleep 75s
[bucket] calls=30 elapsed=11.9s -> sleep 75s
[progress] 800/1146 recs ok=594 err=206 429=0 | earn ok=386 err=414 429=0
[bucket] calls=30 elapsed=11.4s -> sleep 75s
[bucket] calls=30 elapsed=11.5s -> sleep 75s
[bucket] calls=30 elapsed=11.4s -> sleep 75s
[progress] 850/1146 recs ok=628 err=222 429=0 | earn ok=409 err=441 429=0
[bucket] calls=30 elapsed=12.1s -> sleep 75s
[bucket] calls=30 elapsed=11.4s -> sleep 75s
[bucket] calls=30 elapsed=11.6s -> sleep 75s
[progress] 900/1146 recs ok=665 err=235 429=0 | earn ok=437 err=463 429=0
[bucket] calls=30 elapsed=11.9s -> sleep 75s
[bucket] calls=30 elapsed=12.1s -> sleep 75s
[bucket] calls=30 elapsed=11.4s -> sleep 75s
[bucket] calls=30 elapsed=12.1s -> sleep 75s
[progress] 950/1146 recs ok=700 err=250 429=0 | earn ok=460 err=490 429=0
[bucket] calls=30 elapsed=11.7s -> sleep 75s
[bucket] calls=30 elapsed=11.7s -> sleep 75s
[bucket] calls=30 elapsed=11.6s -> sleep 75s
[progress] 1000/1146 recs ok=735 err=265 429=0 | earn ok=479 err=521 429=0
[bucket] calls=30 elapsed=12.3s -> sleep 75s
[bucket] calls=30 elapsed=12.0s -> sleep 75s
[bucket] calls=30 elapsed=11.4s -> sleep 75s
[progress] 1050/1146 recs ok=770 err=280 429=0 | earn ok=502 err=548 429=0
[bucket] calls=30 elapsed=12.1s -> sleep 75s
[bucket] calls=30 elapsed=11.3s -> sleep 75s
[bucket] calls=30 elapsed=12.5s -> sleep 75s
[bucket] calls=30 elapsed=11.9s -> sleep 75s
[progress] 1100/1146 recs ok=805 err=295 429=0 | earn ok=525 err=575 429=0
[bucket] calls=30 elapsed=11.5s -> sleep 75s
[bucket] calls=30 elapsed=11.7s -> sleep 75s
[bucket] calls=30 elapsed=12.0s -> sleep 75s
Nightly cache done.
Recs: ok=835 err=311 429=0
Earnings: ok=539 err=607 429=0
Finnhub cached under: /home/runner/work/data_cache/data_cache/data_cache/finnhub_recs/2026-03-01/ and /latest/
Earnings cached under: /home/runner/work/data_cache/data_cache/data_cache/earnings/2026-03-01/ and /latest/
Macro cached under: /home/runner/work/data_cache/data_cache/data_cache/macro_calendar/macro_calendar.csv
Log saved: /home/runner/work/data_cache/data_cache/logs/nightly_cache_2026-03-01T103333Z.log
