Nightly cache start: 2026-07-13T123543Z
REPO_ROOT: /home/runner/work/data_cache/data_cache
DATA_CACHE_DIR: /home/runner/work/data_cache/data_cache/data_cache
Symbols sources: ['sp500_constituents.csv', 'nasdaq100_with_baseline.csv', 'custom_universe_with_sector_baselines.csv', 'russell1000_universe.csv']
FINNHUB key present: True len=40
Rate limit config: MAX_CALLS_PER_MIN=30 SLEEP_ON_MINUTE=75s
YFinance available: True
Macro calendar saved: /home/runner/work/data_cache/data_cache/data_cache/macro_calendar/macro_calendar.csv rows=57 years=[2026, 2027]
Total symbols to cache: 1146
[bucket] calls=30 elapsed=9.6s -> sleep 75s
[bucket] calls=30 elapsed=9.0s -> sleep 75s
[bucket] calls=30 elapsed=8.9s -> sleep 75s
[progress] 50/1146 recs ok=42 err=8 429=0 | earn ok=37 err=13 429=0
[bucket] calls=30 elapsed=9.5s -> sleep 75s
[bucket] calls=30 elapsed=9.6s -> sleep 75s
[bucket] calls=30 elapsed=9.3s -> sleep 75s
[progress] 100/1146 recs ok=77 err=23 429=0 | earn ok=68 err=32 429=0
[bucket] calls=30 elapsed=8.9s -> sleep 75s
[bucket] calls=30 elapsed=8.7s -> sleep 75s
[bucket] calls=30 elapsed=8.6s -> sleep 75s
[progress] 150/1146 recs ok=116 err=34 429=0 | earn ok=106 err=44 429=0
[bucket] calls=30 elapsed=8.9s -> sleep 75s
[bucket] calls=30 elapsed=8.9s -> sleep 75s
[bucket] calls=30 elapsed=9.3s -> sleep 75s
[bucket] calls=30 elapsed=9.5s -> sleep 75s
[progress] 200/1146 recs ok=154 err=46 429=0 | earn ok=140 err=60 429=0
[bucket] calls=30 elapsed=8.5s -> sleep 75s
[bucket] calls=30 elapsed=8.4s -> sleep 75s
[bucket] calls=30 elapsed=8.9s -> sleep 75s
[progress] 250/1146 recs ok=191 err=59 429=0 | earn ok=173 err=77 429=0
[bucket] calls=30 elapsed=8.7s -> sleep 75s
[bucket] calls=30 elapsed=9.0s -> sleep 75s
[bucket] calls=30 elapsed=13.6s -> sleep 75s
[progress] 300/1146 recs ok=228 err=72 429=0 | earn ok=206 err=94 429=0
[bucket] calls=30 elapsed=9.3s -> sleep 75s
[bucket] calls=30 elapsed=10.8s -> sleep 75s
[bucket] calls=30 elapsed=9.8s -> sleep 75s
[bucket] calls=30 elapsed=8.9s -> sleep 75s
[progress] 350/1146 recs ok=264 err=86 429=0 | earn ok=237 err=113 429=0
[bucket] calls=30 elapsed=8.7s -> sleep 75s
[bucket] calls=30 elapsed=9.4s -> sleep 75s
[bucket] calls=30 elapsed=9.6s -> sleep 75s
[progress] 400/1146 recs ok=302 err=98 429=0 | earn ok=272 err=128 429=0
[bucket] calls=30 elapsed=8.8s -> sleep 75s
[bucket] calls=30 elapsed=10.2s -> sleep 75s
[bucket] calls=30 elapsed=10.9s -> sleep 75s
[progress] 450/1146 recs ok=336 err=114 429=0 | earn ok=306 err=144 429=0
[bucket] calls=30 elapsed=8.4s -> sleep 75s
[bucket] calls=30 elapsed=9.9s -> sleep 75s
[bucket] calls=30 elapsed=9.0s -> sleep 75s
[bucket] calls=30 elapsed=9.8s -> sleep 75s
[progress] 500/1146 recs ok=369 err=131 429=0 | earn ok=337 err=163 429=0
[bucket] calls=30 elapsed=9.6s -> sleep 75s
[bucket] calls=30 elapsed=8.6s -> sleep 75s
[bucket] calls=30 elapsed=9.2s -> sleep 75s
[progress] 550/1146 recs ok=407 err=143 429=0 | earn ok=374 err=176 429=0
[bucket] calls=30 elapsed=9.9s -> sleep 75s
[bucket] calls=30 elapsed=9.3s -> sleep 75s
[bucket] calls=30 elapsed=8.9s -> sleep 75s
[progress] 600/1146 recs ok=447 err=153 429=0 | earn ok=411 err=189 429=0
[bucket] calls=30 elapsed=17.5s -> sleep 75s
[bucket] calls=30 elapsed=15.4s -> sleep 75s
[bucket] calls=30 elapsed=13.3s -> sleep 75s
[bucket] calls=30 elapsed=17.5s -> sleep 75s
[progress] 650/1146 recs ok=482 err=168 429=0 | earn ok=444 err=206 429=0
[bucket] calls=30 elapsed=13.0s -> sleep 75s
[bucket] calls=30 elapsed=14.3s -> sleep 75s
[bucket] calls=30 elapsed=11.0s -> sleep 75s
[progress] 700/1146 recs ok=521 err=179 429=0 | earn ok=479 err=221 429=0
[bucket] calls=30 elapsed=11.4s -> sleep 75s
[bucket] calls=30 elapsed=11.3s -> sleep 75s
[bucket] calls=30 elapsed=14.4s -> sleep 75s
[progress] 750/1146 recs ok=557 err=193 429=0 | earn ok=510 err=240 429=0
[bucket] calls=30 elapsed=12.1s -> sleep 75s
[bucket] calls=30 elapsed=9.8s -> sleep 75s
[bucket] calls=30 elapsed=10.2s -> sleep 75s
[bucket] calls=30 elapsed=10.2s -> sleep 75s
[progress] 800/1146 recs ok=596 err=204 429=0 | earn ok=545 err=255 429=0
[bucket] calls=30 elapsed=11.3s -> sleep 75s
[bucket] calls=30 elapsed=9.8s -> sleep 75s
[bucket] calls=30 elapsed=12.6s -> sleep 75s
[progress] 850/1146 recs ok=630 err=220 429=0 | earn ok=577 err=273 429=0
[bucket] calls=30 elapsed=11.5s -> sleep 75s
[bucket] calls=30 elapsed=9.3s -> sleep 75s
[bucket] calls=30 elapsed=9.3s -> sleep 75s
[progress] 900/1146 recs ok=667 err=233 429=0 | earn ok=611 err=289 429=0
[bucket] calls=30 elapsed=9.5s -> sleep 75s
[bucket] calls=30 elapsed=16.7s -> sleep 75s
[bucket] calls=30 elapsed=11.8s -> sleep 75s
[bucket] calls=30 elapsed=10.0s -> sleep 75s
[progress] 950/1146 recs ok=702 err=248 429=0 | earn ok=643 err=307 429=0
[bucket] calls=30 elapsed=9.5s -> sleep 75s
[bucket] calls=30 elapsed=10.2s -> sleep 75s
[bucket] calls=30 elapsed=10.5s -> sleep 75s
[progress] 1000/1146 recs ok=737 err=263 429=0 | earn ok=675 err=325 429=0
[bucket] calls=30 elapsed=8.8s -> sleep 75s
[bucket] calls=30 elapsed=11.1s -> sleep 75s
[bucket] calls=30 elapsed=10.3s -> sleep 75s
[progress] 1050/1146 recs ok=772 err=278 429=0 | earn ok=709 err=341 429=0
[bucket] calls=30 elapsed=19.2s -> sleep 75s
[bucket] calls=30 elapsed=10.7s -> sleep 75s
[bucket] calls=30 elapsed=9.8s -> sleep 75s
[bucket] calls=30 elapsed=9.9s -> sleep 75s
[progress] 1100/1146 recs ok=807 err=293 429=0 | earn ok=742 err=358 429=0
[bucket] calls=30 elapsed=9.2s -> sleep 75s
[bucket] calls=30 elapsed=10.4s -> sleep 75s
[bucket] calls=30 elapsed=10.2s -> sleep 75s
Nightly cache done.
Recs: ok=837 err=309 429=0
Earnings: ok=767 err=379 429=0
Finnhub cached under: /home/runner/work/data_cache/data_cache/data_cache/finnhub_recs/2026-07-13/ and /latest/
Earnings cached under: /home/runner/work/data_cache/data_cache/data_cache/earnings/2026-07-13/ and /latest/
Macro cached under: /home/runner/work/data_cache/data_cache/data_cache/macro_calendar/macro_calendar.csv
Log saved: /home/runner/work/data_cache/data_cache/logs/nightly_cache_2026-07-13T123543Z.log
