Nightly cache start: 2026-05-28T135751Z
REPO_ROOT: /home/runner/work/data_cache/data_cache
DATA_CACHE_DIR: /home/runner/work/data_cache/data_cache/data_cache
Symbols sources: ['sp500_constituents.csv', 'nasdaq100_with_baseline.csv', 'custom_universe_with_sector_baselines.csv', 'russell1000_universe.csv']
FINNHUB key present: True len=40
Rate limit config: MAX_CALLS_PER_MIN=30 SLEEP_ON_MINUTE=75s
YFinance available: True
Macro calendar saved: /home/runner/work/data_cache/data_cache/data_cache/macro_calendar/macro_calendar.csv rows=57 years=[2026, 2027]
Total symbols to cache: 1146
[bucket] calls=30 elapsed=15.4s -> sleep 75s
[bucket] calls=30 elapsed=13.2s -> sleep 75s
[bucket] calls=30 elapsed=13.5s -> sleep 75s
[progress] 50/1146 recs ok=42 err=8 429=0 | earn ok=10 err=40 429=0
[bucket] calls=30 elapsed=13.9s -> sleep 75s
[bucket] calls=30 elapsed=13.5s -> sleep 75s
[bucket] calls=30 elapsed=14.2s -> sleep 75s
[progress] 100/1146 recs ok=77 err=23 429=0 | earn ok=21 err=79 429=0
[bucket] calls=30 elapsed=13.4s -> sleep 75s
[bucket] calls=30 elapsed=13.6s -> sleep 75s
[bucket] calls=30 elapsed=14.3s -> sleep 75s
[progress] 150/1146 recs ok=116 err=34 429=0 | earn ok=39 err=111 429=0
[bucket] calls=30 elapsed=15.2s -> sleep 75s
[bucket] calls=30 elapsed=13.4s -> sleep 75s
[bucket] calls=30 elapsed=14.2s -> sleep 75s
[bucket] calls=30 elapsed=13.0s -> sleep 75s
[progress] 200/1146 recs ok=154 err=46 429=0 | earn ok=55 err=145 429=0
[bucket] calls=30 elapsed=14.0s -> sleep 75s
[bucket] calls=30 elapsed=13.4s -> sleep 75s
[bucket] calls=30 elapsed=14.9s -> sleep 75s
[progress] 250/1146 recs ok=191 err=59 429=0 | earn ok=69 err=181 429=0
[bucket] calls=30 elapsed=13.5s -> sleep 75s
[bucket] calls=30 elapsed=14.2s -> sleep 75s
[bucket] calls=30 elapsed=14.8s -> sleep 75s
[progress] 300/1146 recs ok=228 err=72 429=0 | earn ok=82 err=218 429=0
[bucket] calls=30 elapsed=14.5s -> sleep 75s
[bucket] calls=30 elapsed=14.3s -> sleep 75s
[bucket] calls=30 elapsed=14.9s -> sleep 75s
[bucket] calls=30 elapsed=13.3s -> sleep 75s
[progress] 350/1146 recs ok=264 err=86 429=0 | earn ok=97 err=253 429=0
[bucket] calls=30 elapsed=13.4s -> sleep 75s
[bucket] calls=30 elapsed=21.8s -> sleep 75s
[bucket] calls=30 elapsed=14.0s -> sleep 75s
[progress] 400/1146 recs ok=302 err=98 429=0 | earn ok=112 err=288 429=0
[bucket] calls=30 elapsed=14.1s -> sleep 75s
[bucket] calls=30 elapsed=14.2s -> sleep 75s
[bucket] calls=30 elapsed=13.5s -> sleep 75s
[progress] 450/1146 recs ok=336 err=114 429=0 | earn ok=129 err=321 429=0
[bucket] calls=30 elapsed=13.9s -> sleep 75s
[bucket] calls=30 elapsed=13.7s -> sleep 75s
[bucket] calls=30 elapsed=14.1s -> sleep 75s
[bucket] calls=30 elapsed=14.1s -> sleep 75s
[progress] 500/1146 recs ok=369 err=131 429=0 | earn ok=141 err=359 429=0
[bucket] calls=30 elapsed=13.9s -> sleep 75s
[bucket] calls=30 elapsed=13.7s -> sleep 75s
[bucket] calls=30 elapsed=14.5s -> sleep 75s
[progress] 550/1146 recs ok=407 err=143 429=0 | earn ok=152 err=398 429=0
[bucket] calls=30 elapsed=13.0s -> sleep 75s
[bucket] calls=30 elapsed=12.8s -> sleep 75s
[bucket] calls=30 elapsed=12.5s -> sleep 75s
[progress] 600/1146 recs ok=447 err=153 429=0 | earn ok=165 err=435 429=0
[bucket] calls=30 elapsed=13.3s -> sleep 75s
[bucket] calls=30 elapsed=13.6s -> sleep 75s
[bucket] calls=30 elapsed=13.2s -> sleep 75s
[bucket] calls=30 elapsed=13.7s -> sleep 75s
[progress] 650/1146 recs ok=482 err=168 429=0 | earn ok=176 err=474 429=0
[bucket] calls=30 elapsed=75.7s -> sleep 75s
[bucket] calls=30 elapsed=13.0s -> sleep 75s
[bucket] calls=30 elapsed=12.7s -> sleep 75s
[progress] 700/1146 recs ok=521 err=179 429=0 | earn ok=190 err=510 429=0
[bucket] calls=30 elapsed=13.2s -> sleep 75s
[bucket] calls=30 elapsed=13.6s -> sleep 75s
[bucket] calls=30 elapsed=12.4s -> sleep 75s
[progress] 750/1146 recs ok=557 err=193 429=0 | earn ok=207 err=543 429=0
[bucket] calls=30 elapsed=12.7s -> sleep 75s
[bucket] calls=30 elapsed=17.8s -> sleep 75s
[bucket] calls=30 elapsed=13.1s -> sleep 75s
[bucket] calls=30 elapsed=14.9s -> sleep 75s
[progress] 800/1146 recs ok=596 err=204 429=0 | earn ok=223 err=577 429=0
[bucket] calls=30 elapsed=13.4s -> sleep 75s
[bucket] calls=30 elapsed=13.9s -> sleep 75s
[bucket] calls=30 elapsed=13.5s -> sleep 75s
[progress] 850/1146 recs ok=630 err=220 429=0 | earn ok=237 err=613 429=0
[bucket] calls=30 elapsed=15.4s -> sleep 75s
[bucket] calls=30 elapsed=13.5s -> sleep 75s
[bucket] calls=30 elapsed=14.2s -> sleep 75s
[progress] 900/1146 recs ok=668 err=232 429=0 | earn ok=254 err=646 429=0
[bucket] calls=30 elapsed=13.8s -> sleep 75s
[bucket] calls=30 elapsed=14.3s -> sleep 75s
[bucket] calls=30 elapsed=14.8s -> sleep 75s
[bucket] calls=30 elapsed=14.9s -> sleep 75s
[progress] 950/1146 recs ok=703 err=247 429=0 | earn ok=268 err=682 429=0
[bucket] calls=30 elapsed=13.6s -> sleep 75s
[bucket] calls=30 elapsed=15.3s -> sleep 75s
[bucket] calls=30 elapsed=13.5s -> sleep 75s
[progress] 1000/1146 recs ok=738 err=262 429=0 | earn ok=279 err=721 429=0
[bucket] calls=30 elapsed=13.8s -> sleep 75s
[bucket] calls=30 elapsed=14.4s -> sleep 75s
[bucket] calls=30 elapsed=13.9s -> sleep 75s
[progress] 1050/1146 recs ok=773 err=277 429=0 | earn ok=294 err=756 429=0
[bucket] calls=30 elapsed=14.4s -> sleep 75s
[bucket] calls=30 elapsed=18.6s -> sleep 75s
[bucket] calls=30 elapsed=15.0s -> sleep 75s
[bucket] calls=30 elapsed=14.0s -> sleep 75s
[progress] 1100/1146 recs ok=808 err=292 429=0 | earn ok=309 err=791 429=0
[bucket] calls=30 elapsed=13.8s -> sleep 75s
[bucket] calls=30 elapsed=13.8s -> sleep 75s
[bucket] calls=30 elapsed=13.8s -> sleep 75s
Nightly cache done.
Recs: ok=838 err=308 429=0
Earnings: ok=316 err=830 429=0
Finnhub cached under: /home/runner/work/data_cache/data_cache/data_cache/finnhub_recs/2026-05-28/ and /latest/
Earnings cached under: /home/runner/work/data_cache/data_cache/data_cache/earnings/2026-05-28/ and /latest/
Macro cached under: /home/runner/work/data_cache/data_cache/data_cache/macro_calendar/macro_calendar.csv
Log saved: /home/runner/work/data_cache/data_cache/logs/nightly_cache_2026-05-28T135751Z.log
