Nightly cache start: 2026-07-19T111439Z
REPO_ROOT: /home/runner/work/data_cache/data_cache
DATA_CACHE_DIR: /home/runner/work/data_cache/data_cache/data_cache
Symbols sources: ['sp500_constituents.csv', 'nasdaq100_with_baseline.csv', 'custom_universe_with_sector_baselines.csv', 'russell1000_universe.csv']
FINNHUB key present: True len=40
Rate limit config: MAX_CALLS_PER_MIN=30 SLEEP_ON_MINUTE=75s
YFinance available: True
Macro calendar saved: /home/runner/work/data_cache/data_cache/data_cache/macro_calendar/macro_calendar.csv rows=57 years=[2026, 2027]
Total symbols to cache: 1146
[bucket] calls=30 elapsed=9.5s -> sleep 75s
[bucket] calls=30 elapsed=9.5s -> sleep 75s
[bucket] calls=30 elapsed=8.9s -> sleep 75s
[progress] 50/1146 recs ok=42 err=8 429=0 | earn ok=35 err=15 429=0
[bucket] calls=30 elapsed=8.7s -> sleep 75s
[bucket] calls=30 elapsed=9.0s -> sleep 75s
[bucket] calls=30 elapsed=9.3s -> sleep 75s
[progress] 100/1146 recs ok=77 err=23 429=0 | earn ok=65 err=35 429=0
[bucket] calls=30 elapsed=9.0s -> sleep 75s
[bucket] calls=30 elapsed=9.3s -> sleep 75s
[bucket] calls=30 elapsed=9.3s -> sleep 75s
[progress] 150/1146 recs ok=116 err=34 429=0 | earn ok=101 err=49 429=0
[bucket] calls=30 elapsed=9.1s -> sleep 75s
[bucket] calls=30 elapsed=8.7s -> sleep 75s
[bucket] calls=30 elapsed=10.1s -> sleep 75s
[bucket] calls=30 elapsed=9.6s -> sleep 75s
[progress] 200/1146 recs ok=154 err=46 429=0 | earn ok=132 err=68 429=0
[bucket] calls=30 elapsed=9.0s -> sleep 75s
[bucket] calls=30 elapsed=9.6s -> sleep 75s
[bucket] calls=30 elapsed=9.3s -> sleep 75s
[progress] 250/1146 recs ok=191 err=59 429=0 | earn ok=165 err=85 429=0
[bucket] calls=30 elapsed=9.0s -> sleep 75s
[bucket] calls=30 elapsed=9.0s -> sleep 75s
[bucket] calls=30 elapsed=9.8s -> sleep 75s
[progress] 300/1146 recs ok=228 err=72 429=0 | earn ok=197 err=103 429=0
[bucket] calls=30 elapsed=9.8s -> sleep 75s
[bucket] calls=30 elapsed=9.0s -> sleep 75s
[bucket] calls=30 elapsed=9.2s -> sleep 75s
[bucket] calls=30 elapsed=9.3s -> sleep 75s
[progress] 350/1146 recs ok=264 err=86 429=0 | earn ok=228 err=122 429=0
[bucket] calls=30 elapsed=8.9s -> sleep 75s
[bucket] calls=30 elapsed=8.7s -> sleep 75s
[bucket] calls=30 elapsed=8.9s -> sleep 75s
[progress] 400/1146 recs ok=302 err=98 429=0 | earn ok=262 err=138 429=0
[bucket] calls=30 elapsed=9.5s -> sleep 75s
[bucket] calls=30 elapsed=9.4s -> sleep 75s
[bucket] calls=30 elapsed=8.9s -> sleep 75s
[progress] 450/1146 recs ok=336 err=114 429=0 | earn ok=297 err=153 429=0
[bucket] calls=30 elapsed=8.6s -> sleep 75s
[bucket] calls=30 elapsed=9.3s -> sleep 75s
[bucket] calls=30 elapsed=9.6s -> sleep 75s
[bucket] calls=30 elapsed=9.6s -> sleep 75s
[progress] 500/1146 recs ok=369 err=131 429=0 | earn ok=326 err=174 429=0
[bucket] calls=30 elapsed=11.4s -> sleep 75s
[bucket] calls=30 elapsed=10.5s -> sleep 75s
[bucket] calls=30 elapsed=9.2s -> sleep 75s
[progress] 550/1146 recs ok=407 err=143 429=0 | earn ok=360 err=190 429=0
[bucket] calls=30 elapsed=10.0s -> sleep 75s
[bucket] calls=30 elapsed=9.8s -> sleep 75s
[bucket] calls=30 elapsed=9.3s -> sleep 75s
[progress] 600/1146 recs ok=447 err=153 429=0 | earn ok=396 err=204 429=0
[bucket] calls=30 elapsed=10.1s -> sleep 75s
[bucket] calls=30 elapsed=9.6s -> sleep 75s
[bucket] calls=30 elapsed=10.1s -> sleep 75s
[bucket] calls=30 elapsed=9.5s -> sleep 75s
[progress] 650/1146 recs ok=482 err=168 429=0 | earn ok=429 err=221 429=0
[bucket] calls=30 elapsed=8.6s -> sleep 75s
[bucket] calls=30 elapsed=9.8s -> sleep 75s
[bucket] calls=30 elapsed=9.5s -> sleep 75s
[progress] 700/1146 recs ok=521 err=179 429=0 | earn ok=463 err=237 429=0
[bucket] calls=30 elapsed=8.9s -> sleep 75s
[bucket] calls=30 elapsed=9.8s -> sleep 75s
[bucket] calls=30 elapsed=9.2s -> sleep 75s
[progress] 750/1146 recs ok=557 err=193 429=0 | earn ok=493 err=257 429=0
[bucket] calls=30 elapsed=8.7s -> sleep 75s
[bucket] calls=30 elapsed=9.2s -> sleep 75s
[bucket] calls=30 elapsed=8.8s -> sleep 75s
[bucket] calls=30 elapsed=8.9s -> sleep 75s
[progress] 800/1146 recs ok=596 err=204 429=0 | earn ok=528 err=272 429=0
[bucket] calls=30 elapsed=10.0s -> sleep 75s
[bucket] calls=30 elapsed=9.6s -> sleep 75s
[bucket] calls=30 elapsed=9.9s -> sleep 75s
[progress] 850/1146 recs ok=630 err=220 429=0 | earn ok=559 err=291 429=0
[bucket] calls=30 elapsed=9.6s -> sleep 75s
[bucket] calls=30 elapsed=9.9s -> sleep 75s
[bucket] calls=30 elapsed=9.3s -> sleep 75s
[progress] 900/1146 recs ok=667 err=233 429=0 | earn ok=592 err=308 429=0
[bucket] calls=30 elapsed=9.4s -> sleep 75s
[bucket] calls=30 elapsed=9.6s -> sleep 75s
[bucket] calls=30 elapsed=9.1s -> sleep 75s
[bucket] calls=30 elapsed=9.8s -> sleep 75s
[progress] 950/1146 recs ok=702 err=248 429=0 | earn ok=622 err=328 429=0
[bucket] calls=30 elapsed=9.9s -> sleep 75s
[bucket] calls=30 elapsed=9.3s -> sleep 75s
[bucket] calls=30 elapsed=9.7s -> sleep 75s
[progress] 1000/1146 recs ok=737 err=263 429=0 | earn ok=653 err=347 429=0
[bucket] calls=30 elapsed=9.2s -> sleep 75s
[bucket] calls=30 elapsed=9.5s -> sleep 75s
[bucket] calls=30 elapsed=9.5s -> sleep 75s
[progress] 1050/1146 recs ok=772 err=278 429=0 | earn ok=683 err=367 429=0
[bucket] calls=30 elapsed=9.7s -> sleep 75s
[bucket] calls=30 elapsed=10.5s -> sleep 75s
[bucket] calls=30 elapsed=10.1s -> sleep 75s
[bucket] calls=30 elapsed=10.4s -> sleep 75s
[progress] 1100/1146 recs ok=807 err=293 429=0 | earn ok=714 err=386 429=0
[bucket] calls=30 elapsed=9.6s -> sleep 75s
[bucket] calls=30 elapsed=9.8s -> sleep 75s
[bucket] calls=30 elapsed=10.2s -> sleep 75s
Nightly cache done.
Recs: ok=837 err=309 429=0
Earnings: ok=739 err=407 429=0
Finnhub cached under: /home/runner/work/data_cache/data_cache/data_cache/finnhub_recs/2026-07-19/ and /latest/
Earnings cached under: /home/runner/work/data_cache/data_cache/data_cache/earnings/2026-07-19/ and /latest/
Macro cached under: /home/runner/work/data_cache/data_cache/data_cache/macro_calendar/macro_calendar.csv
Log saved: /home/runner/work/data_cache/data_cache/logs/nightly_cache_2026-07-19T111439Z.log
