Nightly cache start: 2026-03-27T105631Z
REPO_ROOT: /home/runner/work/data_cache/data_cache
DATA_CACHE_DIR: /home/runner/work/data_cache/data_cache/data_cache
Symbols sources: ['sp500_constituents.csv', 'nasdaq100_with_baseline.csv', 'custom_universe_with_sector_baselines.csv', 'russell1000_universe.csv']
FINNHUB key present: True len=40
Rate limit config: MAX_CALLS_PER_MIN=30 SLEEP_ON_MINUTE=75s
YFinance available: True
Macro calendar saved: /home/runner/work/data_cache/data_cache/data_cache/macro_calendar/macro_calendar.csv rows=57 years=[2026, 2027]
Total symbols to cache: 1146
[bucket] calls=30 elapsed=16.8s -> sleep 75s
[bucket] calls=30 elapsed=15.0s -> sleep 75s
[bucket] calls=30 elapsed=15.5s -> sleep 75s
[progress] 50/1146 recs ok=42 err=8 429=0 | earn ok=35 err=15 429=0
[bucket] calls=30 elapsed=15.3s -> sleep 75s
[bucket] calls=30 elapsed=15.4s -> sleep 75s
[bucket] calls=30 elapsed=17.4s -> sleep 75s
[progress] 100/1146 recs ok=76 err=24 429=0 | earn ok=67 err=33 429=0
[bucket] calls=30 elapsed=15.1s -> sleep 75s
[bucket] calls=30 elapsed=15.1s -> sleep 75s
[bucket] calls=30 elapsed=15.6s -> sleep 75s
[progress] 150/1146 recs ok=116 err=34 429=0 | earn ok=103 err=47 429=0
[bucket] calls=30 elapsed=15.7s -> sleep 75s
[bucket] calls=30 elapsed=15.2s -> sleep 75s
[bucket] calls=30 elapsed=14.6s -> sleep 75s
[bucket] calls=30 elapsed=15.0s -> sleep 75s
[progress] 200/1146 recs ok=154 err=46 429=0 | earn ok=138 err=62 429=0
[bucket] calls=30 elapsed=15.6s -> sleep 75s
[bucket] calls=30 elapsed=15.0s -> sleep 75s
[bucket] calls=30 elapsed=15.4s -> sleep 75s
[progress] 250/1146 recs ok=191 err=59 429=0 | earn ok=169 err=81 429=0
[bucket] calls=30 elapsed=15.0s -> sleep 75s
[bucket] calls=30 elapsed=15.4s -> sleep 75s
[bucket] calls=30 elapsed=15.2s -> sleep 75s
[progress] 300/1146 recs ok=228 err=72 429=0 | earn ok=198 err=102 429=0
[bucket] calls=30 elapsed=14.9s -> sleep 75s
[bucket] calls=30 elapsed=14.3s -> sleep 75s
[bucket] calls=30 elapsed=15.5s -> sleep 75s
[bucket] calls=30 elapsed=14.5s -> sleep 75s
[progress] 350/1146 recs ok=263 err=87 429=0 | earn ok=228 err=122 429=0
[bucket] calls=30 elapsed=15.1s -> sleep 75s
[bucket] calls=30 elapsed=14.8s -> sleep 75s
[bucket] calls=30 elapsed=15.1s -> sleep 75s
[progress] 400/1146 recs ok=301 err=99 429=0 | earn ok=265 err=135 429=0
[bucket] calls=30 elapsed=15.4s -> sleep 75s
[bucket] calls=30 elapsed=16.2s -> sleep 75s
[bucket] calls=30 elapsed=14.9s -> sleep 75s
[progress] 450/1146 recs ok=335 err=115 429=0 | earn ok=295 err=155 429=0
[bucket] calls=30 elapsed=16.1s -> sleep 75s
[bucket] calls=30 elapsed=16.1s -> sleep 75s
[bucket] calls=30 elapsed=15.4s -> sleep 75s
[bucket] calls=30 elapsed=15.4s -> sleep 75s
[progress] 500/1146 recs ok=368 err=132 429=0 | earn ok=323 err=177 429=0
[bucket] calls=30 elapsed=15.2s -> sleep 75s
[bucket] calls=30 elapsed=14.5s -> sleep 75s
[bucket] calls=30 elapsed=17.1s -> sleep 75s
[progress] 550/1146 recs ok=406 err=144 429=0 | earn ok=359 err=191 429=0
[bucket] calls=30 elapsed=14.9s -> sleep 75s
[bucket] calls=30 elapsed=16.4s -> sleep 75s
[bucket] calls=30 elapsed=14.3s -> sleep 75s
[progress] 600/1146 recs ok=446 err=154 429=0 | earn ok=396 err=204 429=0
[bucket] calls=30 elapsed=14.6s -> sleep 75s
[bucket] calls=30 elapsed=14.9s -> sleep 75s
[bucket] calls=30 elapsed=16.0s -> sleep 75s
[bucket] calls=30 elapsed=14.2s -> sleep 75s
[progress] 650/1146 recs ok=481 err=169 429=0 | earn ok=427 err=223 429=0
[bucket] calls=30 elapsed=15.4s -> sleep 75s
[bucket] calls=30 elapsed=15.7s -> sleep 75s
[bucket] calls=30 elapsed=15.1s -> sleep 75s
[progress] 700/1146 recs ok=520 err=180 429=0 | earn ok=460 err=240 429=0
[bucket] calls=30 elapsed=14.3s -> sleep 75s
[bucket] calls=30 elapsed=15.3s -> sleep 75s
[bucket] calls=30 elapsed=15.2s -> sleep 75s
[progress] 750/1146 recs ok=556 err=194 429=0 | earn ok=491 err=259 429=0
[bucket] calls=30 elapsed=16.6s -> sleep 75s
[bucket] calls=30 elapsed=15.6s -> sleep 75s
[bucket] calls=30 elapsed=15.3s -> sleep 75s
[bucket] calls=30 elapsed=14.4s -> sleep 75s
[progress] 800/1146 recs ok=594 err=206 429=0 | earn ok=524 err=276 429=0
[bucket] calls=30 elapsed=15.5s -> sleep 75s
[bucket] calls=30 elapsed=15.9s -> sleep 75s
[bucket] calls=30 elapsed=15.3s -> sleep 75s
[progress] 850/1146 recs ok=628 err=222 429=0 | earn ok=553 err=297 429=0
[bucket] calls=30 elapsed=15.4s -> sleep 75s
[bucket] calls=30 elapsed=15.9s -> sleep 75s
[bucket] calls=30 elapsed=16.3s -> sleep 75s
[progress] 900/1146 recs ok=665 err=235 429=0 | earn ok=587 err=313 429=0
[bucket] calls=30 elapsed=16.3s -> sleep 75s
[bucket] calls=30 elapsed=16.3s -> sleep 75s
[bucket] calls=30 elapsed=15.3s -> sleep 75s
[bucket] calls=30 elapsed=15.5s -> sleep 75s
[progress] 950/1146 recs ok=700 err=250 429=0 | earn ok=617 err=333 429=0
[bucket] calls=30 elapsed=15.9s -> sleep 75s
[bucket] calls=30 elapsed=16.5s -> sleep 75s
[bucket] calls=30 elapsed=15.8s -> sleep 75s
[progress] 1000/1146 recs ok=735 err=265 429=0 | earn ok=648 err=352 429=0
[bucket] calls=30 elapsed=15.2s -> sleep 75s
[bucket] calls=30 elapsed=15.4s -> sleep 75s
[bucket] calls=30 elapsed=16.0s -> sleep 75s
[progress] 1050/1146 recs ok=770 err=280 429=0 | earn ok=679 err=371 429=0
[bucket] calls=30 elapsed=15.7s -> sleep 75s
[bucket] calls=30 elapsed=16.1s -> sleep 75s
[bucket] calls=30 elapsed=16.4s -> sleep 75s
[bucket] calls=30 elapsed=15.5s -> sleep 75s
[progress] 1100/1146 recs ok=805 err=295 429=0 | earn ok=713 err=387 429=0
[bucket] calls=30 elapsed=16.6s -> sleep 75s
[bucket] calls=30 elapsed=16.1s -> sleep 75s
[bucket] calls=30 elapsed=15.9s -> sleep 75s
Nightly cache done.
Recs: ok=835 err=311 429=0
Earnings: ok=736 err=410 429=0
Finnhub cached under: /home/runner/work/data_cache/data_cache/data_cache/finnhub_recs/2026-03-27/ and /latest/
Earnings cached under: /home/runner/work/data_cache/data_cache/data_cache/earnings/2026-03-27/ and /latest/
Macro cached under: /home/runner/work/data_cache/data_cache/data_cache/macro_calendar/macro_calendar.csv
Log saved: /home/runner/work/data_cache/data_cache/logs/nightly_cache_2026-03-27T105631Z.log
