Nightly cache start: 2026-02-04T105037Z
REPO_ROOT: /home/runner/work/data_cache/data_cache
DATA_CACHE_DIR: /home/runner/work/data_cache/data_cache/data_cache
Symbols sources: ['sp500_constituents.csv', 'nasdaq100_with_baseline.csv', 'custom_universe_with_sector_baselines.csv', 'russell1000_universe.csv']
FINNHUB key present: True len=40
Rate limit config: MAX_CALLS_PER_MIN=30 SLEEP_ON_MINUTE=75s
YFinance available: True
Macro calendar saved: /home/runner/work/data_cache/data_cache/data_cache/macro_calendar/macro_calendar.csv rows=57 years=[2026, 2027]
Total symbols to cache: 1146
[bucket] calls=30 elapsed=13.5s -> sleep 75s
[bucket] calls=30 elapsed=12.1s -> sleep 75s
[bucket] calls=30 elapsed=11.7s -> sleep 75s
[progress] 50/1146 recs ok=42 err=8 429=0 | earn ok=28 err=22 429=0
[bucket] calls=30 elapsed=11.5s -> sleep 75s
[bucket] calls=30 elapsed=12.1s -> sleep 75s
[bucket] calls=30 elapsed=12.4s -> sleep 75s
[progress] 100/1146 recs ok=76 err=24 429=0 | earn ok=44 err=56 429=0
[bucket] calls=30 elapsed=12.0s -> sleep 75s
[bucket] calls=30 elapsed=11.7s -> sleep 75s
[bucket] calls=30 elapsed=12.1s -> sleep 75s
[progress] 150/1146 recs ok=116 err=34 429=0 | earn ok=66 err=84 429=0
[bucket] calls=30 elapsed=12.2s -> sleep 75s
[bucket] calls=30 elapsed=11.6s -> sleep 75s
[bucket] calls=30 elapsed=11.3s -> sleep 75s
[bucket] calls=30 elapsed=12.4s -> sleep 75s
[progress] 200/1146 recs ok=154 err=46 429=0 | earn ok=88 err=112 429=0
[bucket] calls=30 elapsed=11.8s -> sleep 75s
[bucket] calls=30 elapsed=14.3s -> sleep 75s
[bucket] calls=30 elapsed=12.9s -> sleep 75s
[progress] 250/1146 recs ok=191 err=59 429=0 | earn ok=115 err=135 429=0
[bucket] calls=30 elapsed=11.8s -> sleep 75s
[bucket] calls=30 elapsed=13.1s -> sleep 75s
[bucket] calls=30 elapsed=11.6s -> sleep 75s
[progress] 300/1146 recs ok=228 err=72 429=0 | earn ok=139 err=161 429=0
[bucket] calls=30 elapsed=12.2s -> sleep 75s
[bucket] calls=30 elapsed=11.4s -> sleep 75s
[bucket] calls=30 elapsed=11.5s -> sleep 75s
[bucket] calls=30 elapsed=11.8s -> sleep 75s
[progress] 350/1146 recs ok=264 err=86 429=0 | earn ok=155 err=195 429=0
[bucket] calls=30 elapsed=11.3s -> sleep 75s
[bucket] calls=30 elapsed=11.6s -> sleep 75s
[bucket] calls=30 elapsed=11.8s -> sleep 75s
[progress] 400/1146 recs ok=302 err=98 429=0 | earn ok=182 err=218 429=0
[bucket] calls=30 elapsed=12.1s -> sleep 75s
[bucket] calls=30 elapsed=11.8s -> sleep 75s
[bucket] calls=30 elapsed=11.1s -> sleep 75s
[progress] 450/1146 recs ok=336 err=114 429=0 | earn ok=207 err=243 429=0
[bucket] calls=30 elapsed=11.1s -> sleep 75s
[bucket] calls=30 elapsed=12.9s -> sleep 75s
[bucket] calls=30 elapsed=13.5s -> sleep 75s
[bucket] calls=30 elapsed=11.9s -> sleep 75s
[progress] 500/1146 recs ok=369 err=131 429=0 | earn ok=226 err=274 429=0
[bucket] calls=30 elapsed=11.6s -> sleep 75s
[bucket] calls=30 elapsed=14.3s -> sleep 75s
[bucket] calls=30 elapsed=11.7s -> sleep 75s
[progress] 550/1146 recs ok=407 err=143 429=0 | earn ok=252 err=298 429=0
[bucket] calls=30 elapsed=11.6s -> sleep 75s
[bucket] calls=30 elapsed=13.4s -> sleep 75s
[bucket] calls=30 elapsed=12.4s -> sleep 75s
[progress] 600/1146 recs ok=447 err=153 429=0 | earn ok=279 err=321 429=0
[bucket] calls=30 elapsed=12.4s -> sleep 75s
[bucket] calls=30 elapsed=11.9s -> sleep 75s
[bucket] calls=30 elapsed=12.0s -> sleep 75s
[bucket] calls=30 elapsed=12.2s -> sleep 75s
[progress] 650/1146 recs ok=481 err=169 429=0 | earn ok=298 err=352 429=0
[bucket] calls=30 elapsed=14.3s -> sleep 75s
[bucket] calls=30 elapsed=12.5s -> sleep 75s
[bucket] calls=30 elapsed=11.5s -> sleep 75s
[progress] 700/1146 recs ok=520 err=180 429=0 | earn ok=324 err=376 429=0
[bucket] calls=30 elapsed=12.9s -> sleep 75s
[bucket] calls=30 elapsed=11.6s -> sleep 75s
[bucket] calls=30 elapsed=12.6s -> sleep 75s
[progress] 750/1146 recs ok=556 err=194 429=0 | earn ok=344 err=406 429=0
[bucket] calls=30 elapsed=12.0s -> sleep 75s
[bucket] calls=30 elapsed=12.0s -> sleep 75s
[bucket] calls=30 elapsed=11.8s -> sleep 75s
[bucket] calls=30 elapsed=12.1s -> sleep 75s
[progress] 800/1146 recs ok=594 err=206 429=0 | earn ok=369 err=431 429=0
[bucket] calls=30 elapsed=12.6s -> sleep 75s
[bucket] calls=30 elapsed=13.4s -> sleep 75s
[bucket] calls=30 elapsed=11.9s -> sleep 75s
[progress] 850/1146 recs ok=629 err=221 429=0 | earn ok=391 err=459 429=0
[bucket] calls=30 elapsed=12.1s -> sleep 75s
[bucket] calls=30 elapsed=13.8s -> sleep 75s
[bucket] calls=30 elapsed=28.7s -> sleep 75s
[progress] 900/1146 recs ok=665 err=235 429=0 | earn ok=413 err=487 429=0
[bucket] calls=30 elapsed=11.5s -> sleep 75s
[bucket] calls=30 elapsed=11.9s -> sleep 75s
[bucket] calls=30 elapsed=11.8s -> sleep 75s
[bucket] calls=30 elapsed=12.6s -> sleep 75s
[progress] 950/1146 recs ok=700 err=250 429=0 | earn ok=433 err=517 429=0
[bucket] calls=30 elapsed=11.8s -> sleep 75s
[bucket] calls=30 elapsed=12.0s -> sleep 75s
[bucket] calls=30 elapsed=12.1s -> sleep 75s
[progress] 1000/1146 recs ok=735 err=265 429=0 | earn ok=453 err=547 429=0
[bucket] calls=30 elapsed=38.1s -> sleep 75s
[bucket] calls=30 elapsed=14.0s -> sleep 75s
[bucket] calls=30 elapsed=12.5s -> sleep 75s
[progress] 1050/1146 recs ok=770 err=280 429=0 | earn ok=473 err=577 429=0
[bucket] calls=30 elapsed=13.4s -> sleep 75s
[bucket] calls=30 elapsed=12.7s -> sleep 75s
[bucket] calls=30 elapsed=12.6s -> sleep 75s
[bucket] calls=30 elapsed=11.8s -> sleep 75s
[progress] 1100/1146 recs ok=805 err=295 429=0 | earn ok=496 err=604 429=0
[bucket] calls=30 elapsed=14.4s -> sleep 75s
[bucket] calls=30 elapsed=12.4s -> sleep 75s
[bucket] calls=30 elapsed=29.0s -> sleep 75s
Nightly cache done.
Recs: ok=835 err=311 429=0
Earnings: ok=513 err=633 429=0
Finnhub cached under: /home/runner/work/data_cache/data_cache/data_cache/finnhub_recs/2026-02-04/ and /latest/
Earnings cached under: /home/runner/work/data_cache/data_cache/data_cache/earnings/2026-02-04/ and /latest/
Macro cached under: /home/runner/work/data_cache/data_cache/data_cache/macro_calendar/macro_calendar.csv
Log saved: /home/runner/work/data_cache/data_cache/logs/nightly_cache_2026-02-04T105037Z.log
