Nightly cache start: 2026-05-05T112506Z
REPO_ROOT: /home/runner/work/data_cache/data_cache
DATA_CACHE_DIR: /home/runner/work/data_cache/data_cache/data_cache
Symbols sources: ['sp500_constituents.csv', 'nasdaq100_with_baseline.csv', 'custom_universe_with_sector_baselines.csv', 'russell1000_universe.csv']
FINNHUB key present: True len=40
Rate limit config: MAX_CALLS_PER_MIN=30 SLEEP_ON_MINUTE=75s
YFinance available: True
Macro calendar saved: /home/runner/work/data_cache/data_cache/data_cache/macro_calendar/macro_calendar.csv rows=57 years=[2026, 2027]
Total symbols to cache: 1146
[bucket] calls=30 elapsed=16.4s -> sleep 75s
[bucket] calls=30 elapsed=13.3s -> sleep 75s
[bucket] calls=30 elapsed=13.5s -> sleep 75s
[progress] 50/1146 recs ok=42 err=8 429=0 | earn ok=21 err=29 429=0
[bucket] calls=30 elapsed=14.7s -> sleep 75s
[bucket] calls=30 elapsed=13.9s -> sleep 75s
[bucket] calls=30 elapsed=14.2s -> sleep 75s
[progress] 100/1146 recs ok=77 err=23 429=0 | earn ok=32 err=68 429=0
[bucket] calls=30 elapsed=13.9s -> sleep 75s
[bucket] calls=30 elapsed=13.1s -> sleep 75s
[bucket] calls=30 elapsed=14.7s -> sleep 75s
[progress] 150/1146 recs ok=117 err=33 429=0 | earn ok=44 err=106 429=0
[bucket] calls=30 elapsed=13.8s -> sleep 75s
[bucket] calls=30 elapsed=14.8s -> sleep 75s
[bucket] calls=30 elapsed=13.7s -> sleep 75s
[bucket] calls=30 elapsed=13.9s -> sleep 75s
[progress] 200/1146 recs ok=155 err=45 429=0 | earn ok=55 err=145 429=0
[bucket] calls=30 elapsed=14.4s -> sleep 75s
[bucket] calls=30 elapsed=14.4s -> sleep 75s
[bucket] calls=30 elapsed=14.1s -> sleep 75s
[progress] 250/1146 recs ok=192 err=58 429=0 | earn ok=69 err=181 429=0
[bucket] calls=30 elapsed=13.7s -> sleep 75s
[bucket] calls=30 elapsed=21.7s -> sleep 75s
[bucket] calls=30 elapsed=14.1s -> sleep 75s
[progress] 300/1146 recs ok=229 err=71 429=0 | earn ok=87 err=213 429=0
[bucket] calls=30 elapsed=14.4s -> sleep 75s
[bucket] calls=30 elapsed=14.9s -> sleep 75s
[bucket] calls=30 elapsed=14.8s -> sleep 75s
[bucket] calls=30 elapsed=14.2s -> sleep 75s
[progress] 350/1146 recs ok=265 err=85 429=0 | earn ok=98 err=252 429=0
[bucket] calls=30 elapsed=13.9s -> sleep 75s
[bucket] calls=30 elapsed=35.6s -> sleep 75s
[bucket] calls=30 elapsed=15.0s -> sleep 75s
[progress] 400/1146 recs ok=303 err=97 429=0 | earn ok=114 err=286 429=0
[bucket] calls=30 elapsed=14.7s -> sleep 75s
[bucket] calls=30 elapsed=13.9s -> sleep 75s
[bucket] calls=30 elapsed=13.9s -> sleep 75s
[progress] 450/1146 recs ok=337 err=113 429=0 | earn ok=127 err=323 429=0
[bucket] calls=30 elapsed=13.7s -> sleep 75s
[bucket] calls=30 elapsed=14.2s -> sleep 75s
[bucket] calls=30 elapsed=14.2s -> sleep 75s
[bucket] calls=30 elapsed=14.1s -> sleep 75s
[progress] 500/1146 recs ok=370 err=130 429=0 | earn ok=143 err=357 429=0
[bucket] calls=30 elapsed=14.7s -> sleep 75s
[bucket] calls=30 elapsed=13.6s -> sleep 75s
[bucket] calls=30 elapsed=14.0s -> sleep 75s
[progress] 550/1146 recs ok=408 err=142 429=0 | earn ok=159 err=391 429=0
[bucket] calls=30 elapsed=13.5s -> sleep 75s
[bucket] calls=30 elapsed=13.3s -> sleep 75s
[bucket] calls=30 elapsed=13.9s -> sleep 75s
[progress] 600/1146 recs ok=448 err=152 429=0 | earn ok=178 err=422 429=0
[bucket] calls=30 elapsed=13.8s -> sleep 75s
[bucket] calls=30 elapsed=14.6s -> sleep 75s
[bucket] calls=30 elapsed=14.3s -> sleep 75s
[bucket] calls=30 elapsed=13.5s -> sleep 75s
[progress] 650/1146 recs ok=483 err=167 429=0 | earn ok=192 err=458 429=0
[bucket] calls=30 elapsed=13.5s -> sleep 75s
[bucket] calls=30 elapsed=14.1s -> sleep 75s
[bucket] calls=30 elapsed=14.4s -> sleep 75s
[progress] 700/1146 recs ok=522 err=178 429=0 | earn ok=211 err=489 429=0
[bucket] calls=30 elapsed=14.9s -> sleep 75s
[bucket] calls=30 elapsed=14.3s -> sleep 75s
[bucket] calls=30 elapsed=13.7s -> sleep 75s
[progress] 750/1146 recs ok=558 err=192 429=0 | earn ok=226 err=524 429=0
[bucket] calls=30 elapsed=14.0s -> sleep 75s
[bucket] calls=30 elapsed=13.9s -> sleep 75s
[bucket] calls=30 elapsed=18.1s -> sleep 75s
[bucket] calls=30 elapsed=14.2s -> sleep 75s
[progress] 800/1146 recs ok=597 err=203 429=0 | earn ok=240 err=560 429=0
[bucket] calls=30 elapsed=22.5s -> sleep 75s
[bucket] calls=30 elapsed=13.7s -> sleep 75s
[bucket] calls=30 elapsed=14.2s -> sleep 75s
[progress] 850/1146 recs ok=631 err=219 429=0 | earn ok=255 err=595 429=0
[bucket] calls=30 elapsed=14.1s -> sleep 75s
[bucket] calls=30 elapsed=13.8s -> sleep 75s
[bucket] calls=30 elapsed=13.9s -> sleep 75s
[progress] 900/1146 recs ok=669 err=231 429=0 | earn ok=269 err=631 429=0
[bucket] calls=30 elapsed=13.7s -> sleep 75s
[bucket] calls=30 elapsed=14.9s -> sleep 75s
[bucket] calls=30 elapsed=13.8s -> sleep 75s
[bucket] calls=30 elapsed=15.0s -> sleep 75s
[progress] 950/1146 recs ok=704 err=246 429=0 | earn ok=281 err=669 429=0
[bucket] calls=30 elapsed=14.1s -> sleep 75s
[bucket] calls=30 elapsed=14.4s -> sleep 75s
[bucket] calls=30 elapsed=14.8s -> sleep 75s
[progress] 1000/1146 recs ok=739 err=261 429=0 | earn ok=296 err=704 429=0
[bucket] calls=30 elapsed=14.8s -> sleep 75s
[bucket] calls=30 elapsed=14.8s -> sleep 75s
[bucket] calls=30 elapsed=14.3s -> sleep 75s
[progress] 1050/1146 recs ok=774 err=276 429=0 | earn ok=311 err=739 429=0
[bucket] calls=30 elapsed=18.0s -> sleep 75s
[bucket] calls=30 elapsed=14.6s -> sleep 75s
[bucket] calls=30 elapsed=14.2s -> sleep 75s
[bucket] calls=30 elapsed=14.0s -> sleep 75s
[progress] 1100/1146 recs ok=809 err=291 429=0 | earn ok=322 err=778 429=0
[bucket] calls=30 elapsed=15.0s -> sleep 75s
[bucket] calls=30 elapsed=14.7s -> sleep 75s
[bucket] calls=30 elapsed=14.5s -> sleep 75s
Nightly cache done.
Recs: ok=839 err=307 429=0
Earnings: ok=333 err=813 429=0
Finnhub cached under: /home/runner/work/data_cache/data_cache/data_cache/finnhub_recs/2026-05-05/ and /latest/
Earnings cached under: /home/runner/work/data_cache/data_cache/data_cache/earnings/2026-05-05/ and /latest/
Macro cached under: /home/runner/work/data_cache/data_cache/data_cache/macro_calendar/macro_calendar.csv
Log saved: /home/runner/work/data_cache/data_cache/logs/nightly_cache_2026-05-05T112506Z.log
