Nightly cache start: 2026-02-13T105124Z
REPO_ROOT: /home/runner/work/data_cache/data_cache
DATA_CACHE_DIR: /home/runner/work/data_cache/data_cache/data_cache
Symbols sources: ['sp500_constituents.csv', 'nasdaq100_with_baseline.csv', 'custom_universe_with_sector_baselines.csv', 'russell1000_universe.csv']
FINNHUB key present: True len=40
Rate limit config: MAX_CALLS_PER_MIN=30 SLEEP_ON_MINUTE=75s
YFinance available: True
Macro calendar saved: /home/runner/work/data_cache/data_cache/data_cache/macro_calendar/macro_calendar.csv rows=57 years=[2026, 2027]
Total symbols to cache: 1146
[bucket] calls=30 elapsed=27.6s -> sleep 75s
[bucket] calls=30 elapsed=14.9s -> sleep 75s
[bucket] calls=30 elapsed=15.3s -> sleep 75s
[progress] 50/1146 recs ok=42 err=8 429=0 | earn ok=15 err=35 429=0
[bucket] calls=30 elapsed=14.6s -> sleep 75s
[bucket] calls=30 elapsed=15.0s -> sleep 75s
[bucket] calls=30 elapsed=15.9s -> sleep 75s
[progress] 100/1146 recs ok=76 err=24 429=0 | earn ok=20 err=80 429=0
[bucket] calls=30 elapsed=15.0s -> sleep 75s
[bucket] calls=30 elapsed=14.0s -> sleep 75s
[bucket] calls=30 elapsed=15.5s -> sleep 75s
[progress] 150/1146 recs ok=116 err=34 429=0 | earn ok=36 err=114 429=0
[bucket] calls=30 elapsed=18.6s -> sleep 75s
[bucket] calls=30 elapsed=15.7s -> sleep 75s
[bucket] calls=30 elapsed=15.2s -> sleep 75s
[bucket] calls=30 elapsed=14.9s -> sleep 75s
[progress] 200/1146 recs ok=154 err=46 429=0 | earn ok=49 err=151 429=0
[bucket] calls=30 elapsed=14.6s -> sleep 75s
[bucket] calls=30 elapsed=14.1s -> sleep 75s
[bucket] calls=30 elapsed=15.1s -> sleep 75s
[progress] 250/1146 recs ok=191 err=59 429=0 | earn ok=60 err=190 429=0
[bucket] calls=30 elapsed=18.3s -> sleep 75s
[bucket] calls=30 elapsed=15.9s -> sleep 75s
[bucket] calls=30 elapsed=16.1s -> sleep 75s
[progress] 300/1146 recs ok=228 err=72 429=0 | earn ok=75 err=225 429=0
[bucket] calls=30 elapsed=15.2s -> sleep 75s
[bucket] calls=30 elapsed=15.8s -> sleep 75s
[bucket] calls=30 elapsed=16.0s -> sleep 75s
[bucket] calls=30 elapsed=14.0s -> sleep 75s
[progress] 350/1146 recs ok=264 err=86 429=0 | earn ok=84 err=266 429=0
[bucket] calls=30 elapsed=17.0s -> sleep 75s
[bucket] calls=30 elapsed=15.6s -> sleep 75s
[bucket] calls=30 elapsed=16.0s -> sleep 75s
[progress] 400/1146 recs ok=302 err=98 429=0 | earn ok=101 err=299 429=0
[bucket] calls=30 elapsed=15.9s -> sleep 75s
[bucket] calls=30 elapsed=15.4s -> sleep 75s
[bucket] calls=30 elapsed=14.0s -> sleep 75s
[progress] 450/1146 recs ok=336 err=114 429=0 | earn ok=112 err=338 429=0
[bucket] calls=30 elapsed=14.5s -> sleep 75s
[bucket] calls=30 elapsed=17.0s -> sleep 75s
[bucket] calls=30 elapsed=14.4s -> sleep 75s
[bucket] calls=30 elapsed=15.8s -> sleep 75s
[progress] 500/1146 recs ok=369 err=131 429=0 | earn ok=125 err=375 429=0
[bucket] calls=30 elapsed=15.8s -> sleep 75s
[bucket] calls=30 elapsed=15.8s -> sleep 75s
[bucket] calls=30 elapsed=14.2s -> sleep 75s
[progress] 550/1146 recs ok=407 err=143 429=0 | earn ok=139 err=411 429=0
[bucket] calls=30 elapsed=16.1s -> sleep 75s
[bucket] calls=30 elapsed=15.8s -> sleep 75s
[bucket] calls=30 elapsed=14.6s -> sleep 75s
[progress] 600/1146 recs ok=447 err=153 429=0 | earn ok=156 err=444 429=0
[bucket] calls=30 elapsed=14.6s -> sleep 75s
[bucket] calls=30 elapsed=15.2s -> sleep 75s
[bucket] calls=30 elapsed=16.3s -> sleep 75s
[bucket] calls=30 elapsed=14.6s -> sleep 75s
[progress] 650/1146 recs ok=481 err=169 429=0 | earn ok=165 err=485 429=0
[bucket] calls=30 elapsed=15.4s -> sleep 75s
[bucket] calls=30 elapsed=14.8s -> sleep 75s
[bucket] calls=30 elapsed=15.2s -> sleep 75s
[progress] 700/1146 recs ok=520 err=180 429=0 | earn ok=178 err=522 429=0
[bucket] calls=30 elapsed=15.4s -> sleep 75s
[bucket] calls=30 elapsed=15.9s -> sleep 75s
[bucket] calls=30 elapsed=15.4s -> sleep 75s
[progress] 750/1146 recs ok=556 err=194 429=0 | earn ok=188 err=562 429=0
[bucket] calls=30 elapsed=14.9s -> sleep 75s
[bucket] calls=30 elapsed=17.5s -> sleep 75s
[bucket] calls=30 elapsed=16.8s -> sleep 75s
[bucket] calls=30 elapsed=17.9s -> sleep 75s
[progress] 800/1146 recs ok=594 err=206 429=0 | earn ok=205 err=595 429=0
[bucket] calls=30 elapsed=17.6s -> sleep 75s
[bucket] calls=30 elapsed=17.8s -> sleep 75s
[bucket] calls=30 elapsed=23.2s -> sleep 75s
[progress] 850/1146 recs ok=629 err=221 429=0 | earn ok=216 err=634 429=0
[bucket] calls=30 elapsed=16.9s -> sleep 75s
[bucket] calls=30 elapsed=17.1s -> sleep 75s
[bucket] calls=30 elapsed=16.7s -> sleep 75s
[progress] 900/1146 recs ok=666 err=234 429=0 | earn ok=230 err=670 429=0
[bucket] calls=30 elapsed=16.9s -> sleep 75s
[bucket] calls=30 elapsed=17.4s -> sleep 75s
[bucket] calls=30 elapsed=16.7s -> sleep 75s
[bucket] calls=30 elapsed=18.1s -> sleep 75s
[progress] 950/1146 recs ok=701 err=249 429=0 | earn ok=245 err=705 429=0
[bucket] calls=30 elapsed=16.5s -> sleep 75s
[bucket] calls=30 elapsed=16.3s -> sleep 75s
[bucket] calls=30 elapsed=16.4s -> sleep 75s
[progress] 1000/1146 recs ok=736 err=264 429=0 | earn ok=256 err=744 429=0
[bucket] calls=30 elapsed=16.3s -> sleep 75s
[bucket] calls=30 elapsed=20.6s -> sleep 75s
[bucket] calls=30 elapsed=18.1s -> sleep 75s
[progress] 1050/1146 recs ok=771 err=279 429=0 | earn ok=265 err=785 429=0
[bucket] calls=30 elapsed=17.8s -> sleep 75s
[bucket] calls=30 elapsed=17.6s -> sleep 75s
[bucket] calls=30 elapsed=17.5s -> sleep 75s
[bucket] calls=30 elapsed=17.2s -> sleep 75s
[progress] 1100/1146 recs ok=806 err=294 429=0 | earn ok=279 err=821 429=0
[bucket] calls=30 elapsed=16.1s -> sleep 75s
[bucket] calls=30 elapsed=18.9s -> sleep 75s
[bucket] calls=30 elapsed=18.0s -> sleep 75s
Nightly cache done.
Recs: ok=836 err=310 429=0
Earnings: ok=287 err=859 429=0
Finnhub cached under: /home/runner/work/data_cache/data_cache/data_cache/finnhub_recs/2026-02-13/ and /latest/
Earnings cached under: /home/runner/work/data_cache/data_cache/data_cache/earnings/2026-02-13/ and /latest/
Macro cached under: /home/runner/work/data_cache/data_cache/data_cache/macro_calendar/macro_calendar.csv
Log saved: /home/runner/work/data_cache/data_cache/logs/nightly_cache_2026-02-13T105124Z.log
