Nightly cache start: 2026-04-25T105227Z
REPO_ROOT: /home/runner/work/data_cache/data_cache
DATA_CACHE_DIR: /home/runner/work/data_cache/data_cache/data_cache
Symbols sources: ['sp500_constituents.csv', 'nasdaq100_with_baseline.csv', 'custom_universe_with_sector_baselines.csv', 'russell1000_universe.csv']
FINNHUB key present: True len=40
Rate limit config: MAX_CALLS_PER_MIN=30 SLEEP_ON_MINUTE=75s
YFinance available: True
Macro calendar saved: /home/runner/work/data_cache/data_cache/data_cache/macro_calendar/macro_calendar.csv rows=57 years=[2026, 2027]
Total symbols to cache: 1146
[bucket] calls=30 elapsed=15.0s -> sleep 75s
[bucket] calls=30 elapsed=13.6s -> sleep 75s
[bucket] calls=30 elapsed=13.8s -> sleep 75s
[progress] 50/1146 recs ok=42 err=8 429=0 | earn ok=34 err=16 429=0
[bucket] calls=30 elapsed=13.0s -> sleep 75s
[bucket] calls=30 elapsed=13.9s -> sleep 75s
[bucket] calls=30 elapsed=14.5s -> sleep 75s
[progress] 100/1146 recs ok=77 err=23 429=0 | earn ok=64 err=36 429=0
[bucket] calls=30 elapsed=14.2s -> sleep 75s
[bucket] calls=30 elapsed=13.4s -> sleep 75s
[bucket] calls=30 elapsed=13.5s -> sleep 75s
[progress] 150/1146 recs ok=117 err=33 429=0 | earn ok=92 err=58 429=0
[bucket] calls=30 elapsed=15.2s -> sleep 75s
[bucket] calls=30 elapsed=13.8s -> sleep 75s
[bucket] calls=30 elapsed=14.3s -> sleep 75s
[bucket] calls=30 elapsed=13.9s -> sleep 75s
[progress] 200/1146 recs ok=155 err=45 429=0 | earn ok=117 err=83 429=0
[bucket] calls=30 elapsed=13.4s -> sleep 75s
[bucket] calls=30 elapsed=13.7s -> sleep 75s
[bucket] calls=30 elapsed=14.0s -> sleep 75s
[progress] 250/1146 recs ok=192 err=58 429=0 | earn ok=145 err=105 429=0
[bucket] calls=30 elapsed=13.5s -> sleep 75s
[bucket] calls=30 elapsed=14.6s -> sleep 75s
[bucket] calls=30 elapsed=13.8s -> sleep 75s
[progress] 300/1146 recs ok=229 err=71 429=0 | earn ok=173 err=127 429=0
[bucket] calls=30 elapsed=13.6s -> sleep 75s
[bucket] calls=30 elapsed=14.1s -> sleep 75s
[bucket] calls=30 elapsed=14.1s -> sleep 75s
[bucket] calls=30 elapsed=13.8s -> sleep 75s
[progress] 350/1146 recs ok=265 err=85 429=0 | earn ok=196 err=154 429=0
[bucket] calls=30 elapsed=13.5s -> sleep 75s
[bucket] calls=30 elapsed=13.8s -> sleep 75s
[bucket] calls=30 elapsed=13.4s -> sleep 75s
[progress] 400/1146 recs ok=303 err=97 429=0 | earn ok=225 err=175 429=0
[bucket] calls=30 elapsed=13.9s -> sleep 75s
[bucket] calls=30 elapsed=14.6s -> sleep 75s
[bucket] calls=30 elapsed=13.8s -> sleep 75s
[progress] 450/1146 recs ok=337 err=113 429=0 | earn ok=253 err=197 429=0
[bucket] calls=30 elapsed=13.8s -> sleep 75s
[bucket] calls=30 elapsed=14.6s -> sleep 75s
[bucket] calls=30 elapsed=13.8s -> sleep 75s
[bucket] calls=30 elapsed=13.8s -> sleep 75s
[progress] 500/1146 recs ok=370 err=130 429=0 | earn ok=275 err=225 429=0
[bucket] calls=30 elapsed=14.6s -> sleep 75s
[bucket] calls=30 elapsed=14.1s -> sleep 75s
[bucket] calls=30 elapsed=13.2s -> sleep 75s
[progress] 550/1146 recs ok=408 err=142 429=0 | earn ok=306 err=244 429=0
[bucket] calls=30 elapsed=14.3s -> sleep 75s
[bucket] calls=30 elapsed=13.6s -> sleep 75s
[bucket] calls=30 elapsed=13.6s -> sleep 75s
[progress] 600/1146 recs ok=448 err=152 429=0 | earn ok=339 err=261 429=0
[bucket] calls=30 elapsed=13.4s -> sleep 75s
[bucket] calls=30 elapsed=14.0s -> sleep 75s
[bucket] calls=30 elapsed=14.8s -> sleep 75s
[bucket] calls=30 elapsed=13.6s -> sleep 75s
[progress] 650/1146 recs ok=483 err=167 429=0 | earn ok=366 err=284 429=0
[bucket] calls=30 elapsed=13.7s -> sleep 75s
[bucket] calls=30 elapsed=13.9s -> sleep 75s
[bucket] calls=30 elapsed=13.6s -> sleep 75s
[progress] 700/1146 recs ok=522 err=178 429=0 | earn ok=396 err=304 429=0
[bucket] calls=30 elapsed=14.2s -> sleep 75s
[bucket] calls=30 elapsed=14.8s -> sleep 75s
[bucket] calls=30 elapsed=13.4s -> sleep 75s
[progress] 750/1146 recs ok=558 err=192 429=0 | earn ok=419 err=331 429=0
[bucket] calls=30 elapsed=14.4s -> sleep 75s
[bucket] calls=30 elapsed=13.4s -> sleep 75s
[bucket] calls=30 elapsed=14.4s -> sleep 75s
[bucket] calls=30 elapsed=14.6s -> sleep 75s
[progress] 800/1146 recs ok=596 err=204 429=0 | earn ok=444 err=356 429=0
[bucket] calls=30 elapsed=14.1s -> sleep 75s
[bucket] calls=30 elapsed=13.6s -> sleep 75s
[bucket] calls=30 elapsed=14.4s -> sleep 75s
[progress] 850/1146 recs ok=630 err=220 429=0 | earn ok=471 err=379 429=0
[bucket] calls=30 elapsed=14.0s -> sleep 75s
[bucket] calls=30 elapsed=13.5s -> sleep 75s
[bucket] calls=30 elapsed=14.8s -> sleep 75s
[progress] 900/1146 recs ok=667 err=233 429=0 | earn ok=493 err=407 429=0
[bucket] calls=30 elapsed=14.2s -> sleep 75s
[bucket] calls=30 elapsed=13.9s -> sleep 75s
[bucket] calls=30 elapsed=13.6s -> sleep 75s
[bucket] calls=30 elapsed=14.0s -> sleep 75s
[progress] 950/1146 recs ok=702 err=248 429=0 | earn ok=517 err=433 429=0
[bucket] calls=30 elapsed=13.3s -> sleep 75s
[bucket] calls=30 elapsed=14.2s -> sleep 75s
[bucket] calls=30 elapsed=13.7s -> sleep 75s
[progress] 1000/1146 recs ok=737 err=263 429=0 | earn ok=544 err=456 429=0
[bucket] calls=30 elapsed=14.4s -> sleep 75s
[bucket] calls=30 elapsed=13.6s -> sleep 75s
[bucket] calls=30 elapsed=13.9s -> sleep 75s
[progress] 1050/1146 recs ok=772 err=278 429=0 | earn ok=569 err=481 429=0
[bucket] calls=30 elapsed=13.9s -> sleep 75s
[bucket] calls=30 elapsed=14.1s -> sleep 75s
[bucket] calls=30 elapsed=14.7s -> sleep 75s
[bucket] calls=30 elapsed=14.3s -> sleep 75s
[progress] 1100/1146 recs ok=807 err=293 429=0 | earn ok=595 err=505 429=0
[bucket] calls=30 elapsed=13.8s -> sleep 75s
[bucket] calls=30 elapsed=13.8s -> sleep 75s
[bucket] calls=30 elapsed=14.1s -> sleep 75s
Nightly cache done.
Recs: ok=837 err=309 429=0
Earnings: ok=616 err=530 429=0
Finnhub cached under: /home/runner/work/data_cache/data_cache/data_cache/finnhub_recs/2026-04-25/ and /latest/
Earnings cached under: /home/runner/work/data_cache/data_cache/data_cache/earnings/2026-04-25/ and /latest/
Macro cached under: /home/runner/work/data_cache/data_cache/data_cache/macro_calendar/macro_calendar.csv
Log saved: /home/runner/work/data_cache/data_cache/logs/nightly_cache_2026-04-25T105227Z.log
