Nightly cache start: 2026-04-01T110608Z
REPO_ROOT: /home/runner/work/data_cache/data_cache
DATA_CACHE_DIR: /home/runner/work/data_cache/data_cache/data_cache
Symbols sources: ['sp500_constituents.csv', 'nasdaq100_with_baseline.csv', 'custom_universe_with_sector_baselines.csv', 'russell1000_universe.csv']
FINNHUB key present: True len=40
Rate limit config: MAX_CALLS_PER_MIN=30 SLEEP_ON_MINUTE=75s
YFinance available: True
Macro calendar saved: /home/runner/work/data_cache/data_cache/data_cache/macro_calendar/macro_calendar.csv rows=57 years=[2026, 2027]
Total symbols to cache: 1146
[bucket] calls=30 elapsed=15.6s -> sleep 75s
[bucket] calls=30 elapsed=14.0s -> sleep 75s
[bucket] calls=30 elapsed=14.0s -> sleep 75s
[progress] 50/1146 recs ok=42 err=8 429=0 | earn ok=36 err=14 429=0
[bucket] calls=30 elapsed=14.2s -> sleep 75s
[bucket] calls=30 elapsed=14.4s -> sleep 75s
[bucket] calls=30 elapsed=14.8s -> sleep 75s
[progress] 100/1146 recs ok=76 err=24 429=0 | earn ok=68 err=32 429=0
[bucket] calls=30 elapsed=13.7s -> sleep 75s
[bucket] calls=30 elapsed=13.5s -> sleep 75s
[bucket] calls=30 elapsed=14.0s -> sleep 75s
[progress] 150/1146 recs ok=116 err=34 429=0 | earn ok=105 err=45 429=0
[bucket] calls=30 elapsed=14.8s -> sleep 75s
[bucket] calls=30 elapsed=14.8s -> sleep 75s
[bucket] calls=30 elapsed=14.8s -> sleep 75s
[bucket] calls=30 elapsed=14.1s -> sleep 75s
[progress] 200/1146 recs ok=154 err=46 429=0 | earn ok=140 err=60 429=0
[bucket] calls=30 elapsed=15.3s -> sleep 75s
[bucket] calls=30 elapsed=15.1s -> sleep 75s
[bucket] calls=30 elapsed=14.5s -> sleep 75s
[progress] 250/1146 recs ok=191 err=59 429=0 | earn ok=173 err=77 429=0
[bucket] calls=30 elapsed=14.3s -> sleep 75s
[bucket] calls=30 elapsed=15.6s -> sleep 75s
[bucket] calls=30 elapsed=14.0s -> sleep 75s
[progress] 300/1146 recs ok=228 err=72 429=0 | earn ok=203 err=97 429=0
[bucket] calls=30 elapsed=14.9s -> sleep 75s
[bucket] calls=30 elapsed=15.2s -> sleep 75s
[bucket] calls=30 elapsed=15.7s -> sleep 75s
[bucket] calls=30 elapsed=15.0s -> sleep 75s
[progress] 350/1146 recs ok=264 err=86 429=0 | earn ok=233 err=117 429=0
[bucket] calls=30 elapsed=15.4s -> sleep 75s
[bucket] calls=30 elapsed=15.4s -> sleep 75s
[bucket] calls=30 elapsed=14.6s -> sleep 75s
[progress] 400/1146 recs ok=302 err=98 429=0 | earn ok=269 err=131 429=0
[bucket] calls=30 elapsed=16.0s -> sleep 75s
[bucket] calls=30 elapsed=17.5s -> sleep 75s
[bucket] calls=30 elapsed=15.1s -> sleep 75s
[progress] 450/1146 recs ok=336 err=114 429=0 | earn ok=299 err=151 429=0
[bucket] calls=30 elapsed=14.7s -> sleep 75s
[bucket] calls=30 elapsed=14.8s -> sleep 75s
[bucket] calls=30 elapsed=14.9s -> sleep 75s
[bucket] calls=30 elapsed=15.4s -> sleep 75s
[progress] 500/1146 recs ok=369 err=131 429=0 | earn ok=328 err=172 429=0
[bucket] calls=30 elapsed=15.7s -> sleep 75s
[bucket] calls=30 elapsed=14.6s -> sleep 75s
[bucket] calls=30 elapsed=14.6s -> sleep 75s
[progress] 550/1146 recs ok=407 err=143 429=0 | earn ok=364 err=186 429=0
[bucket] calls=30 elapsed=16.6s -> sleep 75s
[bucket] calls=30 elapsed=14.1s -> sleep 75s
[bucket] calls=30 elapsed=15.6s -> sleep 75s
[progress] 600/1146 recs ok=447 err=153 429=0 | earn ok=402 err=198 429=0
[bucket] calls=30 elapsed=15.2s -> sleep 75s
[bucket] calls=30 elapsed=16.0s -> sleep 75s
[bucket] calls=30 elapsed=17.2s -> sleep 75s
[bucket] calls=30 elapsed=16.2s -> sleep 75s
[progress] 650/1146 recs ok=482 err=168 429=0 | earn ok=433 err=217 429=0
[bucket] calls=30 elapsed=14.8s -> sleep 75s
[bucket] calls=30 elapsed=14.6s -> sleep 75s
[bucket] calls=30 elapsed=14.3s -> sleep 75s
[progress] 700/1146 recs ok=521 err=179 429=0 | earn ok=467 err=233 429=0
[bucket] calls=30 elapsed=14.4s -> sleep 75s
[bucket] calls=30 elapsed=14.6s -> sleep 75s
[bucket] calls=30 elapsed=14.2s -> sleep 75s
[progress] 750/1146 recs ok=557 err=193 429=0 | earn ok=499 err=251 429=0
[bucket] calls=30 elapsed=14.3s -> sleep 75s
[bucket] calls=30 elapsed=15.1s -> sleep 75s
[bucket] calls=30 elapsed=14.8s -> sleep 75s
[bucket] calls=30 elapsed=15.1s -> sleep 75s
[progress] 800/1146 recs ok=595 err=205 429=0 | earn ok=533 err=267 429=0
[bucket] calls=30 elapsed=14.7s -> sleep 75s
[bucket] calls=30 elapsed=14.6s -> sleep 75s
[bucket] calls=30 elapsed=14.2s -> sleep 75s
[progress] 850/1146 recs ok=629 err=221 429=0 | earn ok=562 err=288 429=0
[bucket] calls=30 elapsed=15.2s -> sleep 75s
[bucket] calls=30 elapsed=14.5s -> sleep 75s
[bucket] calls=30 elapsed=14.2s -> sleep 75s
[progress] 900/1146 recs ok=666 err=234 429=0 | earn ok=596 err=304 429=0
[bucket] calls=30 elapsed=14.9s -> sleep 75s
[bucket] calls=30 elapsed=15.1s -> sleep 75s
[bucket] calls=30 elapsed=14.7s -> sleep 75s
[bucket] calls=30 elapsed=15.0s -> sleep 75s
[progress] 950/1146 recs ok=701 err=249 429=0 | earn ok=626 err=324 429=0
[bucket] calls=30 elapsed=14.9s -> sleep 75s
[bucket] calls=30 elapsed=15.0s -> sleep 75s
[bucket] calls=30 elapsed=14.8s -> sleep 75s
[progress] 1000/1146 recs ok=736 err=264 429=0 | earn ok=658 err=342 429=0
[bucket] calls=30 elapsed=14.4s -> sleep 75s
[bucket] calls=30 elapsed=14.6s -> sleep 75s
[bucket] calls=30 elapsed=15.5s -> sleep 75s
[progress] 1050/1146 recs ok=771 err=279 429=0 | earn ok=690 err=360 429=0
[bucket] calls=30 elapsed=15.2s -> sleep 75s
[bucket] calls=30 elapsed=14.5s -> sleep 75s
[bucket] calls=30 elapsed=16.0s -> sleep 75s
[bucket] calls=30 elapsed=14.5s -> sleep 75s
[progress] 1100/1146 recs ok=806 err=294 429=0 | earn ok=724 err=376 429=0
[bucket] calls=30 elapsed=14.8s -> sleep 75s
[bucket] calls=30 elapsed=16.1s -> sleep 75s
[bucket] calls=30 elapsed=15.4s -> sleep 75s
Nightly cache done.
Recs: ok=836 err=310 429=0
Earnings: ok=748 err=398 429=0
Finnhub cached under: /home/runner/work/data_cache/data_cache/data_cache/finnhub_recs/2026-04-01/ and /latest/
Earnings cached under: /home/runner/work/data_cache/data_cache/data_cache/earnings/2026-04-01/ and /latest/
Macro cached under: /home/runner/work/data_cache/data_cache/data_cache/macro_calendar/macro_calendar.csv
Log saved: /home/runner/work/data_cache/data_cache/logs/nightly_cache_2026-04-01T110608Z.log
