Nightly cache start: 2026-03-05T105152Z
REPO_ROOT: /home/runner/work/data_cache/data_cache
DATA_CACHE_DIR: /home/runner/work/data_cache/data_cache/data_cache
Symbols sources: ['sp500_constituents.csv', 'nasdaq100_with_baseline.csv', 'custom_universe_with_sector_baselines.csv', 'russell1000_universe.csv']
FINNHUB key present: True len=40
Rate limit config: MAX_CALLS_PER_MIN=30 SLEEP_ON_MINUTE=75s
YFinance available: True
Macro calendar saved: /home/runner/work/data_cache/data_cache/data_cache/macro_calendar/macro_calendar.csv rows=57 years=[2026, 2027]
Total symbols to cache: 1146
[bucket] calls=30 elapsed=20.3s -> sleep 75s
[bucket] calls=30 elapsed=17.2s -> sleep 75s
[bucket] calls=30 elapsed=19.0s -> sleep 75s
[progress] 50/1146 recs ok=42 err=8 429=0 | earn ok=29 err=21 429=0
[bucket] calls=30 elapsed=16.3s -> sleep 75s
[bucket] calls=30 elapsed=17.8s -> sleep 75s
[bucket] calls=30 elapsed=19.0s -> sleep 75s
[progress] 100/1146 recs ok=76 err=24 429=0 | earn ok=56 err=44 429=0
[bucket] calls=30 elapsed=18.3s -> sleep 75s
[bucket] calls=30 elapsed=17.8s -> sleep 75s
[bucket] calls=30 elapsed=17.8s -> sleep 75s
[progress] 150/1146 recs ok=116 err=34 429=0 | earn ok=87 err=63 429=0
[bucket] calls=30 elapsed=19.3s -> sleep 75s
[bucket] calls=30 elapsed=17.5s -> sleep 75s
[bucket] calls=30 elapsed=17.6s -> sleep 75s
[bucket] calls=30 elapsed=17.6s -> sleep 75s
[progress] 200/1146 recs ok=154 err=46 429=0 | earn ok=118 err=82 429=0
[bucket] calls=30 elapsed=18.2s -> sleep 75s
[bucket] calls=30 elapsed=17.4s -> sleep 75s
[bucket] calls=30 elapsed=18.0s -> sleep 75s
[progress] 250/1146 recs ok=191 err=59 429=0 | earn ok=144 err=106 429=0
[bucket] calls=30 elapsed=17.4s -> sleep 75s
[bucket] calls=30 elapsed=19.0s -> sleep 75s
[bucket] calls=30 elapsed=18.4s -> sleep 75s
[progress] 300/1146 recs ok=228 err=72 429=0 | earn ok=164 err=136 429=0
[bucket] calls=30 elapsed=17.6s -> sleep 75s
[bucket] calls=30 elapsed=18.4s -> sleep 75s
[bucket] calls=30 elapsed=18.1s -> sleep 75s
[bucket] calls=30 elapsed=17.9s -> sleep 75s
[progress] 350/1146 recs ok=264 err=86 429=0 | earn ok=190 err=160 429=0
[bucket] calls=30 elapsed=18.2s -> sleep 75s
[bucket] calls=30 elapsed=18.3s -> sleep 75s
[bucket] calls=30 elapsed=18.5s -> sleep 75s
[progress] 400/1146 recs ok=302 err=98 429=0 | earn ok=222 err=178 429=0
[bucket] calls=30 elapsed=18.2s -> sleep 75s
[bucket] calls=30 elapsed=19.6s -> sleep 75s
[bucket] calls=30 elapsed=18.1s -> sleep 75s
[progress] 450/1146 recs ok=336 err=114 429=0 | earn ok=248 err=202 429=0
[bucket] calls=30 elapsed=17.3s -> sleep 75s
[bucket] calls=30 elapsed=17.8s -> sleep 75s
[bucket] calls=30 elapsed=17.4s -> sleep 75s
[bucket] calls=30 elapsed=18.0s -> sleep 75s
[progress] 500/1146 recs ok=369 err=131 429=0 | earn ok=269 err=231 429=0
[bucket] calls=30 elapsed=19.3s -> sleep 75s
[bucket] calls=30 elapsed=19.8s -> sleep 75s
[bucket] calls=30 elapsed=17.6s -> sleep 75s
[progress] 550/1146 recs ok=407 err=143 429=0 | earn ok=304 err=246 429=0
[bucket] calls=30 elapsed=18.2s -> sleep 75s
[bucket] calls=30 elapsed=18.7s -> sleep 75s
[bucket] calls=30 elapsed=16.4s -> sleep 75s
[progress] 600/1146 recs ok=447 err=153 429=0 | earn ok=334 err=266 429=0
[bucket] calls=30 elapsed=17.1s -> sleep 75s
[bucket] calls=30 elapsed=18.3s -> sleep 75s
[bucket] calls=30 elapsed=19.1s -> sleep 75s
[bucket] calls=30 elapsed=18.4s -> sleep 75s
[progress] 650/1146 recs ok=482 err=168 429=0 | earn ok=356 err=294 429=0
[bucket] calls=30 elapsed=17.7s -> sleep 75s
[bucket] calls=30 elapsed=18.4s -> sleep 75s
[bucket] calls=30 elapsed=17.6s -> sleep 75s
[progress] 700/1146 recs ok=521 err=179 429=0 | earn ok=388 err=312 429=0
[bucket] calls=30 elapsed=17.6s -> sleep 75s
[bucket] calls=30 elapsed=18.7s -> sleep 75s
[bucket] calls=30 elapsed=18.2s -> sleep 75s
[progress] 750/1146 recs ok=557 err=193 429=0 | earn ok=410 err=340 429=0
[bucket] calls=30 elapsed=18.7s -> sleep 75s
[bucket] calls=30 elapsed=18.1s -> sleep 75s
[bucket] calls=30 elapsed=18.3s -> sleep 75s
[bucket] calls=30 elapsed=30.5s -> sleep 75s
[progress] 800/1146 recs ok=595 err=205 429=0 | earn ok=440 err=360 429=0
[bucket] calls=30 elapsed=18.6s -> sleep 75s
[bucket] calls=30 elapsed=18.0s -> sleep 75s
[bucket] calls=30 elapsed=18.0s -> sleep 75s
[progress] 850/1146 recs ok=629 err=221 429=0 | earn ok=464 err=386 429=0
[bucket] calls=30 elapsed=18.0s -> sleep 75s
[bucket] calls=30 elapsed=17.2s -> sleep 75s
[bucket] calls=30 elapsed=19.2s -> sleep 75s
[progress] 900/1146 recs ok=666 err=234 429=0 | earn ok=490 err=410 429=0
[bucket] calls=30 elapsed=18.2s -> sleep 75s
[bucket] calls=30 elapsed=18.2s -> sleep 75s
[bucket] calls=30 elapsed=17.3s -> sleep 75s
[bucket] calls=30 elapsed=18.2s -> sleep 75s
[progress] 950/1146 recs ok=701 err=249 429=0 | earn ok=513 err=437 429=0
[bucket] calls=30 elapsed=102.4s -> sleep 75s
[bucket] calls=30 elapsed=19.2s -> sleep 75s
[bucket] calls=30 elapsed=19.3s -> sleep 75s
[progress] 1000/1146 recs ok=734 err=266 429=0 | earn ok=532 err=468 429=0
[bucket] calls=30 elapsed=23.2s -> sleep 75s
[bucket] calls=30 elapsed=18.3s -> sleep 75s
[bucket] calls=30 elapsed=19.4s -> sleep 75s
[progress] 1050/1146 recs ok=769 err=281 429=0 | earn ok=556 err=494 429=0
[bucket] calls=30 elapsed=18.4s -> sleep 75s
[bucket] calls=30 elapsed=18.6s -> sleep 75s
[bucket] calls=30 elapsed=18.5s -> sleep 75s
[bucket] calls=30 elapsed=18.6s -> sleep 75s
[progress] 1100/1146 recs ok=804 err=296 429=0 | earn ok=582 err=518 429=0
[bucket] calls=30 elapsed=18.6s -> sleep 75s
[bucket] calls=30 elapsed=18.3s -> sleep 75s
[bucket] calls=30 elapsed=19.0s -> sleep 75s
Nightly cache done.
Recs: ok=834 err=312 429=0
Earnings: ok=600 err=546 429=0
Finnhub cached under: /home/runner/work/data_cache/data_cache/data_cache/finnhub_recs/2026-03-05/ and /latest/
Earnings cached under: /home/runner/work/data_cache/data_cache/data_cache/earnings/2026-03-05/ and /latest/
Macro cached under: /home/runner/work/data_cache/data_cache/data_cache/macro_calendar/macro_calendar.csv
Log saved: /home/runner/work/data_cache/data_cache/logs/nightly_cache_2026-03-05T105152Z.log
