Nightly cache start: 2026-07-14T113712Z
REPO_ROOT: /home/runner/work/data_cache/data_cache
DATA_CACHE_DIR: /home/runner/work/data_cache/data_cache/data_cache
Symbols sources: ['sp500_constituents.csv', 'nasdaq100_with_baseline.csv', 'custom_universe_with_sector_baselines.csv', 'russell1000_universe.csv']
FINNHUB key present: True len=40
Rate limit config: MAX_CALLS_PER_MIN=30 SLEEP_ON_MINUTE=75s
YFinance available: True
Macro calendar saved: /home/runner/work/data_cache/data_cache/data_cache/macro_calendar/macro_calendar.csv rows=57 years=[2026, 2027]
Total symbols to cache: 1146
[bucket] calls=30 elapsed=12.4s -> sleep 75s
[bucket] calls=30 elapsed=11.5s -> sleep 75s
[bucket] calls=30 elapsed=12.2s -> sleep 75s
[progress] 50/1146 recs ok=42 err=8 429=0 | earn ok=37 err=13 429=0
[bucket] calls=30 elapsed=10.8s -> sleep 75s
[bucket] calls=30 elapsed=11.7s -> sleep 75s
[bucket] calls=30 elapsed=12.0s -> sleep 75s
[progress] 100/1146 recs ok=77 err=23 429=0 | earn ok=68 err=32 429=0
[bucket] calls=30 elapsed=12.5s -> sleep 75s
[bucket] calls=30 elapsed=10.6s -> sleep 75s
[bucket] calls=30 elapsed=11.1s -> sleep 75s
[progress] 150/1146 recs ok=116 err=34 429=0 | earn ok=106 err=44 429=0
[bucket] calls=30 elapsed=12.6s -> sleep 75s
[bucket] calls=30 elapsed=11.0s -> sleep 75s
[bucket] calls=30 elapsed=15.0s -> sleep 75s
[bucket] calls=30 elapsed=11.2s -> sleep 75s
[progress] 200/1146 recs ok=154 err=46 429=0 | earn ok=140 err=60 429=0
[bucket] calls=30 elapsed=11.2s -> sleep 75s
[bucket] calls=30 elapsed=10.4s -> sleep 75s
[bucket] calls=30 elapsed=12.2s -> sleep 75s
[progress] 250/1146 recs ok=191 err=59 429=0 | earn ok=173 err=77 429=0
[bucket] calls=30 elapsed=18.3s -> sleep 75s
[bucket] calls=30 elapsed=12.6s -> sleep 75s
[bucket] calls=30 elapsed=11.9s -> sleep 75s
[progress] 300/1146 recs ok=228 err=72 429=0 | earn ok=206 err=94 429=0
[bucket] calls=30 elapsed=11.5s -> sleep 75s
[bucket] calls=30 elapsed=12.5s -> sleep 75s
[bucket] calls=30 elapsed=11.8s -> sleep 75s
[bucket] calls=30 elapsed=11.5s -> sleep 75s
[progress] 350/1146 recs ok=264 err=86 429=0 | earn ok=237 err=113 429=0
[bucket] calls=30 elapsed=13.4s -> sleep 75s
[bucket] calls=30 elapsed=12.0s -> sleep 75s
[bucket] calls=30 elapsed=12.2s -> sleep 75s
[progress] 400/1146 recs ok=302 err=98 429=0 | earn ok=272 err=128 429=0
[bucket] calls=30 elapsed=13.3s -> sleep 75s
[bucket] calls=30 elapsed=41.9s -> sleep 75s
[bucket] calls=30 elapsed=11.5s -> sleep 75s
[progress] 450/1146 recs ok=336 err=114 429=0 | earn ok=307 err=143 429=0
[bucket] calls=30 elapsed=11.5s -> sleep 75s
[bucket] calls=30 elapsed=11.6s -> sleep 75s
[bucket] calls=30 elapsed=11.4s -> sleep 75s
[bucket] calls=30 elapsed=11.1s -> sleep 75s
[progress] 500/1146 recs ok=369 err=131 429=0 | earn ok=338 err=162 429=0
[bucket] calls=30 elapsed=12.9s -> sleep 75s
[bucket] calls=30 elapsed=11.2s -> sleep 75s
[bucket] calls=30 elapsed=11.5s -> sleep 75s
[progress] 550/1146 recs ok=407 err=143 429=0 | earn ok=375 err=175 429=0
[bucket] calls=30 elapsed=45.0s -> sleep 75s
[bucket] calls=30 elapsed=41.8s -> sleep 75s
[bucket] calls=30 elapsed=11.7s -> sleep 75s
[progress] 600/1146 recs ok=447 err=153 429=0 | earn ok=413 err=187 429=0
[bucket] calls=30 elapsed=12.1s -> sleep 75s
[bucket] calls=30 elapsed=12.3s -> sleep 75s
[bucket] calls=30 elapsed=12.4s -> sleep 75s
[bucket] calls=30 elapsed=12.8s -> sleep 75s
[progress] 650/1146 recs ok=482 err=168 429=0 | earn ok=446 err=204 429=0
[bucket] calls=30 elapsed=12.9s -> sleep 75s
[bucket] calls=30 elapsed=12.9s -> sleep 75s
[bucket] calls=30 elapsed=11.7s -> sleep 75s
[progress] 700/1146 recs ok=521 err=179 429=0 | earn ok=481 err=219 429=0
[bucket] calls=30 elapsed=11.7s -> sleep 75s
[bucket] calls=30 elapsed=12.5s -> sleep 75s
[bucket] calls=30 elapsed=11.6s -> sleep 75s
[progress] 750/1146 recs ok=557 err=193 429=0 | earn ok=512 err=238 429=0
[bucket] calls=30 elapsed=11.4s -> sleep 75s
[bucket] calls=30 elapsed=12.0s -> sleep 75s
[bucket] calls=30 elapsed=11.7s -> sleep 75s
[bucket] calls=30 elapsed=12.3s -> sleep 75s
[progress] 800/1146 recs ok=596 err=204 429=0 | earn ok=547 err=253 429=0
[bucket] calls=30 elapsed=11.4s -> sleep 75s
[bucket] calls=30 elapsed=11.4s -> sleep 75s
[bucket] calls=30 elapsed=12.2s -> sleep 75s
[progress] 850/1146 recs ok=630 err=220 429=0 | earn ok=580 err=270 429=0
[bucket] calls=30 elapsed=38.1s -> sleep 75s
[bucket] calls=30 elapsed=12.8s -> sleep 75s
[bucket] calls=30 elapsed=12.8s -> sleep 75s
[progress] 900/1146 recs ok=667 err=233 429=0 | earn ok=614 err=286 429=0
[bucket] calls=30 elapsed=13.2s -> sleep 75s
[bucket] calls=30 elapsed=71.8s -> sleep 75s
[bucket] calls=30 elapsed=12.2s -> sleep 75s
[bucket] calls=30 elapsed=14.2s -> sleep 75s
[progress] 950/1146 recs ok=702 err=248 429=0 | earn ok=646 err=304 429=0
[bucket] calls=30 elapsed=11.8s -> sleep 75s
[bucket] calls=30 elapsed=12.4s -> sleep 75s
[bucket] calls=30 elapsed=12.8s -> sleep 75s
[progress] 1000/1146 recs ok=737 err=263 429=0 | earn ok=678 err=322 429=0
[bucket] calls=30 elapsed=11.8s -> sleep 75s
[bucket] calls=30 elapsed=12.1s -> sleep 75s
[bucket] calls=30 elapsed=12.5s -> sleep 75s
[progress] 1050/1146 recs ok=772 err=278 429=0 | earn ok=712 err=338 429=0
[bucket] calls=30 elapsed=13.1s -> sleep 75s
[bucket] calls=30 elapsed=12.9s -> sleep 75s
[bucket] calls=30 elapsed=12.9s -> sleep 75s
[bucket] calls=30 elapsed=12.1s -> sleep 75s
[progress] 1100/1146 recs ok=807 err=293 429=0 | earn ok=745 err=355 429=0
[bucket] calls=30 elapsed=12.7s -> sleep 75s
[bucket] calls=30 elapsed=44.6s -> sleep 75s
[bucket] calls=30 elapsed=12.7s -> sleep 75s
Nightly cache done.
Recs: ok=837 err=309 429=0
Earnings: ok=770 err=376 429=0
Finnhub cached under: /home/runner/work/data_cache/data_cache/data_cache/finnhub_recs/2026-07-14/ and /latest/
Earnings cached under: /home/runner/work/data_cache/data_cache/data_cache/earnings/2026-07-14/ and /latest/
Macro cached under: /home/runner/work/data_cache/data_cache/data_cache/macro_calendar/macro_calendar.csv
Log saved: /home/runner/work/data_cache/data_cache/logs/nightly_cache_2026-07-14T113712Z.log
